Sender: LSF System <lsfadmin@lxbatch636>
Subject: Job 550434: <lu133_97> Done

Job <lu133_97> was submitted from host <lxplus029> by user <skluth>.
Job was executed on host(s) <lxbatch636>, in queue <1nh>, as user <skluth>.
</afs/cern.ch/user/s/skluth> was used as the home directory.
</afs/cern.ch/user/s/skluth/w0/qcd/qcdntuple> was used as the working directory.
Started at Tue Oct 29 13:36:55 2002
Results reported at Tue Oct 29 14:33:27 2002

Your job looked like:

------------------------------------------------------------
# LSBATCH: User input
------------------------------------------------------------

Successfully completed.

Resource usage summary:

    CPU time   :   2070.20 sec.
    Max Memory :        14 MB
    Max Swap   :        34 MB

    Max Processes  :         6

The output (if any) follows:

@(#)CERN job starter 2.15 29/08/2002
Working directory is </pool/lsf/skluth/550434> on <lxbatch636>

job starts: Tue Oct 29 13:37:09 CET 2002
Using executeable /afs/cern.ch/user/s/skluth/w0/qcd/qcdntuple/bin/qqlumi.run
 CUINIT-   1- W      Dummy version of CUINIT called.
 FBKEY -   1- I      FFREAD cards initialised for FB Vn 423 / 1995
 FBINIT-   2- I      Pi = 3.141593 1./Sqrt(2.) = 0.707107
 FBINIT-   1- I      FB processor Vn 415.4  initialised
 FDLSTA-   1- I      Initialised
 ODFDIN-   1- I      Initialised
 ODDDAR-   2- I      Removing ECON from  CTRK block  data definition
 ODDDAR-   2- I      Removing ECO2 from  CTRK block  data definition
 ODDDAR-   2- I      Removing FMOM from  CTRK block  data definition
 ODDDAR-   2- I      Removing DIST from  CTRK block  data definition
 ODDDAR-   2- I      Removing ECOR from  CTRK block  data definition
 ODDDAI-   2- I      Removing NBEC from  CTRK block  data definition
 ODDDAR-   2- I      Removing CDST from  ECAL block  data definition
 ODDDAR-   2- I      Removing DFSB from  ECAL block  data definition
 DCDEFI-   2- I      Redefining OD pointers for version 420
 BTINIT-   1- W      Dummy version of BTINIT  called
 MTINIT-   1- I      Dummy was called

 ------------------------------------------------------------------------------
 -----                                                                    -----
 -----                  ROPE Version 420 sub-version   3                  -----
 -----      Library was created on  21022, Modifications dated  21021     -----
 -----                                                                    -----
 -----             The overall ROPE code version is :    2897             -----
 -----                                                                    -----
 -----       It is now 1337 on  21029, The processors available are:      -----
 -----     FD433/01 ; Library dated  20626, Modification dated  20626     -----
 -----     OD420/01 ; Library dated  20626, Modification dated  20626     -----
 -----     OU225/01 ; Library dated  20627, Modification dated  20626     -----
 -----     OC520/01 ; Library dated  20626, Modification dated  20626     -----
 -----     TR217/01 ; Library dated  20627, Modification dated  20626     -----
 -----     SU213/01 ; Library dated  20627, Modification dated  20626     -----
 -----     DC420/01 ; Library dated  20627, Modification dated  20626     -----
 -----     SW115/01 ; Library dated  20627, Modification dated  20626     -----
 -----     PX116/01 ; Library dated  20627, Modification dated  20626     -----
 -----                                                                    -----
 ------------------------------------------------------------------------------

 ROPINI-   1- I      Dummies called for  GR ON TT FI SC CV JC CZ CT DX CX SI
 ROPINI-   1- I      Dummies called for  CS TB PB EB PE TE EE EM HB HE HP HM
 ROPINI-   1- I      Dummies called for  MB ME MM LM CE DD LL LA OP ID GC HI
 ROPINI-   1- I      Dummies called for  WW
1           USER'S DIRECTIVES TO RUN THIS JOB
            ----------------------------------


 ***** DATA CARD CONTENT     LIST                                                                            
 ***** DATA CARD CONTENT     C Input file definitions:                                                       
 ***** DATA CARD CONTENT    *CATFILE 'CDST' 'IN  ' 31 8100 'LI  ' 7='CSDST/PASS7/FYZ1/P87'                  
 ***** DATA CARD CONTENT     C Calibration file definitions:                                                 
 RSCATA-   3- I      Read catalog on default unit 51
                             1 --> /castor/cern.ch/opal/csdst/pass7/fyz1/p87/r08590c01
                             2 --> /castor/cern.ch/opal/csdst/pass7/fyz1/p87/r08592c01
                             3 --> /castor/cern.ch/opal/csdst/pass7/fyz1/p87/r08595c01
                             4 --> /castor/cern.ch/opal/csdst/pass7/fyz1/p87/r08597c01
                             5 --> /castor/cern.ch/opal/csdst/pass7/fyz1/p87/r08598c01
                             6 --> /castor/cern.ch/opal/csdst/pass7/fyz1/p87/r08599c01
                             7 --> /castor/cern.ch/opal/csdst/pass7/fyz1/p87/r08602c01
                             8 --> /castor/cern.ch/opal/csdst/pass7/fyz1/p87/r08604c01
                             9 --> /castor/cern.ch/opal/csdst/pass7/fyz1/p87/r08608c01
                            10 --> /castor/cern.ch/opal/csdst/pass7/fyz1/p87/r08610c01
                            11 --> /castor/cern.ch/opal/csdst/pass7/fyz1/p87/r08612c01
                            12 --> /castor/cern.ch/opal/csdst/pass7/fyz1/p87/r08620c01
                            13 --> /castor/cern.ch/opal/csdst/pass7/fyz1/p87/r08622c01
                            14 --> /castor/cern.ch/opal/csdst/pass7/fyz1/p87/r08624c01
                            15 --> /castor/cern.ch/opal/csdst/pass7/fyz1/p87/r08630c01
                            16 --> /castor/cern.ch/opal/csdst/pass7/fyz1/p87/r08632c01
                            17 --> /castor/cern.ch/opal/csdst/pass7/fyz1/p87/r08635c01
                            18 --> /castor/cern.ch/opal/csdst/pass7/fyz1/p87/r08637c01
                            19 --> /castor/cern.ch/opal/csdst/pass7/fyz1/p87/r08639c01
                            20 --> /castor/cern.ch/opal/csdst/pass7/fyz1/p87/r08641c01
                            21 --> /castor/cern.ch/opal/csdst/pass7/fyz1/p87/r08642c01
                            22 --> /castor/cern.ch/opal/csdst/pass7/fyz1/p87/r08643c01
                            23 --> /castor/cern.ch/opal/csdst/pass7/fyz1/p87/r08644c01
                            24 --> /castor/cern.ch/opal/csdst/pass7/fyz1/p87/r08646c01
                            25 --> /castor/cern.ch/opal/csdst/pass7/fyz1/p87/r08648c01
                            26 --> /castor/cern.ch/opal/csdst/pass7/fyz1/p87/r08652c01
                            27 --> /castor/cern.ch/opal/csdst/pass7/fyz1/p87/r08654c01
 ***** DATA CARD CONTENT    *FILE 'CAL ' 'IN  ' 90 0 '    ' 'EX13'                                          
 ***** DATA CARD CONTENT      '/afs/cern.ch/opal/opcal/db/opalcal.rzexp13'                                   
 ***** DATA CARD CONTENT    *FILE 'CAL ' 'IN  ' 89 0 '    ' 'EX12'                                          
 ***** DATA CARD CONTENT      '/afs/cern.ch/opal/opcal/db/opalcal.rzexp12'                                   
 ***** DATA CARD CONTENT    *FILE 'CAL ' 'IN  ' 88 0 '    ' 'EX11'                                          
 ***** DATA CARD CONTENT      '/afs/cern.ch/opal/opcal/db/opalcal.rzexp11'                                   
 ***** DATA CARD CONTENT    *FILE 'CAL ' 'IN  ' 87 0 '    ' 'EX10'                                          
 ***** DATA CARD CONTENT      '/afs/cern.ch/opal/opcal/db/opalcal.rzexp10'                                   
 ***** DATA CARD CONTENT    *FILE 'CAL ' 'IN  ' 86 0 '    ' 'EX09'                                          
 ***** DATA CARD CONTENT      '/afs/cern.ch/opal/opcal/db/opalcal.rzexp9'                                    
 ***** DATA CARD CONTENT    *FILE 'CAL ' 'IN  ' 85 0 '    ' 'EX08'                                          
 ***** DATA CARD CONTENT      '/afs/cern.ch/opal/opcal/db/opalcal.rzexp8'                                    
 ***** DATA CARD CONTENT    *FILE 'CAL ' 'IN  ' 84 0 '    ' 'EX07'                                          
 ***** DATA CARD CONTENT      '/afs/cern.ch/opal/opcal/db/opalcal.rzexp7'                                    
 ***** DATA CARD CONTENT    *FILE 'CAL ' 'IN  ' 83 0 '    ' 'EX06'                                          
 ***** DATA CARD CONTENT      '/afs/cern.ch/opal/opcal/db/opalcal.rzexp6'                                    
 ***** DATA CARD CONTENT    *FILE 'CAL ' 'IN  ' 82 0 '    ' 'EX05'                                          
 ***** DATA CARD CONTENT      '/afs/cern.ch/opal/opcal/db/opalcal.rzexp5'                                    
 ***** DATA CARD CONTENT    *FILE 'CAL ' 'IN  ' 81 0 '    ' 'EX04'                                          
 ***** DATA CARD CONTENT      '/afs/cern.ch/opal/opcal/db/opalcal.rzexp4'                                    
 ***** DATA CARD CONTENT    *FILE 'CAL ' 'IN  ' 80 0 '    ' 'EX03'                                          
 ***** DATA CARD CONTENT      '/afs/cern.ch/opal/opcal/db/opalcal.rzexp3'                                    
 ***** DATA CARD CONTENT     C Other file definitions:                                                       
 ***** DATA CARD CONTENT    *FILE 'HIST' 'OUT ' 44 7='./lu133_97.histo'                                     
 ***** DATA CARD CONTENT     C QL private cards:                                                             
 ***** DATA CARD CONTENT     QLELOW 129000 135000 160000 170000 180000 188000                                
 ***** DATA CARD CONTENT     QLEHIG 131000 137000 162000 173000 184500 190000                                
 ***** DATA CARD CONTENT     C Rope cards:                                                                   
 ***** DATA CARD CONTENT     NOEBUPDT 1                                                                      
 ***** DATA CARD CONTENT     TRIGGER   1  999999999                                                          
 ***** DATA CARD CONTENT     TSAFE 20.                                                                       
 ***** DATA CARD CONTENT     C Last card:                                                                    
 ***** DATA CARD CONTENT     STOP                                                                            
 RIOSET-   1- I      Set environment variable STAGE_HOST to opal001d
 RIOSET-   3- I      Set environment variable STAGE_POOL to opalstage
 ROCAPS-   2- I      Prestaging   27 castor files
 ROOFLX: Processing file /castor/cern.ch/opal/csdst/pass7/fyz1/p87/r08590c01 on unit 31 as OLD
 ROOFLX: Processing file /afs/cern.ch/opal/opcal/db/opalcal.rzexp13 on unit 90 as OLD
 ROOFLX: Processing file /afs/cern.ch/opal/opcal/db/opalcal.rzexp12 on unit 89 as OLD
 ROOFLX: Processing file /afs/cern.ch/opal/opcal/db/opalcal.rzexp11 on unit 88 as OLD
 ROOFLX: Processing file /afs/cern.ch/opal/opcal/db/opalcal.rzexp10 on unit 87 as OLD
 ROOFLX: Processing file /afs/cern.ch/opal/opcal/db/opalcal.rzexp9 on unit 86 as OLD
 ROOFLX: Processing file /afs/cern.ch/opal/opcal/db/opalcal.rzexp8 on unit 85 as OLD
 ROOFLX: Processing file /afs/cern.ch/opal/opcal/db/opalcal.rzexp7 on unit 84 as OLD
 ROOFLX: Processing file /afs/cern.ch/opal/opcal/db/opalcal.rzexp6 on unit 83 as OLD
 ROOFLX: Processing file /afs/cern.ch/opal/opcal/db/opalcal.rzexp5 on unit 82 as OLD
 ROOFLX: Processing file /afs/cern.ch/opal/opcal/db/opalcal.rzexp4 on unit 81 as OLD
 ROOFLX: Processing file /afs/cern.ch/opal/opcal/db/opalcal.rzexp3 on unit 80 as OLD
 ROOFLX: Processing file /afs/cern.ch/opal/offline/db/sudb.rzdata on unit 55 as OLD
 ROOPEN-  15- I       SUDB database last updated 20010409 154700
 ROOPEN-  12- I      Trying to delete the histogram file: ./lu133_97.histo
 ROOPEN-  11- I      Opening the histogram file: ./lu133_97.histo
 FBSETR-   1- I      FB processor Vn 419.1  setup
 DCSETR-   8- I      Loading all dictionaries in/afs/cern.ch/opal/offline/db/dicts
 Looking for all dictionaries in directory /afs/cern.ch/opal/offline/db/dicts                                              
 Found 16 of them
 DCSETR-  10- I      DD package is NOT loaded. No DD unpack
 USSETR: energy bins in MeV:
 Bin  1:  129000 -  131000
 Bin  2:  135000 -  137000
 Bin  3:  160000 -  162000
 Bin  4:  170000 -  173000
 Bin  5:  180000 -  184500
 Bin  6:  188000 -  190000
 ROCRST-   1- I      SW-lumi selection will be done from header bit data

 ------------------------------------------------------------------------------
 -----                                                                    -----
 -----                          ROPE Event loop                           -----
 -----                          ---------------                           -----
 -----                                                                    -----
 -----  |->|- Read a new event: call USHEAD for user selection.           -----
 -----  |->|- (unpack the compressed data if necessary)                   -----
 -----  |  |                                                              -----
 -----  |  |- Call user routine USBAT with argument -2                    -----
 -----  |  |- Call user routine USBAT with argument IIFDAC                -----
 -----  |  |                                                              -----
 -----  |  |- Call OD processor                                           -----
 -----  |  |                                                              -----
 -----  |  |- Call user routine USBAT with argument IIFODC                -----
 -----  |  |                                                              -----
 -----  |  |- Call ODTOSI Phi only                                        -----
 -----  |  |                                                              -----
 -----  |  |- Call user routine USBAT with argument 0 (Zero)              -----
 -----  |  |                                                              -----
 -----  |  |                                                              -----
 -----  |<-|- Write event structure to output streams.                    -----
 -----                                                                    -----
 ------------------------------------------------------------------------------
 TRCALR-   5- I      TRCT bank lifted by TRCALR
 ASHEAD-  11- W      Event is not TKMH
 ASHEAD-  21- W      CJ Status < 3
 ASHEAD-  31- W      Event failes detector status cuts
 ROLUFD-   1- I       FD luminosity calculation last updated 02-Apr-98
 SULUIN-   1- I        3 Luminosity directories identified for Expt   9
 SULUDB-   1- I      Initialised
 SUPASS-   1- I      Data from expt 9 rope version 2508 is PASS 4
 SULURD-   1- W      Using LUFDX09P03       directory for pass   4 data
 ROLUFD-  92- W      Setting CORI = 1. for Ebeam =      91.36
 ROLUFD-             Lu/Event at   91.361 :-     0.312694
                         3.1200 +- 0.0470 nb , corrections for s, E, If are     1.025098    0.999909    1.000000
 QLROCR-  20- I      In energy bin
 RGETDA-   7- W      Junk event on input, skip it
 RGETDA-   7- W      Junk event on input, skip it
 RGETDA-   7- W      Junk event on input, skip it
 RGETDA-   7- W      Junk event on input, skip it
 RGETDA-   7- W      Junk event on input, skip it
 RGETDA-   7- W      Junk event on input, skip it
 RGETDA-   7- W      Junk event on input, skip it
 RGETDA-   7- W      Junk event on input, skip it
 RGETDA-   7- W      Junk event on input, skip it
 REPORT-I- The following message was issued    10 times and will be suppressed :
 RGETDA-   7- W      Junk event on input, skip it
 RGETDA-   3- I      Constants record found on input
 RGETCN-   1- I      Calibration constants read on data stream.
 DCREAD-   1- I      Automatically loading dictionary /afs/cern.ch/opal/offline/db/dicts/dc415.dict
 DCRDIC-   8- I      Reading first  dictionary (OD415 version  1)
 DCDEFI-   2- I      Redefining OD pointers for version 415
 ODDDAR-   2- I      Removing ECON from  CTRK block  data definition
 ODDDAR-   2- I      Removing ECO2 from  CTRK block  data definition
 REPORT-I- The following message was issued    10 times and will be suppressed :
 ODDDAR-   2- I      Removing FMOM from  CTRK block  data definition
 ODDDAI-   2- I      Removing NBEC from  CTRK block  data definition
 ODDDAI-   2- I      Removing NBEC from  CTRK block  data definition
 DCRDIC-  10- I      Dictionary loaded ok
 TRCALR-   5- I      TRCT bank lifted by TRCALR
 ASHEAD-  11- W      Event is not TKMH
 SUPASS-   1- I      Data from expt 9 rope version 2835 is PASS 4
 SULURD-   1- W      Using LUFDX09P03       directory for pass   4 data
 ROLUFD-  92- W      Setting CORI = 1. for Ebeam =      64.99
 QLROCR-  20- I      In energy bin
 ASHEAD-  11- W      Event is not TKMH
 SUPASS-   1- I      Data from expt 9 rope version 2508 is PASS 4
 QLROCR-  20- I      In energy bin
 ASHEAD-  11- W      Event is not TKMH
 QLROCR-  20- I      In energy bin
 ASHEAD-  11- W      Event is not TKMH
 SUPASS-   1- I      Data from expt 9 rope version 2835 is PASS 4
 QLROCR-  20- I      In energy bin
 ASHEAD-  11- W      Event is not TKMH
 QLROCR-  20- I      In energy bin
 ASHEAD-  11- W      Event is not TKMH
 SUPASS-   1- I      Data from expt 9 rope version 2508 is PASS 4
 QLROCR-  20- I      In energy bin
 ASHEAD-  11- W      Event is not TKMH
 QLROCR-  20- I      In energy bin
 ASHEAD-  11- W      Event is not TKMH
 QLROCR-  20- I      In energy bin
 REPORT-I- The following message was issued    10 times and will be suppressed :
 ASHEAD-  11- W      Event is not TKMH
 REPORT-I- The following message was issued    10 times and will be suppressed :
 QLROCR-  20- I      In energy bin
 ROLUSW-   1- I       SW luminosity last updated 15-Mar-2001 Analysis from DST?       F
 ROSWTC-   2- I       SW luminosity last updated 15-Mar-2001
 ROSWTC-   4- I       Lum. Tilt corr.1,run/sample:  8820   16 is:   1.00703001
 ROSWTC-   4- I       Lum. Tilt corr.2,run/sample:  8820   16 is:   1.00703001
 ROSWTC-   4- I       Lum. Tilt corr.3,run/sample:  8820   16 is:   1.00703001
 ROLUSW-   6- I       LSWITx,XSEC,ECMS,TLTFAC,INTFAC       F   36.882000  182.663849    1.007030    1.000000
 ROLUSW-   6- I       LSWITx,XSEC,ECMS,TLTFAC,INTFAC       F   36.484001  182.663849    1.007030    1.000000
 ROLUSW-   6- I       LSWITx,XSEC,ECMS,TLTFAC,INTFAC       F   36.484001  182.663849    1.007030    1.000000
 ROLUSW-   6- I       LSWITx,XSEC,ECMS,TLTFAC,INTFAC       F   36.882000  182.663849    1.007030    1.000000
 ROLUSW-   6- I       LSWITx,XSEC,ECMS,TLTFAC,INTFAC       F   36.484001  182.663849    1.007030    1.000000
 ROLUSW-   6- I       LSWITx,XSEC,ECMS,TLTFAC,INTFAC       F   36.484001  182.663849    1.007030    1.000000
 SULURD-   1- W      Using LUFDX09P03       directory for pass   4 data
 ROLUFD-  92- W      Setting CORI = 1. for Ebeam =      91.33
 ROLUSW-   6- I       LSWITx,XSEC,ECMS,TLTFAC,INTFAC       F   36.882000  182.663849    1.007030    1.000000
 ROLUSW-   6- I       LSWITx,XSEC,ECMS,TLTFAC,INTFAC       F   36.484001  182.663849    1.007030    1.000000
 ROLUSW-   6- I       LSWITx,XSEC,ECMS,TLTFAC,INTFAC       F   36.484001  182.663849    1.007030    1.000000
 REPORT-I- The following message was issued    10 times and will be suppressed :
 ROLUSW-   6- I       LSWITx,XSEC,ECMS,TLTFAC,INTFAC       F   36.882000  182.663849    1.007030    1.000000
 SULURD-   1- W      Using LUFDX09P03       directory for pass   4 data
 ROLUFD-  92- W      Setting CORI = 1. for Ebeam =      64.99
 SUPASS-   1- I      Data from expt 9 rope version 2835 is PASS 4
 SUPASS-   1- I      Data from expt 9 rope version 2508 is PASS 4
 SULURD-   1- W      Using LUFDX09P03       directory for pass   4 data
 ROLUFD-  92- W      Setting CORI = 1. for Ebeam =      91.33
 SUPASS-   1- I      Data from expt 9 rope version 2835 is PASS 4
 SUPASS-   1- I      Data from expt 9 rope version 2508 is PASS 4
 REPORT-I- The following message was issued    10 times and will be suppressed :
 SUPASS-   1- I      Data from expt 9 rope version 2835 is PASS 4
 SULURD-   1- W      Using LUFDX09P03       directory for pass   4 data
 ROLUFD-  92- W      Setting CORI = 1. for Ebeam =      64.99
 SULURD-   1- W      Using LUFDX09P03       directory for pass   4 data
 ROLUFD-  92- W      Setting CORI = 1. for Ebeam =      91.33
 SULURD-   1- W      Using LUFDX09P03       directory for pass   4 data
 ROLUFD-  92- W      Setting CORI = 1. for Ebeam =      64.99
 ROSWTC-   4- I       Lum. Tilt corr.1,run/sample:  8590   15 is:   1.00299895
 ROSWTC-   4- I       Lum. Tilt corr.2,run/sample:  8590   15 is:   1.00299895
 ROSWTC-   4- I       Lum. Tilt corr.3,run/sample:  8590   15 is:   1.00299895
 ROSWTC-   4- I       Lum. Tilt corr.1,run/sample:  8820   16 is:   1.00770473
 ROSWTC-   4- I       Lum. Tilt corr.2,run/sample:  8820   16 is:   1.00770473
 ROSWTC-   4- I       Lum. Tilt corr.3,run/sample:  8820   16 is:   1.00770473
 SULURD-   1- W      Using LUFDX09P03       directory for pass   4 data
 ROLUFD-  92- W      Setting CORI = 1. for Ebeam =      91.33
 REPORT-I- The following message was issued    10 times and will be suppressed :
 SULURD-   1- W      Using LUFDX09P03       directory for pass   4 data
 REPORT-I- The following message was issued    10 times and will be suppressed :
 ROLUFD-  92- W      Setting CORI = 1. for Ebeam =      64.99
 REPORT-I- The following message was issued    10 times and will be suppressed :
 ROSWTC-   4- I       Lum. Tilt corr.1,run/sample:  8590   15 is:   1.00299895
 RGETDA-   1- E      Unexpected record on Data stream!
 ROCROS-   3- W       Called with TRUE arg twice in same event and sum:    1
 ROCROS-   3- W       Called with TRUE arg twice in same event and sum:    3
 ROCROS-   3- W       Called with TRUE arg twice in same event and sum:    4
 ROTRIG-   2- I      End-Of-Run record          on unit  31
 ROTRIG-   3- I      End-Of-File                on unit  31
 ROTRIG-   5- I      Attempt to read beyond EOD on unit  31
 USEOF -   1- I      Dummy version of USEOF  called
 ROOFLX: Processing file /castor/cern.ch/opal/csdst/pass7/fyz1/p87/r08592c01 on unit 31 as OLD
 RGETDA-   3- I      Constants record found on input
 RGETCN-   1- I      Calibration constants read on data stream.
 TRCALR-   5- I      TRCT bank lifted by TRCALR
 ROTRIG-   2- I      End-Of-Run record          on unit  31
 ROTRIG-   3- I      End-Of-File                on unit  31
 ROTRIG-   5- I      Attempt to read beyond EOD on unit  31
 USEOF -   1- I      Dummy version of USEOF  called
 ROOFLX: Processing file /castor/cern.ch/opal/csdst/pass7/fyz1/p87/r08595c01 on unit 31 as OLD
 ASHEAD-  21- W      CJ Status < 3
 ASHEAD-  31- W      Event failes detector status cuts
 RGETDA-   3- I      Constants record found on input
 RGETCN-   1- I      Calibration constants read on data stream.
 TRCALR-   5- I      TRCT bank lifted by TRCALR
 ROTRIG-   2- I      End-Of-Run record          on unit  31
 ROTRIG-   3- I      End-Of-File                on unit  31
 ROTRIG-   5- I      Attempt to read beyond EOD on unit  31
 USEOF -   1- I      Dummy version of USEOF  called
 ROOFLX: Processing file /castor/cern.ch/opal/csdst/pass7/fyz1/p87/r08597c01 on unit 31 as OLD
 ASHEAD-  21- W      CJ Status < 3
 ASHEAD-  31- W      Event failes detector status cuts
 ASHEAD-  21- W      CJ Status < 3
 ASHEAD-  31- W      Event failes detector status cuts
 RGETDA-   3- I      Constants record found on input
 RGETCN-   1- I      Calibration constants read on data stream.
 TRCALR-   5- I      TRCT bank lifted by TRCALR
 ASHEAD-  21- W      CJ Status < 3
 ASHEAD-  24- W      EB Status < 3
 ASHEAD-  25- W      EE Status < 3
 ASHEAD-  31- W      Event failes detector status cuts
 ROTRIG-   2- I      End-Of-Run record          on unit  31
 ROTRIG-   3- I      End-Of-File                on unit  31
 ROTRIG-   5- I      Attempt to read beyond EOD on unit  31
 USEOF -   1- I      Dummy version of USEOF  called
 ROOFLX: Processing file /castor/cern.ch/opal/csdst/pass7/fyz1/p87/r08598c01 on unit 31 as OLD
 RGETDA-   3- I      Constants record found on input
 RGETCN-   1- I      Calibration constants read on data stream.
 TRCALR-   5- I      TRCT bank lifted by TRCALR
 ROTRIG-   2- I      End-Of-Run record          on unit  31
 ROTRIG-   3- I      End-Of-File                on unit  31
 ROTRIG-   5- I      Attempt to read beyond EOD on unit  31
 USEOF -   1- I      Dummy version of USEOF  called
 ROOFLX: Processing file /castor/cern.ch/opal/csdst/pass7/fyz1/p87/r08599c01 on unit 31 as OLD
 RGETDA-   3- I      Constants record found on input
 RGETCN-   1- I      Calibration constants read on data stream.
 TRCALR-   5- I      TRCT bank lifted by TRCALR
 ROTRIG-   2- I      End-Of-Run record          on unit  31
 ROTRIG-   3- I      End-Of-File                on unit  31
 ROTRIG-   5- I      Attempt to read beyond EOD on unit  31
 USEOF -   1- I      Dummy version of USEOF  called
 ROOFLX: Processing file /castor/cern.ch/opal/csdst/pass7/fyz1/p87/r08602c01 on unit 31 as OLD
 ASHEAD-  21- W      CJ Status < 3
 ASHEAD-  31- W      Event failes detector status cuts
 RGETDA-   3- I      Constants record found on input
 RGETCN-   1- I      Calibration constants read on data stream.
 TRCALR-   5- I      TRCT bank lifted by TRCALR
 ASHEAD-  21- W      CJ Status < 3
 ASHEAD-  31- W      Event failes detector status cuts
 RGETDA-   3- I      Constants record found on input
 RGETCN-   1- I      Calibration constants read on data stream.
 TRCALR-   5- I      TRCT bank lifted by TRCALR
 ASHEAD-  24- W      EB Status < 3
 ASHEAD-  31- W      Event failes detector status cuts
 ASHEAD-  24- W      EB Status < 3
 ASHEAD-  31- W      Event failes detector status cuts
 ASHEAD-  24- W      EB Status < 3
 REPORT-I- The following message was issued    10 times and will be suppressed :
 ASHEAD-  31- W      Event failes detector status cuts
 ASHEAD-  24- W      EB Status < 3
 ASHEAD-  24- W      EB Status < 3
 ASHEAD-  24- W      EB Status < 3
 ASHEAD-  24- W      EB Status < 3
 ASHEAD-  24- W      EB Status < 3
 REPORT-I- The following message was issued    10 times and will be suppressed :
 ASHEAD-  24- W      EB Status < 3
 ROTRIG-   2- I      End-Of-Run record          on unit  31
 ROTRIG-   3- I      End-Of-File                on unit  31
 ROTRIG-   5- I      Attempt to read beyond EOD on unit  31
 USEOF -   1- I      Dummy version of USEOF  called
 ROOFLX: Processing file /castor/cern.ch/opal/csdst/pass7/fyz1/p87/r08604c01 on unit 31 as OLD
 RGETDA-   3- I      Constants record found on input
 RGETCN-   1- I      Calibration constants read on data stream.
 REPORT-I- The following message was issued    10 times and will be suppressed :
 TRCALR-   5- I      TRCT bank lifted by TRCALR
 ASHEAD-  21- W      CJ Status < 3
 ASHEAD-  21- W      CJ Status < 3
 REPORT-I- The following message was issued    10 times and will be suppressed :
 ASHEAD-  21- W      CJ Status < 3
 ROTRIG-   2- I      End-Of-Run record          on unit  31
 ROTRIG-   3- I      End-Of-File                on unit  31
 ROTRIG-   5- I      Attempt to read beyond EOD on unit  31
 USEOF -   1- I      Dummy version of USEOF  called
 ROOFLX: Processing file /castor/cern.ch/opal/csdst/pass7/fyz1/p87/r08608c01 on unit 31 as OLD
 REPORT-I- The following message was issued    10 times and will be suppressed :
 RGETDA-   3- I      Constants record found on input
 REPORT-I- The following message was issued    10 times and will be suppressed :
 RGETCN-   1- I      Calibration constants read on data stream.
 ROTRIG-   2- I      End-Of-Run record          on unit  31
 ROTRIG-   3- I      End-Of-File                on unit  31
 ROTRIG-   5- I      Attempt to read beyond EOD on unit  31
 USEOF -   1- I      Dummy version of USEOF  called
 ROOFLX: Processing file /castor/cern.ch/opal/csdst/pass7/fyz1/p87/r08610c01 on unit 31 as OLD
 REPORT-I- The following message was issued    10 times and will be suppressed :
 ROTRIG-   2- I      End-Of-Run record          on unit  31
 REPORT-I- The following message was issued    10 times and will be suppressed :
 ROTRIG-   3- I      End-Of-File                on unit  31
 REPORT-I- The following message was issued    10 times and will be suppressed :
 ROTRIG-   5- I      Attempt to read beyond EOD on unit  31
 REPORT-I- The following message was issued    10 times and will be suppressed :
 USEOF -   1- I      Dummy version of USEOF  called
 ROOFLX: Processing file /castor/cern.ch/opal/csdst/pass7/fyz1/p87/r08612c01 on unit 31 as OLD
 ROOFLX: Processing file /castor/cern.ch/opal/csdst/pass7/fyz1/p87/r08620c01 on unit 31 as OLD
 ASHEAD-  25- W      EE Status < 3
 ROOFLX: Processing file /castor/cern.ch/opal/csdst/pass7/fyz1/p87/r08622c01 on unit 31 as OLD
 ROOFLX: Processing file /castor/cern.ch/opal/csdst/pass7/fyz1/p87/r08624c01 on unit 31 as OLD
 ASHEAD-  25- W      EE Status < 3
 ROOFLX: Processing file /castor/cern.ch/opal/csdst/pass7/fyz1/p87/r08630c01 on unit 31 as OLD
 ROOFLX: Processing file /castor/cern.ch/opal/csdst/pass7/fyz1/p87/r08632c01 on unit 31 as OLD
 ROOFLX: Processing file /castor/cern.ch/opal/csdst/pass7/fyz1/p87/r08635c01 on unit 31 as OLD
 ROOFLX: Processing file /castor/cern.ch/opal/csdst/pass7/fyz1/p87/r08637c01 on unit 31 as OLD
 ASHEAD-  25- W      EE Status < 3
 ROOFLX: Processing file /castor/cern.ch/opal/csdst/pass7/fyz1/p87/r08639c01 on unit 31 as OLD
 ASHEAD-  25- W      EE Status < 3
 ASHEAD-  25- W      EE Status < 3
 ASHEAD-  25- W      EE Status < 3
 ASHEAD-  25- W      EE Status < 3
 ASHEAD-  25- W      EE Status < 3
 REPORT-I- The following message was issued    10 times and will be suppressed :
 ASHEAD-  25- W      EE Status < 3
 ASHEAD-  26- W      At least two of TT, TB, EM triggers not OK, reject
 ASHEAD-  26- W      At least two of TT, TB, EM triggers not OK, reject
 ASHEAD-  26- W      At least two of TT, TB, EM triggers not OK, reject
 ASHEAD-  26- W      At least two of TT, TB, EM triggers not OK, reject
 ASHEAD-  26- W      At least two of TT, TB, EM triggers not OK, reject
 ASHEAD-  26- W      At least two of TT, TB, EM triggers not OK, reject
 ASHEAD-  26- W      At least two of TT, TB, EM triggers not OK, reject
 ASHEAD-  26- W      At least two of TT, TB, EM triggers not OK, reject
 ROOFLX: Processing file /castor/cern.ch/opal/csdst/pass7/fyz1/p87/r08641c01 on unit 31 as OLD
 ROOFLX: Processing file /castor/cern.ch/opal/csdst/pass7/fyz1/p87/r08642c01 on unit 31 as OLD
 ROOFLX: Processing file /castor/cern.ch/opal/csdst/pass7/fyz1/p87/r08643c01 on unit 31 as OLD
 ROOFLX: Processing file /castor/cern.ch/opal/csdst/pass7/fyz1/p87/r08644c01 on unit 31 as OLD
 ROOFLX: Processing file /castor/cern.ch/opal/csdst/pass7/fyz1/p87/r08646c01 on unit 31 as OLD
 ROOFLX: Processing file /castor/cern.ch/opal/csdst/pass7/fyz1/p87/r08648c01 on unit 31 as OLD
 ROOFLX: Processing file /castor/cern.ch/opal/csdst/pass7/fyz1/p87/r08652c01 on unit 31 as OLD
 ROOFLX: Processing file /castor/cern.ch/opal/csdst/pass7/fyz1/p87/r08654c01 on unit 31 as OLD
 ROOPEN-   1- I      No more input files
 ROFIN -   1- I       Number of events processed  =       0
 CUFIN -   1- W      Dummy version of CUFIN called.
 FDLSTA-   9- I      Bhabha Statistics


          ******************************************************************************************
          *                                                *                   *                   *
          *                  CUBED                         *     Default       *     Actual        *
          *                   cut                          *      Value        *      Value        *
          *                                                *                   *                   *
          ******************************************************************************************
          *                                                *                   *                   *
          *                            Ebar / Ebeam        *         0.6667    *         0.6667    *
          *                                                *                   *                   *
          *                            Abs DPhi            *        20.0000    *        20.0000    *
          *                                                *                   *                   *
          *                            Phi (quad )         *        15.0000    *        15.0000    *
          *                                                *                   *                   *
          *                            Theta min           *         0.0550    *         0.0550    *
          *                                                *                   *                   *
          *                            Theta max           *         0.1150    *         0.1150    *
          *                                                *                   *                   *
          *                            Theta bar min       *         0.0650    *         0.0650    *
          *                                                *                   *                   *
          *                            Theta bar max       *         0.1050    *         0.1050    *
          *                                                *                   *                   *
          *                            Theta use Calo      *         0.0000    *         0.0000    *
          *                                                *                   *                   *
          *                            Dphi Tube-Calo      *         6.0000    *         6.0000    *
          *                                                *                   *                   *
          *                            Eclus / Ebeam       *         0.4500    *         0.4500    *
          *                                                *                   *                   *
          ******************************************************************************************
  
 USFIN: header lumi analysis
  
 USFIN: QLPRNT, total raw for this run:
 QLPRNT: all, SW ok, MHAD ok, SW ok && MHAD ok events:
  1151373.  1078044.  2146.  2044.
 Eff(SW ok)=  0.9363E+00 +/-  0.2276E-03
 Eff(SW ok && MHAD ok)=  0.9525E+00 +/-  0.4593E-02

 ******************************************************************************
                   ***** Summary of ROCROS, sum number  1 *****
 ******************************************************************************
 Total number of times ROCROS was called with .TRUE. argument is:  1151372
 FD or SW were good for   1151330 events
 ******************************************************************************
         Class           SW ok              SW ok  and FD ok   SW bad and FD ok
 ******************************************************************************
  Number of num. events       1078043            1077919              73287
 ******************************************************************************
  Number of SWITA evts          24818              24811                  0
  SWITA integrated lumi      5755.91542         5754.31280            0.00000
  Syst error on SWITA l      5755.91542         5754.31280            0.00000
  Stat error on SWITA l        36.58286           36.57784            0.00000
  SW lumi-w mean ebeam         66.77700           66.77712            0.00000
  Sy. er. SW l-w mea eb         0.00661            0.00661            0.00000
  St. er. SW l-w mea eb         0.01104            0.01105            0.00000
  SW lumi-w eb spread           1.73759            1.73764            0.00000
  St. er. SW l-w eb spr         0.00781            0.00781            0.00000
 ******************************************************************************
  Number of SW RL evts         24539.0            24532.5                0.0
  SW RL integrated lumi      5753.28450         5751.77567            0.00000
  Syst error on SW RL l        20.13650           20.13122            0.00000
  Stat error on SW RL l        36.77354           36.76877            0.00000
  SW lumi-w mean ebeam         66.77712           66.77721            0.00000
  Sy. er. SW l-w mea eb         0.00661            0.00661            0.00000
  St. er. SW l-w mea eb         0.01112            0.01113            0.00000
  SW lumi-w eb spread           1.74046            1.74052            0.00000
  St. er. SW l-w eb spr         0.00787            0.00787            0.00000
 ******************************************************************************
  Number of FD events               0              34065               1480
  FD integrated lumi            0.00000         5713.02536          236.59644
  Syst error on FD lumi         0.00000           86.26347            3.57249
  Stat error on FD lumi         0.00000           30.99822            6.15136
  FD lumi-w mean ebeam          0.00000           66.80177           65.15843
  Sy. er. FD l-w mea eb         0.00000            0.00661            0.00645
  St. er. FD l-w mea eb         0.00000            0.01025            0.01801
  FD lumi-w eb spread           0.00000            1.88994            0.69267
  St. er. FD l-w eb spr         0.00000            0.00725            0.01273
 ******************************************************************************

 USFIN: QLPRNT, events not in energy bins:
 USFIN: ROCROS sum 2 not filled
 USFIN: QLPRNT (raw), energy bin  1: 129000 -  131000
 QLPRNT: all, SW ok, MHAD ok, SW ok && MHAD ok events:
  533371.  463453.  1041.  945.
 Eff(SW ok)=  0.8689E+00 +/-  0.4621E-03
 Eff(SW ok && MHAD ok)=  0.9078E+00 +/-  0.8968E-02

 ******************************************************************************
                   ***** Summary of ROCROS, sum number  3 *****
 ******************************************************************************
 Total number of times ROCROS was called with .TRUE. argument is:   533370
 FD or SW were good for    533335 events
 ******************************************************************************
         Class           SW ok              SW ok  and FD ok   SW bad and FD ok
 ******************************************************************************
  Number of num. events        463452             463382              69883
 ******************************************************************************
  Number of SWITA evts          10789              10785                  0
  SWITA integrated lumi      2374.76712         2373.88673            0.00000
  Syst error on SWITA l      2374.76712         2373.88673            0.00000
  Stat error on SWITA l        22.86285           22.85862            0.00000
  SW lumi-w mean ebeam         64.99066           64.99065            0.00000
  Sy. er. SW l-w mea eb         0.00643            0.00643            0.00000
  St. er. SW l-w mea eb         0.00007            0.00007            0.00000
  SW lumi-w eb spread           0.00681            0.00682            0.00000
  St. er. SW l-w eb spr         0.00005            0.00005            0.00000
 ******************************************************************************
  Number of SW RL evts         10670.0            10666.5                0.0
  SW RL integrated lumi      2374.19418         2373.41546            0.00000
  Syst error on SW RL l         8.30968            8.30695            0.00000
  Stat error on SW RL l        22.98445           22.98068            0.00000
  SW lumi-w mean ebeam         64.99065           64.99065            0.00000
  Sy. er. SW l-w mea eb         0.00643            0.00643            0.00000
  St. er. SW l-w mea eb         0.00007            0.00007            0.00000
  SW lumi-w eb spread           0.00683            0.00683            0.00000
  St. er. SW l-w eb spr         0.00005            0.00005            0.00000
 ******************************************************************************
  Number of FD events               0              14776               1403
  FD integrated lumi            0.00000         2350.75690          223.19462
  Syst error on FD lumi         0.00000           35.49530            3.37013
  Stat error on FD lumi         0.00000           19.33879            5.95875
  FD lumi-w mean ebeam          0.00000           64.99062           64.98876
  Sy. er. FD l-w mea eb         0.00000            0.00643            0.00643
  St. er. FD l-w mea eb         0.00000            0.00006            0.00013
  FD lumi-w eb spread           0.00000            0.00688            0.00478
  St. er. FD l-w eb spr         0.00000            0.00004            0.00009
 ******************************************************************************

 USFIN: QLPRNT, energy bin  1: 129000 -  131000
 QLPRNT: all, SW ok, MHAD ok, SW ok && MHAD ok events:
  531022.  461165.  1041.  945.
 Eff(SW ok)=  0.8684E+00 +/-  0.4638E-03
 Eff(SW ok && MHAD ok)=  0.9078E+00 +/-  0.8968E-02

 ******************************************************************************
                   ***** Summary of ROCROS, sum number  4 *****
 ******************************************************************************
 Total number of times ROCROS was called with .TRUE. argument is:   531021
 FD or SW were good for    530992 events
 ******************************************************************************
         Class           SW ok              SW ok  and FD ok   SW bad and FD ok
 ******************************************************************************
  Number of num. events        461164             461134              69828
 ******************************************************************************
  Number of SWITA evts          10753              10750                  0
  SWITA integrated lumi      2366.84266         2366.18240            0.00000
  Syst error on SWITA l      2366.84266         2366.18240            0.00000
  Stat error on SWITA l        22.82467           22.82149            0.00000
  SW lumi-w mean ebeam         64.99066           64.99066            0.00000
  Sy. er. SW l-w mea eb         0.00643            0.00643            0.00000
  St. er. SW l-w mea eb         0.00007            0.00007            0.00000
  SW lumi-w eb spread           0.00682            0.00683            0.00000
  St. er. SW l-w eb spr         0.00005            0.00005            0.00000
 ******************************************************************************
  Number of SW RL evts         10634.5            10632.0                0.0
  SW RL integrated lumi      2366.29455         2365.73835            0.00000
  Syst error on SW RL l         8.28203            8.28008            0.00000
  Stat error on SW RL l        22.94617           22.94348            0.00000
  SW lumi-w mean ebeam         64.99065           64.99065            0.00000
  Sy. er. SW l-w mea eb         0.00643            0.00643            0.00000
  St. er. SW l-w mea eb         0.00007            0.00007            0.00000
  SW lumi-w eb spread           0.00684            0.00684            0.00000
  St. er. SW l-w eb spr         0.00005            0.00005            0.00000
 ******************************************************************************
  Number of FD events               0              14749               1403
  FD integrated lumi            0.00000         2346.46137          223.19462
  Syst error on FD lumi         0.00000           35.43044            3.37013
  Stat error on FD lumi         0.00000           19.32111            5.95875
  FD lumi-w mean ebeam          0.00000           64.99062           64.98876
  Sy. er. FD l-w mea eb         0.00000            0.00643            0.00643
  St. er. FD l-w mea eb         0.00000            0.00006            0.00013
  FD lumi-w eb spread           0.00000            0.00689            0.00478
  St. er. FD l-w eb spr         0.00000            0.00004            0.00009
 ******************************************************************************

 USFIN: QLPRNT (raw), energy bin  2: 135000 -  137000
 QLPRNT: all, SW ok, MHAD ok, SW ok && MHAD ok events:
  616082.  612679.  1104.  1098.
 Eff(SW ok)=  0.9945E+00 +/-  0.9443E-04
 Eff(SW ok && MHAD ok)=  0.9946E+00 +/-  0.2213E-02

 ******************************************************************************
                   ***** Summary of ROCROS, sum number  5 *****
 ******************************************************************************
 Total number of times ROCROS was called with .TRUE. argument is:   616082
 FD or SW were good for    616075 events
 ******************************************************************************
         Class           SW ok              SW ok  and FD ok   SW bad and FD ok
 ******************************************************************************
  Number of num. events        612679             612625               3396
 ******************************************************************************
  Number of SWITA evts          14010              14007                  0
  SWITA integrated lumi      3372.92422         3372.20199            0.00000
  Syst error on SWITA l      3372.92422         3372.20199            0.00000
  Stat error on SWITA l        28.49624           28.49319            0.00000
  SW lumi-w mean ebeam         67.97484           67.97484            0.00000
  Sy. er. SW l-w mea eb         0.00673            0.00673            0.00000
  St. er. SW l-w mea eb         0.00018            0.00018            0.00000
  SW lumi-w eb spread           0.02122            0.02122            0.00000
  St. er. SW l-w eb spr         0.00013            0.00013            0.00000
 ******************************************************************************
  Number of SW RL evts         13850.0            13847.0                0.0
  SW RL integrated lumi      3370.77637         3370.04626            0.00000
  Syst error on SW RL l        11.79772           11.79516            0.00000
  Stat error on SW RL l        28.64212           28.63902            0.00000
  SW lumi-w mean ebeam         67.97485           67.97485            0.00000
  Sy. er. SW l-w mea eb         0.00673            0.00673            0.00000
  St. er. SW l-w mea eb         0.00018            0.00018            0.00000
  SW lumi-w eb spread           0.02121            0.02121            0.00000
  St. er. SW l-w eb spr         0.00013            0.00013            0.00000
 ******************************************************************************
  Number of FD events               0              19246                 77
  FD integrated lumi            0.00000         3348.83103           13.40182
  Syst error on FD lumi         0.00000           50.56574            0.20236
  Stat error on FD lumi         0.00000           24.13921            1.52728
  FD lumi-w mean ebeam          0.00000           67.97470           67.98413
  Sy. er. FD l-w mea eb         0.00000            0.00673            0.00673
  St. er. FD l-w mea eb         0.00000            0.00015            0.00078
  FD lumi-w eb spread           0.00000            0.02127            0.00687
  St. er. FD l-w eb spr         0.00000            0.00011            0.00055
 ******************************************************************************

 USFIN: QLPRNT, energy bin  2: 135000 -  137000
 QLPRNT: all, SW ok, MHAD ok, SW ok && MHAD ok events:
  615072.  611678.  1104.  1098.
 Eff(SW ok)=  0.9945E+00 +/-  0.9446E-04
 Eff(SW ok && MHAD ok)=  0.9946E+00 +/-  0.2213E-02

 ******************************************************************************
                   ***** Summary of ROCROS, sum number  6 *****
 ******************************************************************************
 Total number of times ROCROS was called with .TRUE. argument is:   615072
 FD or SW were good for    615069 events
 ******************************************************************************
         Class           SW ok              SW ok  and FD ok   SW bad and FD ok
 ******************************************************************************
  Number of num. events        611678             611643               3391
 ******************************************************************************
  Number of SWITA evts          13986              13984                  0
  SWITA integrated lumi      3367.14509         3366.66373            0.00000
  Syst error on SWITA l      3367.14509         3366.66373            0.00000
  Stat error on SWITA l        28.47182           28.46978            0.00000
  SW lumi-w mean ebeam         67.97482           67.97483            0.00000
  Sy. er. SW l-w mea eb         0.00673            0.00673            0.00000
  St. er. SW l-w mea eb         0.00018            0.00018            0.00000
  SW lumi-w eb spread           0.02123            0.02123            0.00000
  St. er. SW l-w eb spr         0.00013            0.00013            0.00000
 ******************************************************************************
  Number of SW RL evts         13826.0            13824.0                0.0
  SW RL integrated lumi      3364.93430         3364.44768            0.00000
  Syst error on SW RL l        11.77727           11.77557            0.00000
  Stat error on SW RL l        28.61728           28.61521            0.00000
  SW lumi-w mean ebeam         67.97485           67.97485            0.00000
  Sy. er. SW l-w mea eb         0.00673            0.00673            0.00000
  St. er. SW l-w mea eb         0.00018            0.00018            0.00000
  SW lumi-w eb spread           0.02123            0.02122            0.00000
  St. er. SW l-w eb spr         0.00013            0.00013            0.00000
 ******************************************************************************
  Number of FD events               0              19200                 77
  FD integrated lumi            0.00000         3340.82546           13.40182
  Syst error on FD lumi         0.00000           50.44486            0.20236
  Stat error on FD lumi         0.00000           24.11034            1.52728
  FD lumi-w mean ebeam          0.00000           67.97469           67.98413
  Sy. er. FD l-w mea eb         0.00000            0.00673            0.00673
  St. er. FD l-w mea eb         0.00000            0.00015            0.00078
  FD lumi-w eb spread           0.00000            0.02130            0.00687
  St. er. FD l-w eb spr         0.00000            0.00011            0.00055
 ******************************************************************************

 USFIN: QLPRNT (raw), energy bin  3: 160000 -  162000
 USFIN: ROCROS sum  7 not filled
 USFIN: QLPRNT, energy bin  3: 160000 -  162000
 USFIN: ROCROS sum  8 not filled
 USFIN: QLPRNT (raw), energy bin  4: 170000 -  173000
 USFIN: ROCROS sum  9 not filled
 USFIN: QLPRNT, energy bin  4: 170000 -  173000
 USFIN: ROCROS sum  10 not filled
 USFIN: QLPRNT (raw), energy bin  5: 180000 -  184500
 QLPRNT: all, SW ok, MHAD ok, SW ok && MHAD ok events:
  1920.  1912.  1.  1.
 Eff(SW ok)=  0.9958E+00 +/-  0.1470E-02
 Eff(SW ok && MHAD ok)=  0.1000E+01 +/-  0.0000E+00

 ******************************************************************************
                   ***** Summary of ROCROS, sum number 11 *****
 ******************************************************************************
 Total number of times ROCROS was called with .TRUE. argument is:     1920
 FD or SW were good for      1920 events
 ******************************************************************************
         Class           SW ok              SW ok  and FD ok   SW bad and FD ok
 ******************************************************************************
  Number of num. events          1912               1912                  8
 ******************************************************************************
  Number of SWITA evts             19                 19                  0
  SWITA integrated lumi         8.22408            8.22408            0.00000
  Syst error on SWITA l         8.22408            8.22408            0.00000
  Stat error on SWITA l         1.88673            1.88673            0.00000
  SW lumi-w mean ebeam         91.33192           91.33192            0.00000
  Sy. er. SW l-w mea eb         0.00904            0.00904            0.00000
  St. er. SW l-w mea eb         0.00000            0.00000            0.00000
  SW lumi-w eb spread           0.00000            0.00000            0.00000
  St. er. SW l-w eb spr         0.00000            0.00000            0.00000
 ******************************************************************************
  Number of SW RL evts            19.0               19.0                0.0
  SW RL integrated lumi         8.31394            8.31394            0.00000
  Syst error on SW RL l         0.02910            0.02910            0.00000
  Stat error on SW RL l         1.90735            1.90735            0.00000
  SW lumi-w mean ebeam         91.33192           91.33192            0.00000
  Sy. er. SW l-w mea eb         0.00904            0.00904            0.00000
  St. er. SW l-w mea eb         0.00000            0.00000            0.00000
  SW lumi-w eb spread           0.00000            0.00000            0.00000
  St. er. SW l-w eb spr         0.00000            0.00000            0.00000
 ******************************************************************************
  Number of FD events               0                 43                  0
  FD integrated lumi            0.00000           13.43743            0.00000
  Syst error on FD lumi         0.00000            0.20242            0.00000
  Stat error on FD lumi         0.00000            2.04919            0.00000
  FD lumi-w mean ebeam          0.00000           91.33192            0.00000
  Sy. er. FD l-w mea eb         0.00000            0.00904            0.00000
  St. er. FD l-w mea eb         0.00000            0.00000            0.00000
  FD lumi-w eb spread           0.00000            0.00000            0.00000
  St. er. FD l-w eb spr         0.00000            0.00000            0.00000
 ******************************************************************************

 USFIN: QLPRNT, energy bin  5: 180000 -  184500
 QLPRNT: all, SW ok, MHAD ok, SW ok && MHAD ok events:
  1919.  1912.  1.  1.
 Eff(SW ok)=  0.9964E+00 +/-  0.1376E-02
 Eff(SW ok && MHAD ok)=  0.1000E+01 +/-  0.0000E+00

 ******************************************************************************
                   ***** Summary of ROCROS, sum number 12 *****
 ******************************************************************************
 Total number of times ROCROS was called with .TRUE. argument is:     1919
 FD or SW were good for      1919 events
 ******************************************************************************
         Class           SW ok              SW ok  and FD ok   SW bad and FD ok
 ******************************************************************************
  Number of num. events          1912               1912                  7
 ******************************************************************************
  Number of SWITA evts             19                 19                  0
  SWITA integrated lumi         8.22408            8.22408            0.00000
  Syst error on SWITA l         8.22408            8.22408            0.00000
  Stat error on SWITA l         1.88673            1.88673            0.00000
  SW lumi-w mean ebeam         91.33192           91.33192            0.00000
  Sy. er. SW l-w mea eb         0.00904            0.00904            0.00000
  St. er. SW l-w mea eb         0.00000            0.00000            0.00000
  SW lumi-w eb spread           0.00000            0.00000            0.00000
  St. er. SW l-w eb spr         0.00000            0.00000            0.00000
 ******************************************************************************
  Number of SW RL evts            19.0               19.0                0.0
  SW RL integrated lumi         8.31394            8.31394            0.00000
  Syst error on SW RL l         0.02910            0.02910            0.00000
  Stat error on SW RL l         1.90735            1.90735            0.00000
  SW lumi-w mean ebeam         91.33192           91.33192            0.00000
  Sy. er. SW l-w mea eb         0.00904            0.00904            0.00000
  St. er. SW l-w mea eb         0.00000            0.00000            0.00000
  SW lumi-w eb spread           0.00000            0.00000            0.00000
  St. er. SW l-w eb spr         0.00000            0.00000            0.00000
 ******************************************************************************
  Number of FD events               0                 43                  0
  FD integrated lumi            0.00000           13.43743            0.00000
  Syst error on FD lumi         0.00000            0.20242            0.00000
  Stat error on FD lumi         0.00000            2.04919            0.00000
  FD lumi-w mean ebeam          0.00000           91.33192            0.00000
  Sy. er. FD l-w mea eb         0.00000            0.00904            0.00000
  St. er. FD l-w mea eb         0.00000            0.00000            0.00000
  FD lumi-w eb spread           0.00000            0.00000            0.00000
  St. er. FD l-w eb spr         0.00000            0.00000            0.00000
 ******************************************************************************

 USFIN: QLPRNT (raw), energy bin  6: 188000 -  190000
 USFIN: ROCROS sum  13 not filled
 USFIN: QLPRNT, energy bin  6: 188000 -  190000
 USFIN: ROCROS sum  14 not filled
 ROPFIN-   1- I      Dummies called for  OD

 --------------------------- Report message summary ---------------------------

     Messages to REPORT qualified as ERRORs      :

      1 RGETDA E Unexpected record on Data stream!

     Messages to REPORT qualified as WARNINGs    :

      8 ASHEAD W At least two of TT, TB, EM triggers not OK, reject
    856 ASHEAD W EE Status < 3
   1876 ASHEAD W EB Status < 3
   3360 ASHEAD W Event failes detector status cuts
    634 ASHEAD W CJ Status < 3
 ******STOP 0 statement executed
 ASHEAD W Event is not TKMH
      1 BTINIT W Dummy version of BTINIT  called
      1 CUFIN  W Dummy version of CUFIN called.
      1 CUINIT W Dummy version of CUINIT called.
  55641 RGETDA W Junk event on input, skip it
      3 ROCROS W  Called with TRUE arg twice in same event and sum:
                   1
    767 ROLUFD W Setting CORI = 1. for Ebeam =      91.36
    326 SULURD W Using LUFDX09P03       directory for pass   4 data

     Messages to REPORT qualified as INFORMATIONs:

      2 DCDEFI I Redefining OD pointers for version 420
      1 DCRDIC I Dictionary loaded ok
      1 DCRDIC I Reading first  dictionary (OD415 version  1)
      1 DCREAD I Automatically loading dictionary /afs/cern.ch/opal/o
                 ffline/db/dicts/dc415.dict
      1 DCSETR I DD package is NOT loaded. No DD unpack
      1 DCSETR I Loading all dictionaries in/afs/cern.ch/opal/offline
                 /db/dicts
      1 FBINIT I FB processor Vn 415.4  initialised
      1 FBINIT I Pi = 3.141593 1./Sqrt(2.) = 0.707107
      1 FBKEY  I FFREAD cards initialised for FB Vn 423 / 1995
      1 FBSETR I FB processor Vn 419.1  setup
      1 FDLSTA I Bhabha Statistics
      1 FDLSTA I Initialised
      1 MTINIT I Dummy was called
      3 ODDDAI I Removing NBEC from  CTRK block  data definition
     21 ODDDAR I Removing ECON from  CTRK block  data definition
      1 ODFDIN I Initialised
 ****** QLROCR I In energy bin
     69 RGETCN I Calibration constants read on data stream.
     69 RGETDA I Constants record found on input
      1 RIOSET I Set environment variable STAGE_POOL to opalstage
      1 RIOSET I Set environment variable STAGE_HOST to opal001d
      1 ROCAPS I Prestaging   27 castor files
      1 ROCRST I SW-lumi selection will be done from header bit data
      1 ROFIN  I  Number of events processed  =       0
      1 ROLUFD I  FD luminosity calculation last updated 02-Apr-98
 ****** ROLUSW I  LSWITx,XSEC,ECMS,TLTFAC,INTFAC       F   36.882000
                  182.663849    1.007030    1.000000
      1 ROLUSW I  SW luminosity last updated 15-Mar-2001 Analysis fro
                 m DST?       F
      1 ROOPEN I No more input files
      1 ROOPEN I Opening the histogram file: ./lu133_97.histo
      1 ROOPEN I Trying to delete the histogram file: ./lu133_97.hist
                 o
      1 ROOPEN I  SUDB database last updated 20010409 154700
      1 ROPFIN I Dummies called for  OD
      4 ROPINI I Dummies called for  GR ON TT FI SC CV JC CZ CT DX CX
                  SI
    450 ROSWTC I  Lum. Tilt corr.1,run/sample:  8820   16 is:   1.007
                 03001
      1 ROSWTC I  SW luminosity last updated 15-Mar-2001
     27 ROTRIG I Attempt to read beyond EOD on unit  31
     27 ROTRIG I End-Of-File                on unit  31
     27 ROTRIG I End-Of-Run record          on unit  31
      1 RSCATA I Read catalog on default unit 51
      1 SULUDB I Initialised
      1 SULUIN I   3 Luminosity directories identified for Expt   9
 564765 SUPASS I Data from expt 9 rope version 2508 is PASS 4
     70 TRCALR I TRCT bank lifted by TRCALR
     27 USEOF  I Dummy version of USEOF  called

     Messages to REPORT qualified as SUCCESSes   :

   1843 ASHEAD S Event is TKMH
 ****** ASHEAD S Event passes detector status cuts
      2 OCGET  S Forced retrieval attempt: //EX09/TROF/TRDF
      1 RCPREP S Switching top directory name to EX09.
    327 SULUDB S New Luminosity record found
      1 TRSETR S Pre-trigger definition will be taken from OPCAL
      1 TRSETR S Trigger definition will be taken from OPCAL

  Total of     ****** SUCCESSes
               ****** INFORMATIONs
               ****** WARNINGs
                    1 ERRORs
                    0 FATALs
                    0 CRASHes

 ------------------------------------------------------------------------------

Copy lu133_97.histo to /afs/cern.ch/user/s/skluth/w0/qcd/qcdntuple/lu133_97.histo
16384 bytes in 0 seconds through local (in) and local (out)
job finished: Tue Oct 29 14:33:15 CET 2002


CERN statistics: This job used 0:41:23 NCU hours

