Sender: LSF System <lsfadmin@lxshare0297>
Subject: Job 550433: <lu133_95> Done

Job <lu133_95> was submitted from host <lxplus029> by user <skluth>.
Job was executed on host(s) <lxshare0297>, in queue <1nh>, as user <skluth>.
</afs/cern.ch/user/s/skluth> was used as the home directory.
</afs/cern.ch/user/s/skluth/w0/qcd/qcdntuple> was used as the working directory.
Started at Tue Oct 29 13:36:54 2002
Results reported at Tue Oct 29 14:29:41 2002

Your job looked like:

------------------------------------------------------------
# LSBATCH: User input
------------------------------------------------------------

Successfully completed.

Resource usage summary:

    CPU time   :   1398.08 sec.
    Max Memory :        14 MB
    Max Swap   :        34 MB

    Max Processes  :         6

The output (if any) follows:

@(#)CERN job starter 2.15 29/08/2002
Working directory is </pool/lsf/skluth/550433> on <lxshare0297>

job starts: Tue Oct 29 13:36:59 CET 2002
Using executeable /afs/cern.ch/user/s/skluth/w0/qcd/qcdntuple/bin/qqlumi.run
 CUINIT-   1- W      Dummy version of CUINIT called.
 FBKEY -   1- I      FFREAD cards initialised for FB Vn 423 / 1995
 FBINIT-   2- I      Pi = 3.141593 1./Sqrt(2.) = 0.707107
 FBINIT-   1- I      FB processor Vn 415.4  initialised
 FDLSTA-   1- I      Initialised
 ODFDIN-   1- I      Initialised
 ODDDAR-   2- I      Removing ECON from  CTRK block  data definition
 ODDDAR-   2- I      Removing ECO2 from  CTRK block  data definition
 ODDDAR-   2- I      Removing FMOM from  CTRK block  data definition
 ODDDAR-   2- I      Removing DIST from  CTRK block  data definition
 ODDDAR-   2- I      Removing ECOR from  CTRK block  data definition
 ODDDAI-   2- I      Removing NBEC from  CTRK block  data definition
 ODDDAR-   2- I      Removing CDST from  ECAL block  data definition
 ODDDAR-   2- I      Removing DFSB from  ECAL block  data definition
 DCDEFI-   2- I      Redefining OD pointers for version 420
 BTINIT-   1- W      Dummy version of BTINIT  called
 MTINIT-   1- I      Dummy was called

 ------------------------------------------------------------------------------
 -----                                                                    -----
 -----                  ROPE Version 420 sub-version   3                  -----
 -----      Library was created on  21022, Modifications dated  21021     -----
 -----                                                                    -----
 -----             The overall ROPE code version is :    2897             -----
 -----                                                                    -----
 -----       It is now 1337 on  21029, The processors available are:      -----
 -----     FD433/01 ; Library dated  20626, Modification dated  20626     -----
 -----     OD420/01 ; Library dated  20626, Modification dated  20626     -----
 -----     OU225/01 ; Library dated  20627, Modification dated  20626     -----
 -----     OC520/01 ; Library dated  20626, Modification dated  20626     -----
 -----     TR217/01 ; Library dated  20627, Modification dated  20626     -----
 -----     SU213/01 ; Library dated  20627, Modification dated  20626     -----
 -----     DC420/01 ; Library dated  20627, Modification dated  20626     -----
 -----     SW115/01 ; Library dated  20627, Modification dated  20626     -----
 -----     PX116/01 ; Library dated  20627, Modification dated  20626     -----
 -----                                                                    -----
 ------------------------------------------------------------------------------

 ROPINI-   1- I      Dummies called for  GR ON TT FI SC CV JC CZ CT DX CX SI
 ROPINI-   1- I      Dummies called for  CS TB PB EB PE TE EE EM HB HE HP HM
 ROPINI-   1- I      Dummies called for  MB ME MM LM CE DD LL LA OP ID GC HI
 ROPINI-   1- I      Dummies called for  WW
1           USER'S DIRECTIVES TO RUN THIS JOB
            ----------------------------------


 ***** DATA CARD CONTENT     LIST                                                                            
 ***** DATA CARD CONTENT     C Input file definitions:                                                       
 ***** DATA CARD CONTENT    *CATFILE 'CDST' 'IN  ' 31 8100 'LI  ' 7='CSDST/PASS7/FYZ1/P76'                  
 RSCATA-   3- I      Read catalog on default unit 51
                             1 --> /castor/cern.ch/opal/csdst/pass7/fyz1/p76/r06802c01
                             2 --> /castor/cern.ch/opal/csdst/pass7/fyz1/p76/r06803c01
                             3 --> /castor/cern.ch/opal/csdst/pass7/fyz1/p76/r06809c01
                             4 --> /castor/cern.ch/opal/csdst/pass7/fyz1/p76/r06811c01
                             5 --> /castor/cern.ch/opal/csdst/pass7/fyz1/p76/r06816c01
                             6 --> /castor/cern.ch/opal/csdst/pass7/fyz1/p76/r06818c01
                             7 --> /castor/cern.ch/opal/csdst/pass7/fyz1/p76/r06820c01
                             8 --> /castor/cern.ch/opal/csdst/pass7/fyz1/p76/r06820c02
                             9 --> /castor/cern.ch/opal/csdst/pass7/fyz1/p76/r06822c01
                            10 --> /castor/cern.ch/opal/csdst/pass7/fyz1/p76/r06824c01
                            11 --> /castor/cern.ch/opal/csdst/pass7/fyz1/p76/r06826c01
                            12 --> /castor/cern.ch/opal/csdst/pass7/fyz1/p76/r06826c02
                            13 --> /castor/cern.ch/opal/csdst/pass7/fyz1/p76/r06828c01
                            14 --> /castor/cern.ch/opal/csdst/pass7/fyz1/p76/r06832c01
                            15 --> /castor/cern.ch/opal/csdst/pass7/fyz1/p76/r06834c01
                            16 --> /castor/cern.ch/opal/csdst/pass7/fyz1/p76/r06839c01
                            17 --> /castor/cern.ch/opal/csdst/pass7/fyz1/p76/r06841c01
                            18 --> /castor/cern.ch/opal/csdst/pass7/fyz1/p76/r06841c02
                            19 --> /castor/cern.ch/opal/csdst/pass7/fyz1/p76/r06843c01
                            20 --> /castor/cern.ch/opal/csdst/pass7/fyz1/p76/r06845c01
                            21 --> /castor/cern.ch/opal/csdst/pass7/fyz1/p76/r06847c01
                            22 --> /castor/cern.ch/opal/csdst/pass7/fyz1/p76/r06849c01
                            23 --> /castor/cern.ch/opal/csdst/pass7/fyz1/p76/r06854c01
                            24 --> /castor/cern.ch/opal/csdst/pass7/fyz1/p76/r06855c01
                            25 --> /castor/cern.ch/opal/csdst/pass7/fyz1/p76/r06859c01
                            26 --> /castor/cern.ch/opal/csdst/pass7/fyz1/p76/r06861c01
                            27 --> /castor/cern.ch/opal/csdst/pass7/fyz1/p76/r06864c01
                            28 --> /castor/cern.ch/opal/csdst/pass7/fyz1/p76/r06866c01
                            29 --> /castor/cern.ch/opal/csdst/pass7/fyz1/p76/r06868c01
                            30 --> /castor/cern.ch/opal/csdst/pass7/fyz1/p76/r06870c01
                            31 --> /castor/cern.ch/opal/csdst/pass7/fyz1/p76/r06872c01
                            32 --> /castor/cern.ch/opal/csdst/pass7/fyz1/p76/r06874c01
                            33 --> /castor/cern.ch/opal/csdst/pass7/fyz1/p76/r06884c01
                            34 --> /castor/cern.ch/opal/csdst/pass7/fyz1/p76/r06886c01
                            35 --> /castor/cern.ch/opal/csdst/pass7/fyz1/p76/r06888c01
                            36 --> /castor/cern.ch/opal/csdst/pass7/fyz1/p76/r06890c01
                            37 --> /castor/cern.ch/opal/csdst/pass7/fyz1/p76/r06892c01
                            38 --> /castor/cern.ch/opal/csdst/pass7/fyz1/p76/r06894c01
                            39 --> /castor/cern.ch/opal/csdst/pass7/fyz1/p76/r06896c01
                            40 --> /castor/cern.ch/opal/csdst/pass7/fyz1/p76/r06898c01
                            41 --> /castor/cern.ch/opal/csdst/pass7/fyz1/p76/r06900c01
                            42 --> /castor/cern.ch/opal/csdst/pass7/fyz1/p76/r06902c01
                            43 --> /castor/cern.ch/opal/csdst/pass7/fyz1/p76/r06904c01
                            44 --> /castor/cern.ch/opal/csdst/pass7/fyz1/p76/r06906c01
                            45 --> /castor/cern.ch/opal/csdst/pass7/fyz1/p76/r06908c01
                            46 --> /castor/cern.ch/opal/csdst/pass7/fyz1/p76/r06910c01
                            47 --> /castor/cern.ch/opal/csdst/pass7/fyz1/p76/r06912c01
                            48 --> /castor/cern.ch/opal/csdst/pass7/fyz1/p76/r06914c01
                            49 --> /castor/cern.ch/opal/csdst/pass7/fyz1/p76/r06917c01
                            50 --> /castor/cern.ch/opal/csdst/pass7/fyz1/p76/r06919c01
                            51 --> /castor/cern.ch/opal/csdst/pass7/fyz1/p76/r06921c01
                            52 --> /castor/cern.ch/opal/csdst/pass7/fyz1/p76/r06925c01
                            53 --> /castor/cern.ch/opal/csdst/pass7/fyz1/p76/r06925c02
                            54 --> /castor/cern.ch/opal/csdst/pass7/fyz1/p76/r06927c01
                            55 --> /castor/cern.ch/opal/csdst/pass7/fyz1/p76/r06929c01
                            56 --> /castor/cern.ch/opal/csdst/pass7/fyz1/p76/r06932c01
                            57 --> /castor/cern.ch/opal/csdst/pass7/fyz1/p76/r06935c01
                            58 --> /castor/cern.ch/opal/csdst/pass7/fyz1/p76/r06935c02
                            59 --> /castor/cern.ch/opal/csdst/pass7/fyz1/p76/r06938c01
                            60 --> /castor/cern.ch/opal/csdst/pass7/fyz1/p76/r06939c01
 ***** DATA CARD CONTENT    *EVENT 6809 1 6843 9999999                                                      
 ***** DATA CARD CONTENT    *EVENT 6854 1 6939 9999999                                                      
 ***** DATA CARD CONTENT     C Calibration file definitions:                                                 
 ***** DATA CARD CONTENT    *FILE 'CAL ' 'IN  ' 90 0 '    ' 'EX13'                                          
 ***** DATA CARD CONTENT      '/afs/cern.ch/opal/opcal/db/opalcal.rzexp13'                                   
 ***** DATA CARD CONTENT    *FILE 'CAL ' 'IN  ' 89 0 '    ' 'EX12'                                          
 ***** DATA CARD CONTENT      '/afs/cern.ch/opal/opcal/db/opalcal.rzexp12'                                   
 ***** DATA CARD CONTENT    *FILE 'CAL ' 'IN  ' 88 0 '    ' 'EX11'                                          
 ***** DATA CARD CONTENT      '/afs/cern.ch/opal/opcal/db/opalcal.rzexp11'                                   
 ***** DATA CARD CONTENT    *FILE 'CAL ' 'IN  ' 87 0 '    ' 'EX10'                                          
 ***** DATA CARD CONTENT      '/afs/cern.ch/opal/opcal/db/opalcal.rzexp10'                                   
 ***** DATA CARD CONTENT    *FILE 'CAL ' 'IN  ' 86 0 '    ' 'EX09'                                          
 ***** DATA CARD CONTENT      '/afs/cern.ch/opal/opcal/db/opalcal.rzexp9'                                    
 ***** DATA CARD CONTENT    *FILE 'CAL ' 'IN  ' 85 0 '    ' 'EX08'                                          
 ***** DATA CARD CONTENT      '/afs/cern.ch/opal/opcal/db/opalcal.rzexp8'                                    
 ***** DATA CARD CONTENT    *FILE 'CAL ' 'IN  ' 84 0 '    ' 'EX07'                                          
 ***** DATA CARD CONTENT      '/afs/cern.ch/opal/opcal/db/opalcal.rzexp7'                                    
 ***** DATA CARD CONTENT    *FILE 'CAL ' 'IN  ' 83 0 '    ' 'EX06'                                          
 ***** DATA CARD CONTENT      '/afs/cern.ch/opal/opcal/db/opalcal.rzexp6'                                    
 ***** DATA CARD CONTENT    *FILE 'CAL ' 'IN  ' 82 0 '    ' 'EX05'                                          
 ***** DATA CARD CONTENT      '/afs/cern.ch/opal/opcal/db/opalcal.rzexp5'                                    
 ***** DATA CARD CONTENT    *FILE 'CAL ' 'IN  ' 81 0 '    ' 'EX04'                                          
 ***** DATA CARD CONTENT      '/afs/cern.ch/opal/opcal/db/opalcal.rzexp4'                                    
 ***** DATA CARD CONTENT    *FILE 'CAL ' 'IN  ' 80 0 '    ' 'EX03'                                          
 ***** DATA CARD CONTENT      '/afs/cern.ch/opal/opcal/db/opalcal.rzexp3'                                    
 ***** DATA CARD CONTENT     C Other file definitions:                                                       
 ***** DATA CARD CONTENT    *FILE 'HIST' 'OUT ' 44 7='./lu133_95.histo'                                     
 ***** DATA CARD CONTENT     C QL private cards:                                                             
 ***** DATA CARD CONTENT     QLELOW 129000 135000 160000 170000 180000 188000                                
 ***** DATA CARD CONTENT     QLEHIG 131000 137000 162000 173000 184500 190000                                
 ***** DATA CARD CONTENT     C Rope cards:                                                                   
 ***** DATA CARD CONTENT     NOEBUPDT 1                                                                      
 ***** DATA CARD CONTENT     TRIGGER   1  999999999                                                          
 ***** DATA CARD CONTENT     TSAFE 20.                                                                       
 ***** DATA CARD CONTENT     C Last card:                                                                    
 ***** DATA CARD CONTENT     STOP                                                                            
 RIOSET-   1- I      Set environment variable STAGE_HOST to opal001d
 RIOSET-   3- I      Set environment variable STAGE_POOL to opalstage
 ROCAPS-   2- I      Prestaging   36 castor files
 ROOFLX: Processing file /castor/cern.ch/opal/csdst/pass7/fyz1/p76/r06802c01 on unit 31 as OLD
 ROOFLX: Processing file /afs/cern.ch/opal/opcal/db/opalcal.rzexp13 on unit 90 as OLD
 ROOFLX: Processing file /afs/cern.ch/opal/opcal/db/opalcal.rzexp12 on unit 89 as OLD
 ROOFLX: Processing file /afs/cern.ch/opal/opcal/db/opalcal.rzexp11 on unit 88 as OLD
 ROOFLX: Processing file /afs/cern.ch/opal/opcal/db/opalcal.rzexp10 on unit 87 as OLD
 ROOFLX: Processing file /afs/cern.ch/opal/opcal/db/opalcal.rzexp9 on unit 86 as OLD
 ROOFLX: Processing file /afs/cern.ch/opal/opcal/db/opalcal.rzexp8 on unit 85 as OLD
 ROOFLX: Processing file /afs/cern.ch/opal/opcal/db/opalcal.rzexp7 on unit 84 as OLD
 ROOFLX: Processing file /afs/cern.ch/opal/opcal/db/opalcal.rzexp6 on unit 83 as OLD
 ROOFLX: Processing file /afs/cern.ch/opal/opcal/db/opalcal.rzexp5 on unit 82 as OLD
 ROOFLX: Processing file /afs/cern.ch/opal/opcal/db/opalcal.rzexp4 on unit 81 as OLD
 ROOFLX: Processing file /afs/cern.ch/opal/opcal/db/opalcal.rzexp3 on unit 80 as OLD
 ROOFLX: Processing file /afs/cern.ch/opal/offline/db/sudb.rzdata on unit 55 as OLD
 ROOPEN-  15- I       SUDB database last updated 20010409 154700
 ROOPEN-  12- I      Trying to delete the histogram file: ./lu133_95.histo
 ROOPEN-  11- I      Opening the histogram file: ./lu133_95.histo
 FBSETR-   1- I      FB processor Vn 419.1  setup
 DCSETR-   8- I      Loading all dictionaries in/afs/cern.ch/opal/offline/db/dicts
 Looking for all dictionaries in directory /afs/cern.ch/opal/offline/db/dicts                                              
 Found 16 of them
 DCSETR-  10- I      DD package is NOT loaded. No DD unpack
 USSETR: energy bins in MeV:
 Bin  1:  129000 -  131000
 Bin  2:  135000 -  137000
 Bin  3:  160000 -  162000
 Bin  4:  170000 -  173000
 Bin  5:  180000 -  184500
 Bin  6:  188000 -  190000
 ROCRST-   1- I      SW-lumi selection will be done from header bit data

 ------------------------------------------------------------------------------
 -----                                                                    -----
 -----                          ROPE Event loop                           -----
 -----                          ---------------                           -----
 -----                                                                    -----
 -----  |->|- Read a new event: call USHEAD for user selection.           -----
 -----  |->|- (unpack the compressed data if necessary)                   -----
 -----  |  |                                                              -----
 -----  |  |- Call user routine USBAT with argument -2                    -----
 -----  |  |- Call user routine USBAT with argument IIFDAC                -----
 -----  |  |                                                              -----
 -----  |  |- Call OD processor                                           -----
 -----  |  |                                                              -----
 -----  |  |- Call user routine USBAT with argument IIFODC                -----
 -----  |  |                                                              -----
 -----  |  |- Call ODTOSI Phi only                                        -----
 -----  |  |                                                              -----
 -----  |  |- Call user routine USBAT with argument 0 (Zero)              -----
 -----  |  |                                                              -----
 -----  |  |                                                              -----
 -----  |<-|- Write event structure to output streams.                    -----
 -----                                                                    -----
 ------------------------------------------------------------------------------
 DCREAD-   1- I      Automatically loading dictionary /afs/cern.ch/opal/offline/db/dicts/dc413.dict
 DCRDIC-   8- I      Reading first  dictionary (OD413 version  2)
 DCDEFI-   2- I      Redefining OD pointers for version 413
 ODDDAR-   2- I      Removing ECON from  CTRK block  data definition
 ODDDAR-   2- I      Removing ECO2 from  CTRK block  data definition
 REPORT-I- The following message was issued    10 times and will be suppressed :
 ODDDAR-   2- I      Removing FMOM from  CTRK block  data definition
 ODDDAI-   2- I      Removing NBEC from  CTRK block  data definition
 ODDDAI-   2- I      Removing TPD1 from  GNRL block  data definition
 ODDDAI-   2- I      Removing TPD2 from  GNRL block  data definition
 ODDDAI-   2- I      Removing TRPU from  GNRL block  data definition
 ODDDAI-   2- I      Removing NBEC from  CTRK block  data definition
 DCRDIC-  10- I      Dictionary loaded ok
 ROTRIG-   2- I      End-Of-Run record          on unit  31
 ROTRIG-   3- I      End-Of-File                on unit  31
 ROTRIG-   5- I      Attempt to read beyond EOD on unit  31
 USEOF -   1- I      Dummy version of USEOF  called
 ROOFLX: Processing file /castor/cern.ch/opal/csdst/pass7/fyz1/p76/r06803c01 on unit 31 as OLD
 ROTRIG-   2- I      End-Of-Run record          on unit  31
 ROTRIG-   3- I      End-Of-File                on unit  31
 ROTRIG-   5- I      Attempt to read beyond EOD on unit  31
 USEOF -   1- I      Dummy version of USEOF  called
 ROOFLX: Processing file /castor/cern.ch/opal/csdst/pass7/fyz1/p76/r06809c01 on unit 31 as OLD
 TRCALR-   5- I      TRCT bank lifted by TRCALR
 ASHEAD-  11- W      Event is not TKMH
 ASHEAD-  21- W      CJ Status < 3
 ASHEAD-  31- W      Event failes detector status cuts
 ROLUSW-   1- I       SW luminosity last updated 15-Mar-2001 Analysis from DST?       F
 ROSWTC-   2- I       SW luminosity last updated 15-Mar-2001
 ROSWTC-   4- I       Lum. Tilt corr.1,run/sample:  6809   10 is:   1.00267005
 ROSWTC-   4- I       Lum. Tilt corr.2,run/sample:  6809   10 is:   1.00267005
 ROSWTC-   4- I       Lum. Tilt corr.3,run/sample:  6809   10 is:   1.00267005
 ROLUSW-   6- I       LSWITx,XSEC,ECMS,TLTFAC,INTFAC       F   79.330002  130.250000    1.002670    1.000000
 ROLUSW-   6- I       LSWITx,XSEC,ECMS,TLTFAC,INTFAC       F   78.808998  130.250000    1.002670    1.000000
 ROLUSW-   6- I       LSWITx,XSEC,ECMS,TLTFAC,INTFAC       F   78.808998  130.250000    1.002670    1.000000
 ROLUSW-   6- I       LSWITx,XSEC,ECMS,TLTFAC,INTFAC       F   79.330002  130.250000    1.002670    1.000000
 ROLUSW-   6- I       LSWITx,XSEC,ECMS,TLTFAC,INTFAC       F   78.808998  130.250000    1.002670    1.000000
 ROLUSW-   6- I       LSWITx,XSEC,ECMS,TLTFAC,INTFAC       F   78.808998  130.250000    1.002670    1.000000
 ROLUFD-   1- I       FD luminosity calculation last updated 02-Apr-98
 SULUIN-   1- I        0 Luminosity directories identified for Expt   7
 SULUDB-  90- E      No SULU data found
 SUFDLU-   1- I       FD luminosity parameters last updated 12-May-97
 SUPASS-   1- I      Data from expt 7 rope version 2403 is PASS 7
 SUFDLU-   3- I       Run, Pass, Bin      6809   7   6
 SUFDLU-  16- I      LuBit,XEb, Xsec, Syserr, PTPerr at  65.12 :-    3   65.000000    6.059000    0.006000    0.004400
 ROLUFD-  92- W      Setting CORI = 1. for Ebeam =      65.12
 ROLUFD-             Lu/Event at   65.125 :-     0.165678
                         6.0590 +- 0.0364 nb , corrections for s, E, If are     0.996165    1.000009    1.000000
 QLROCR-  20- I      In energy bin
 ROLUSW-   6- I       LSWITx,XSEC,ECMS,TLTFAC,INTFAC       F   79.330002  130.250000    1.002670    1.000000
 ROLUSW-   6- I       LSWITx,XSEC,ECMS,TLTFAC,INTFAC       F   78.808998  130.250000    1.002670    1.000000
 ROLUSW-   6- I       LSWITx,XSEC,ECMS,TLTFAC,INTFAC       F   78.808998  130.250000    1.002670    1.000000
 REPORT-I- The following message was issued    10 times and will be suppressed :
 ROLUSW-   6- I       LSWITx,XSEC,ECMS,TLTFAC,INTFAC       F   79.330002  130.250000    1.002670    1.000000
 ASHEAD-  11- W      Event is not TKMH
 ASHEAD-  21- W      CJ Status < 3
 ASHEAD-  31- W      Event failes detector status cuts
 QLROCR-  20- I      In energy bin
 ASHEAD-  11- W      Event is not TKMH
 ASHEAD-  21- W      CJ Status < 3
 ASHEAD-  31- W      Event failes detector status cuts
 QLROCR-  20- I      In energy bin
 ASHEAD-  11- W      Event is not TKMH
 ASHEAD-  21- W      CJ Status < 3
 ASHEAD-  31- W      Event failes detector status cuts
 QLROCR-  20- I      In energy bin
 ASHEAD-  11- W      Event is not TKMH
 ASHEAD-  21- W      CJ Status < 3
 ASHEAD-  31- W      Event failes detector status cuts
 QLROCR-  20- I      In energy bin
 ASHEAD-  11- W      Event is not TKMH
 ASHEAD-  21- W      CJ Status < 3
 ASHEAD-  31- W      Event failes detector status cuts
 QLROCR-  20- I      In energy bin
 ASHEAD-  11- W      Event is not TKMH
 ASHEAD-  21- W      CJ Status < 3
 ASHEAD-  31- W      Event failes detector status cuts
 QLROCR-  20- I      In energy bin
 ASHEAD-  11- W      Event is not TKMH
 ASHEAD-  21- W      CJ Status < 3
 ASHEAD-  31- W      Event failes detector status cuts
 QLROCR-  20- I      In energy bin
 ASHEAD-  11- W      Event is not TKMH
 ASHEAD-  21- W      CJ Status < 3
 ASHEAD-  31- W      Event failes detector status cuts
 QLROCR-  20- I      In energy bin
 REPORT-I- The following message was issued    10 times and will be suppressed :
 ASHEAD-  11- W      Event is not TKMH
 REPORT-I- The following message was issued    10 times and will be suppressed :
 ASHEAD-  21- W      CJ Status < 3
 REPORT-I- The following message was issued    10 times and will be suppressed :
 ASHEAD-  31- W      Event failes detector status cuts
 REPORT-I- The following message was issued    10 times and will be suppressed :
 QLROCR-  20- I      In energy bin
 ASHEAD-  24- W      EB Status < 3
 ASHEAD-  25- W      EE Status < 3
 ASHEAD-  24- W      EB Status < 3
 ASHEAD-  25- W      EE Status < 3
 ASHEAD-  24- W      EB Status < 3
 ASHEAD-  25- W      EE Status < 3
 ASHEAD-  24- W      EB Status < 3
 ASHEAD-  25- W      EE Status < 3
 ASHEAD-  24- W      EB Status < 3
 ASHEAD-  25- W      EE Status < 3
 ASHEAD-  24- W      EB Status < 3
 ASHEAD-  25- W      EE Status < 3
 ASHEAD-  24- W      EB Status < 3
 ASHEAD-  25- W      EE Status < 3
 ASHEAD-  24- W      EB Status < 3
 ASHEAD-  25- W      EE Status < 3
 ASHEAD-  24- W      EB Status < 3
 ASHEAD-  25- W      EE Status < 3
 REPORT-I- The following message was issued    10 times and will be suppressed :
 ASHEAD-  24- W      EB Status < 3
 REPORT-I- The following message was issued    10 times and will be suppressed :
 ASHEAD-  25- W      EE Status < 3
 ASHEAD-  26- W      At least two of TT, TB, EM triggers not OK, reject
 ASHEAD-  26- W      At least two of TT, TB, EM triggers not OK, reject
 ASHEAD-  26- W      At least two of TT, TB, EM triggers not OK, reject
 ASHEAD-  26- W      At least two of TT, TB, EM triggers not OK, reject
 ASHEAD-  26- W      At least two of TT, TB, EM triggers not OK, reject
 ASHEAD-  26- W      At least two of TT, TB, EM triggers not OK, reject
 ASHEAD-  26- W      At least two of TT, TB, EM triggers not OK, reject
 ASHEAD-  26- W      At least two of TT, TB, EM triggers not OK, reject
 ASHEAD-  26- W      At least two of TT, TB, EM triggers not OK, reject
 REPORT-I- The following message was issued    10 times and will be suppressed :
 ASHEAD-  26- W      At least two of TT, TB, EM triggers not OK, reject
 ROTRIG-   2- I      End-Of-Run record          on unit  31
 ROTRIG-   3- I      End-Of-File                on unit  31
 ROTRIG-   5- I      Attempt to read beyond EOD on unit  31
 USEOF -   1- I      Dummy version of USEOF  called
 ROOFLX: Processing file /castor/cern.ch/opal/csdst/pass7/fyz1/p76/r06811c01 on unit 31 as OLD
 ROSWTC-   4- I       Lum. Tilt corr.1,run/sample:  6811   10 is:   1.00267005
 ROSWTC-   4- I       Lum. Tilt corr.2,run/sample:  6811   10 is:   1.00267005
 ROSWTC-   4- I       Lum. Tilt corr.3,run/sample:  6811   10 is:   1.00267005
 ROTRIG-   2- I      End-Of-Run record          on unit  31
 ROTRIG-   3- I      End-Of-File                on unit  31
 ROTRIG-   5- I      Attempt to read beyond EOD on unit  31
 USEOF -   1- I      Dummy version of USEOF  called
 ROOFLX: Processing file /castor/cern.ch/opal/csdst/pass7/fyz1/p76/r06816c01 on unit 31 as OLD
 ROSWTC-   4- I       Lum. Tilt corr.1,run/sample:  6816   10 is:   1.00267005
 ROSWTC-   4- I       Lum. Tilt corr.2,run/sample:  6816   10 is:   1.00267005
 ROSWTC-   4- I       Lum. Tilt corr.3,run/sample:  6816   10 is:   1.00267005
 ROTRIG-   2- I      End-Of-Run record          on unit  31
 ROTRIG-   3- I      End-Of-File                on unit  31
 ROTRIG-   5- I      Attempt to read beyond EOD on unit  31
 USEOF -   1- I      Dummy version of USEOF  called
 ROOFLX: Processing file /castor/cern.ch/opal/csdst/pass7/fyz1/p76/r06818c01 on unit 31 as OLD
 REPORT-I- The following message was issued    10 times and will be suppressed :
 ROSWTC-   4- I       Lum. Tilt corr.1,run/sample:  6818   10 is:   1.00267005
 ROTRIG-   2- I      End-Of-Run record          on unit  31
 ROTRIG-   3- I      End-Of-File                on unit  31
 ROTRIG-   5- I      Attempt to read beyond EOD on unit  31
 USEOF -   1- I      Dummy version of USEOF  called
 ROOFLX: Processing file /castor/cern.ch/opal/csdst/pass7/fyz1/p76/r06820c01 on unit 31 as OLD
 ROTRIG-   2- I      End-Of-Run record          on unit  31
 ROTRIG-   3- I      End-Of-File                on unit  31
 ROTRIG-   5- I      Attempt to read beyond EOD on unit  31
 USEOF -   1- I      Dummy version of USEOF  called
 ROOFLX: Processing file /castor/cern.ch/opal/csdst/pass7/fyz1/p76/r06820c02 on unit 31 as OLD
 ROTRIG-   2- I      End-Of-Run record          on unit  31
 ROTRIG-   3- I      End-Of-File                on unit  31
 ROTRIG-   5- I      Attempt to read beyond EOD on unit  31
 USEOF -   1- I      Dummy version of USEOF  called
 ROOFLX: Processing file /castor/cern.ch/opal/csdst/pass7/fyz1/p76/r06822c01 on unit 31 as OLD
 ROTRIG-   2- I      End-Of-Run record          on unit  31
 ROTRIG-   3- I      End-Of-File                on unit  31
 ROTRIG-   5- I      Attempt to read beyond EOD on unit  31
 USEOF -   1- I      Dummy version of USEOF  called
 ROOFLX: Processing file /castor/cern.ch/opal/csdst/pass7/fyz1/p76/r06824c01 on unit 31 as OLD
 REPORT-I- The following message was issued    10 times and will be suppressed :
 ROTRIG-   2- I      End-Of-Run record          on unit  31
 REPORT-I- The following message was issued    10 times and will be suppressed :
 ROTRIG-   3- I      End-Of-File                on unit  31
 REPORT-I- The following message was issued    10 times and will be suppressed :
 ROTRIG-   5- I      Attempt to read beyond EOD on unit  31
 REPORT-I- The following message was issued    10 times and will be suppressed :
 USEOF -   1- I      Dummy version of USEOF  called
 ROOFLX: Processing file /castor/cern.ch/opal/csdst/pass7/fyz1/p76/r06826c01 on unit 31 as OLD
 ROOFLX: Processing file /castor/cern.ch/opal/csdst/pass7/fyz1/p76/r06826c02 on unit 31 as OLD
 ROOFLX: Processing file /castor/cern.ch/opal/csdst/pass7/fyz1/p76/r06828c01 on unit 31 as OLD
 ROOFLX: Processing file /castor/cern.ch/opal/csdst/pass7/fyz1/p76/r06832c01 on unit 31 as OLD
 ROOFLX: Processing file /castor/cern.ch/opal/csdst/pass7/fyz1/p76/r06834c01 on unit 31 as OLD
 ROOFLX: Processing file /castor/cern.ch/opal/csdst/pass7/fyz1/p76/r06839c01 on unit 31 as OLD
 ROOFLX: Processing file /castor/cern.ch/opal/csdst/pass7/fyz1/p76/r06841c01 on unit 31 as OLD
 ROOFLX: Processing file /castor/cern.ch/opal/csdst/pass7/fyz1/p76/r06841c02 on unit 31 as OLD
 ROOFLX: Processing file /castor/cern.ch/opal/csdst/pass7/fyz1/p76/r06843c01 on unit 31 as OLD
 ROOFLX: Processing file /castor/cern.ch/opal/csdst/pass7/fyz1/p76/r06845c01 on unit 31 as OLD
 ROOFLX: Processing file /castor/cern.ch/opal/csdst/pass7/fyz1/p76/r06847c01 on unit 31 as OLD
 ROOFLX: Processing file /castor/cern.ch/opal/csdst/pass7/fyz1/p76/r06849c01 on unit 31 as OLD
 ROOFLX: Processing file /castor/cern.ch/opal/csdst/pass7/fyz1/p76/r06854c01 on unit 31 as OLD
 ROLUFD-  92- W      Setting CORI = 1. for Ebeam =      68.11
 ROOFLX: Processing file /castor/cern.ch/opal/csdst/pass7/fyz1/p76/r06855c01 on unit 31 as OLD
 ROOFLX: Processing file /castor/cern.ch/opal/csdst/pass7/fyz1/p76/r06859c01 on unit 31 as OLD
 ROOFLX: Processing file /castor/cern.ch/opal/csdst/pass7/fyz1/p76/r06861c01 on unit 31 as OLD
 ROOFLX: Processing file /castor/cern.ch/opal/csdst/pass7/fyz1/p76/r06864c01 on unit 31 as OLD
 ROOFLX: Processing file /castor/cern.ch/opal/csdst/pass7/fyz1/p76/r06866c01 on unit 31 as OLD
 ROOFLX: Processing file /castor/cern.ch/opal/csdst/pass7/fyz1/p76/r06868c01 on unit 31 as OLD
 ROOFLX: Processing file /castor/cern.ch/opal/csdst/pass7/fyz1/p76/r06870c01 on unit 31 as OLD
 ROLUFD-  92- W      Setting CORI = 1. for Ebeam =      68.00
 ROLUSW-   7- I       ROPE version wrong for use with HEADER       0
 ROLUSW-   7- I       ROPE version wrong for use with HEADER       0
 ROOFLX: Processing file /castor/cern.ch/opal/csdst/pass7/fyz1/p76/r06872c01 on unit 31 as OLD
 ROLUFD-  92- W      Setting CORI = 1. for Ebeam =      68.11
 ROOFLX: Processing file /castor/cern.ch/opal/csdst/pass7/fyz1/p76/r06874c01 on unit 31 as OLD
 ROOFLX: Processing file /castor/cern.ch/opal/csdst/pass7/fyz1/p76/r06884c01 on unit 31 as OLD
 ROOFLX: Processing file /castor/cern.ch/opal/csdst/pass7/fyz1/p76/r06886c01 on unit 31 as OLD
 ROOFLX: Processing file /castor/cern.ch/opal/csdst/pass7/fyz1/p76/r06888c01 on unit 31 as OLD
 ROOFLX: Processing file /castor/cern.ch/opal/csdst/pass7/fyz1/p76/r06890c01 on unit 31 as OLD
 ROCAPS-   2- I      Prestaging   24 castor files
 ROOFLX: Processing file /castor/cern.ch/opal/csdst/pass7/fyz1/p76/r06892c01 on unit 31 as OLD
 ROOFLX: Processing file /castor/cern.ch/opal/csdst/pass7/fyz1/p76/r06894c01 on unit 31 as OLD
 ROOFLX: Processing file /castor/cern.ch/opal/csdst/pass7/fyz1/p76/r06896c01 on unit 31 as OLD
 ROOFLX: Processing file /castor/cern.ch/opal/csdst/pass7/fyz1/p76/r06898c01 on unit 31 as OLD
 ROOFLX: Processing file /castor/cern.ch/opal/csdst/pass7/fyz1/p76/r06900c01 on unit 31 as OLD
 ROOFLX: Processing file /castor/cern.ch/opal/csdst/pass7/fyz1/p76/r06902c01 on unit 31 as OLD
 ROOFLX: Processing file /castor/cern.ch/opal/csdst/pass7/fyz1/p76/r06904c01 on unit 31 as OLD
 ROOFLX: Processing file /castor/cern.ch/opal/csdst/pass7/fyz1/p76/r06906c01 on unit 31 as OLD
 ROOFLX: Processing file /castor/cern.ch/opal/csdst/pass7/fyz1/p76/r06908c01 on unit 31 as OLD
 ROOFLX: Processing file /castor/cern.ch/opal/csdst/pass7/fyz1/p76/r06910c01 on unit 31 as OLD
 ROOFLX: Processing file /castor/cern.ch/opal/csdst/pass7/fyz1/p76/r06912c01 on unit 31 as OLD
 ROOFLX: Processing file /castor/cern.ch/opal/csdst/pass7/fyz1/p76/r06914c01 on unit 31 as OLD
 ROOFLX: Processing file /castor/cern.ch/opal/csdst/pass7/fyz1/p76/r06917c01 on unit 31 as OLD
 ROOFLX: Processing file /castor/cern.ch/opal/csdst/pass7/fyz1/p76/r06919c01 on unit 31 as OLD
 ROOFLX: Processing file /castor/cern.ch/opal/csdst/pass7/fyz1/p76/r06921c01 on unit 31 as OLD
 ROOFLX: Processing file /castor/cern.ch/opal/csdst/pass7/fyz1/p76/r06925c01 on unit 31 as OLD
 ROOFLX: Processing file /castor/cern.ch/opal/csdst/pass7/fyz1/p76/r06925c02 on unit 31 as OLD
 ROOFLX: Processing file /castor/cern.ch/opal/csdst/pass7/fyz1/p76/r06927c01 on unit 31 as OLD
 ROOFLX: Processing file /castor/cern.ch/opal/csdst/pass7/fyz1/p76/r06929c01 on unit 31 as OLD
 ROLUFD-  92- W      Setting CORI = 1. for Ebeam =      68.00
 ROOFLX: Processing file /castor/cern.ch/opal/csdst/pass7/fyz1/p76/r06932c01 on unit 31 as OLD
 ROLUFD-  92- W      Setting CORI = 1. for Ebeam =      68.11
 ROOFLX: Processing file /castor/cern.ch/opal/csdst/pass7/fyz1/p76/r06935c01 on unit 31 as OLD
 ROLUFD-  92- W      Setting CORI = 1. for Ebeam =      65.12
 ROOFLX: Processing file /castor/cern.ch/opal/csdst/pass7/fyz1/p76/r06935c02 on unit 31 as OLD
 ROOFLX: Processing file /castor/cern.ch/opal/csdst/pass7/fyz1/p76/r06938c01 on unit 31 as OLD
 ROLUFD-  92- W      Setting CORI = 1. for Ebeam =      65.21
 ROOFLX: Processing file /castor/cern.ch/opal/csdst/pass7/fyz1/p76/r06939c01 on unit 31 as OLD
 ROOPEN-   1- I      No more input files
 ROFIN -   1- I       Number of events processed  =       0
 CUFIN -   1- W      Dummy version of CUFIN called.
 FDLSTA-   9- I      Bhabha Statistics


          ******************************************************************************************
          *                                                *                   *                   *
          *                  CUBED                         *     Default       *     Actual        *
          *                   cut                          *      Value        *      Value        *
          *                                                *                   *                   *
          ******************************************************************************************
          *                                                *                   *                   *
          *                            Ebar / Ebeam        *         0.6667    *         0.6667    *
          *                                                *                   *                   *
          *                            Abs DPhi            *        20.0000    *        20.0000    *
          *                                                *                   *                   *
          *                            Phi (quad )         *        15.0000    *        15.0000    *
          *                                                *                   *                   *
          *                            Theta min           *         0.0550    *         0.0550    *
          *                                                *                   *                   *
          *                            Theta max           *         0.1150    *         0.1150    *
          *                                                *                   *                   *
          *                            Theta bar min       *         0.0650    *         0.0650    *
          *                                                *                   *                   *
          *                            Theta bar max       *         0.1050    *         0.1050    *
          *                                                *                   *                   *
          *                            Theta use Calo      *         0.0000    *         0.0000    *
          *                                                *                   *                   *
          *                            Dphi Tube-Calo      *         6.0000    *         6.0000    *
          *                                                *                   *                   *
          *                            Eclus / Ebeam       *         0.4500    *         0.4500    *
          *                                                *                   *                   *
          ******************************************************************************************
  
 USFIN: header lumi analysis
  
 USFIN: QLPRNT, total raw for this run:
 QLPRNT: all, SW ok, MHAD ok, SW ok && MHAD ok events:
  2308400.  2155653.  2202.  2037.
 Eff(SW ok)=  0.9338E+00 +/-  0.1636E-03
 Eff(SW ok && MHAD ok)=  0.9251E+00 +/-  0.5611E-02

 ******************************************************************************
                   ***** Summary of ROCROS, sum number  1 *****
 ******************************************************************************
 Total number of times ROCROS was called with .TRUE. argument is:  2308400
 FD or SW were good for   2306850 events
 ******************************************************************************
         Class           SW ok              SW ok  and FD ok   SW bad and FD ok
 ******************************************************************************
  Number of num. events       2155653            2154569             151197
 ******************************************************************************
  Number of SWITA evts          18576              18562                  0
  SWITA integrated lumi      5337.04592         5331.17358            0.00000
  Syst error on SWITA l      5337.04592         5331.17358            0.00000
  Stat error on SWITA l        47.31540           47.28933            0.00000
  SW lumi-w mean ebeam         66.71535           66.71635            0.00000
  Sy. er. SW l-w mea eb         0.00662            0.00662            0.00000
  St. er. SW l-w mea eb         0.01320            0.01321            0.00000
  SW lumi-w eb spread           1.48880            1.48874            0.00000
  St. er. SW l-w eb spr         0.00933            0.00934            0.00000
 ******************************************************************************
  Number of SW RL evts         18438.0            18424.0                0.0
  SW RL integrated lumi      5328.53635         5322.62518            0.00000
  Syst error on SW RL l        23.97841           23.95181            0.00000
  Stat error on SW RL l        47.43129           47.40494            0.00000
  SW lumi-w mean ebeam         66.71408           66.71509            0.00000
  Sy. er. SW l-w mea eb         0.00662            0.00662            0.00000
  St. er. SW l-w mea eb         0.01325            0.01326            0.00000
  SW lumi-w eb spread           1.48888            1.48882            0.00000
  St. er. SW l-w eb spr         0.00937            0.00938            0.00000
 ******************************************************************************
  Number of FD events               0              31013               2527
  FD integrated lumi            0.00000         5384.13340          420.86857
  Syst error on FD lumi         0.00000           32.30480            2.52521
  Stat error on FD lumi         0.00000           30.60381            8.37420
  FD lumi-w mean ebeam          0.00000           66.71918           65.30750
  Sy. er. FD l-w mea eb         0.00000            0.00661            0.00647
  St. er. FD l-w mea eb         0.00000            0.00846            0.01423
  FD lumi-w eb spread           0.00000            1.48849            0.71524
  St. er. FD l-w eb spr         0.00000            0.00598            0.01006
 ******************************************************************************

 USFIN: QLPRNT, events not in energy bins:
 USFIN: ROCROS sum 2 not filled
 USFIN: QLPRNT (raw), energy bin  1: 129000 -  131000
 QLPRNT: all, SW ok, MHAD ok, SW ok && MHAD ok events:
  1194162.  1055944.  1185.  1021.
 Eff(SW ok)=  0.8843E+00 +/-  0.2928E-03
 Eff(SW ok && MHAD ok)=  0.8616E+00 +/-  0.1003E-01

 ******************************************************************************
                   ***** Summary of ROCROS, sum number  3 *****
 ******************************************************************************
 Total number of times ROCROS was called with .TRUE. argument is:  1194162
 FD or SW were good for   1192693 events
 ******************************************************************************
         Class           SW ok              SW ok  and FD ok   SW bad and FD ok
 ******************************************************************************
  Number of num. events       1055944            1055378             136749
 ******************************************************************************
  Number of SWITA evts          12255              12244                  0
  SWITA integrated lumi      2494.20322         2489.68012            0.00000
  Syst error on SWITA l      2494.20322         2489.68012            0.00000
  Stat error on SWITA l        30.98695           30.95692            0.00000
  SW lumi-w mean ebeam         65.12598           65.12598            0.00000
  Sy. er. SW l-w mea eb         0.00645            0.00645            0.00000
  St. er. SW l-w mea eb         0.00011            0.00011            0.00000
  SW lumi-w eb spread           0.00881            0.00882            0.00000
  St. er. SW l-w eb spr         0.00008            0.00008            0.00000
 ******************************************************************************
  Number of SW RL evts         12173.5            12162.5                0.0
  SW RL integrated lumi      2492.47909         2487.92609            0.00000
  Syst error on SW RL l        11.21616           11.19567            0.00000
  Stat error on SW RL l        31.07718           31.04685            0.00000
  SW lumi-w mean ebeam         65.12598           65.12598            0.00000
  Sy. er. SW l-w mea eb         0.00645            0.00645            0.00000
  St. er. SW l-w mea eb         0.00011            0.00011            0.00000
  SW lumi-w eb spread           0.00877            0.00878            0.00000
  St. er. SW l-w eb spr         0.00008            0.00008            0.00000
 ******************************************************************************
  Number of FD events               0              15146               2385
  FD integrated lumi            0.00000         2509.43706          395.14168
  Syst error on FD lumi         0.00000           15.05662            2.37085
  Stat error on FD lumi         0.00000           20.39048            8.09112
  FD lumi-w mean ebeam          0.00000           65.12608           65.12503
  Sy. er. FD l-w mea eb         0.00000            0.00645            0.00645
  St. er. FD l-w mea eb         0.00000            0.00008            0.00003
  FD lumi-w eb spread           0.00000            0.00923            0.00164
  St. er. FD l-w eb spr         0.00000            0.00005            0.00002
 ******************************************************************************

 USFIN: QLPRNT, energy bin  1: 129000 -  131000
 QLPRNT: all, SW ok, MHAD ok, SW ok && MHAD ok events:
  1113178.  979130.  1185.  1021.
 Eff(SW ok)=  0.8796E+00 +/-  0.3085E-03
 Eff(SW ok && MHAD ok)=  0.8616E+00 +/-  0.1003E-01

 ******************************************************************************
                   ***** Summary of ROCROS, sum number  4 *****
 ******************************************************************************
 Total number of times ROCROS was called with .TRUE. argument is:  1113178
 FD or SW were good for   1113178 events
 ******************************************************************************
         Class           SW ok              SW ok  and FD ok   SW bad and FD ok
 ******************************************************************************
  Number of num. events        979130             978575             134048
 ******************************************************************************
  Number of SWITA evts          10733              10722                  0
  SWITA integrated lumi      2337.12113         2332.59803            0.00000
  Syst error on SWITA l      2337.12113         2332.59803            0.00000
  Stat error on SWITA l        30.12723           30.09634            0.00000
  SW lumi-w mean ebeam         65.12595           65.12595            0.00000
  Sy. er. SW l-w mea eb         0.00645            0.00645            0.00000
  St. er. SW l-w mea eb         0.00011            0.00011            0.00000
  SW lumi-w eb spread           0.00865            0.00866            0.00000
  St. er. SW l-w eb spr         0.00008            0.00008            0.00000
 ******************************************************************************
  Number of SW RL evts         10666.5            10655.5                0.0
  SW RL integrated lumi      2335.52266         2330.96966            0.00000
  Syst error on SW RL l        10.50985           10.48936            0.00000
  Stat error on SW RL l        30.21431           30.18310            0.00000
  SW lumi-w mean ebeam         65.12594           65.12594            0.00000
  Sy. er. SW l-w mea eb         0.00645            0.00645            0.00000
  St. er. SW l-w mea eb         0.00011            0.00011            0.00000
  SW lumi-w eb spread           0.00861            0.00861            0.00000
  St. er. SW l-w eb spr         0.00008            0.00008            0.00000
 ******************************************************************************
  Number of FD events               0              14181               2312
  FD integrated lumi            0.00000         2349.55201          383.04680
  Syst error on FD lumi         0.00000           14.09731            2.29828
  Stat error on FD lumi         0.00000           19.73021            7.96632
  FD lumi-w mean ebeam          0.00000           65.12607           65.12500
  Sy. er. FD l-w mea eb         0.00000            0.00645            0.00645
  St. er. FD l-w mea eb         0.00000            0.00008            0.00000
  FD lumi-w eb spread           0.00000            0.00919            0.00000
  St. er. FD l-w eb spr         0.00000            0.00005            0.00000
 ******************************************************************************

 USFIN: QLPRNT (raw), energy bin  2: 135000 -  137000
 QLPRNT: all, SW ok, MHAD ok, SW ok && MHAD ok events:
  1114238.  1099709.  1017.  1016.
 Eff(SW ok)=  0.9870E+00 +/-  0.1075E-03
 Eff(SW ok && MHAD ok)=  0.9990E+00 +/-  0.9828E-03

 ******************************************************************************
                   ***** Summary of ROCROS, sum number  5 *****
 ******************************************************************************
 Total number of times ROCROS was called with .TRUE. argument is:  1114238
 FD or SW were good for   1114157 events
 ******************************************************************************
         Class           SW ok              SW ok  and FD ok   SW bad and FD ok
 ******************************************************************************
  Number of num. events       1099709            1099191              14448
 ******************************************************************************
  Number of SWITA evts           6321               6318                  0
  SWITA integrated lumi      2842.84271         2841.49346            0.00000
  Syst error on SWITA l      2842.84271         2841.49346            0.00000
  Stat error on SWITA l        35.75691           35.74842            0.00000
  SW lumi-w mean ebeam         68.10981           68.10981            0.00000
  Sy. er. SW l-w mea eb         0.00677            0.00677            0.00000
  St. er. SW l-w mea eb         0.00006            0.00006            0.00000
  SW lumi-w eb spread           0.00458            0.00458            0.00000
  St. er. SW l-w eb spr         0.00004            0.00004            0.00000
 ******************************************************************************
  Number of SW RL evts          6264.5             6261.5                0.0
  SW RL integrated lumi      2836.05726         2834.69910            0.00000
  Syst error on SW RL l        12.76226           12.75614            0.00000
  Stat error on SW RL l        35.83206           35.82348            0.00000
  SW lumi-w mean ebeam         68.10980           68.10980            0.00000
  Sy. er. SW l-w mea eb         0.00677            0.00677            0.00000
  St. er. SW l-w mea eb         0.00006            0.00006            0.00000
  SW lumi-w eb spread           0.00470            0.00470            0.00000
  St. er. SW l-w eb spr         0.00004            0.00004            0.00000
 ******************************************************************************
  Number of FD events               0              15867                142
  FD integrated lumi            0.00000         2874.69634           25.72689
  Syst error on FD lumi         0.00000           17.24818            0.15436
  Stat error on FD lumi         0.00000           22.82152            2.15895
  FD lumi-w mean ebeam          0.00000           68.10986           68.11000
  Sy. er. FD l-w mea eb         0.00000            0.00676            0.00674
  St. er. FD l-w mea eb         0.00000            0.00003            0.00000
  FD lumi-w eb spread           0.00000            0.00399            0.00000
  St. er. FD l-w eb spr         0.00000            0.00002            0.00000
 ******************************************************************************

 USFIN: QLPRNT, energy bin  2: 135000 -  137000
 QLPRNT: all, SW ok, MHAD ok, SW ok && MHAD ok events:
  1030032.  1021277.  1017.  1016.
 Eff(SW ok)=  0.9915E+00 +/-  0.9045E-04
 Eff(SW ok && MHAD ok)=  0.9990E+00 +/-  0.9828E-03

 ******************************************************************************
                   ***** Summary of ROCROS, sum number  6 *****
 ******************************************************************************
 Total number of times ROCROS was called with .TRUE. argument is:  1030032
 FD or SW were good for   1030032 events
 ******************************************************************************
         Class           SW ok              SW ok  and FD ok   SW bad and FD ok
 ******************************************************************************
  Number of num. events       1021277            1021275               8755
 ******************************************************************************
  Number of SWITA evts           5770               5770                  0
  SWITA integrated lumi      2595.04739         2595.04739            0.00000
  Syst error on SWITA l      2595.04739         2595.04739            0.00000
  Stat error on SWITA l        34.16311           34.16311            0.00000
  SW lumi-w mean ebeam         68.11000           68.11000            0.00000
  Sy. er. SW l-w mea eb         0.00674            0.00674            0.00000
  St. er. SW l-w mea eb         0.00000            0.00000            0.00000
  SW lumi-w eb spread           0.00000            0.00000            0.00000
  St. er. SW l-w eb spr         0.00000            0.00000            0.00000
 ******************************************************************************
  Number of SW RL evts          5721.5             5721.5                0.0
  SW RL integrated lumi      2590.24627         2590.24627            0.00000
  Syst error on SW RL l        11.65611           11.65611            0.00000
  Stat error on SW RL l        34.24413           34.24413            0.00000
  SW lumi-w mean ebeam         68.11000           68.11000            0.00000
  Sy. er. SW l-w mea eb         0.00674            0.00674            0.00000
  St. er. SW l-w mea eb         0.00000            0.00000            0.00000
  SW lumi-w eb spread           0.00000            0.00000            0.00000
  St. er. SW l-w eb spr         0.00000            0.00000            0.00000
 ******************************************************************************
  Number of FD events               0              14558                 18
  FD integrated lumi            0.00000         2637.55011            3.26116
  Syst error on FD lumi         0.00000           15.82530            0.01957
  Stat error on FD lumi         0.00000           21.85999            0.76866
  FD lumi-w mean ebeam          0.00000           68.11000           68.11000
  Sy. er. FD l-w mea eb         0.00000            0.00674            0.00674
  St. er. FD l-w mea eb         0.00000            0.00000            0.00000
  FD lumi-w eb spread           0.00000            0.00000            0.00000
  St. er. FD l-w eb spr         0.00000            0.00000            0.00000
 ******************************************************************************

 USFIN: QLPRNT (raw), energy bin  3: 160000 -  162000
 USFIN: ROCROS sum  7 not filled
 USFIN: QLPRNT, energy bin  3: 160000 -  162000
 USFIN: ROCROS sum  8 not filled
 USFIN: QLPRNT (raw), energy bin  4: 170000 -  173000
 USFIN: ROCROS sum  9 not filled
 USFIN: QLPRNT, energy bin  4: 170000 -  173000
 USFIN: ROCROS sum  10 not filled
 USFIN: QLPRNT (raw), energy bin  5: 180000 -  184500
 USFIN: ROCROS sum  11 not filled
 USFIN: QLPRNT, energy bin  5: 180000 -  184500
 USFIN: ROCROS sum  12 not filled
 USFIN: QLPRNT (raw), energy bin  6: 188000 -  190000
 USFIN: ROCROS sum  13 not filled
 USFIN: QLPRNT, energy bin  6: 188000 -  190000
 USFIN: ROCROS sum  14 not filled
 ROPFIN-   1- I      Dummies called for  OD

 --------------------------- Report message summary ---------------------------

STOP 0 statement executed
     Messages to REPORT qualified as ERRORs      :

      1 SULUDB E No SULU data found

     Messages to REPORT qualified as WARNINGs    :

    474 ASHEAD W At least two of TT, TB, EM triggers not OK, reject
   9814 ASHEAD W EE Status < 3
   5538 ASHEAD W EB Status < 3
 165190 ASHEAD W Event failes detector status cuts
 156642 ASHEAD W CJ Status < 3
 ****** ASHEAD W Event is not TKMH
      1 BTINIT W Dummy version of BTINIT  called
      1 CUFIN  W Dummy version of CUFIN called.
      1 CUINIT W Dummy version of CUINIT called.
      8 ROLUFD W Setting CORI = 1. for Ebeam =      65.12

     Messages to REPORT qualified as INFORMATIONs:

      2 DCDEFI I Redefining OD pointers for version 420
      1 DCRDIC I Dictionary loaded ok
      1 DCRDIC I Reading first  dictionary (OD413 version  2)
      1 DCREAD I Automatically loading dictionary /afs/cern.ch/opal/o
                 ffline/db/dicts/dc413.dict
      1 DCSETR I DD package is NOT loaded. No DD unpack
      1 DCSETR I Loading all dictionaries in/afs/cern.ch/opal/offline
                 /db/dicts
      1 FBINIT I FB processor Vn 415.4  initialised
      1 FBINIT I Pi = 3.141593 1./Sqrt(2.) = 0.707107
      1 FBKEY  I FFREAD cards initialised for FB Vn 423 / 1995
      1 FBSETR I FB processor Vn 419.1  setup
      1 FDLSTA I Bhabha Statistics
      1 FDLSTA I Initialised
      1 MTINIT I Dummy was called
      6 ODDDAI I Removing NBEC from  CTRK block  data definition
     21 ODDDAR I Removing ECON from  CTRK block  data definition
      1 ODFDIN I Initialised
 ****** QLROCR I In energy bin
      1 RIOSET I Set environment variable STAGE_POOL to opalstage
      1 RIOSET I Set environment variable STAGE_HOST to opal001d
      2 ROCAPS I Prestaging   36 castor files
      1 ROCRST I SW-lumi selection will be done from header bit data
      1 ROFIN  I  Number of events processed  =       0
      1 ROLUFD I  FD luminosity calculation last updated 02-Apr-98
      2 ROLUSW I  ROPE version wrong for use with HEADER       0
 ****** ROLUSW I  LSWITx,XSEC,ECMS,TLTFAC,INTFAC       F   79.330002
                  130.250000    1.002670    1.000000
      1 ROLUSW I  SW luminosity last updated 15-Mar-2001 Analysis fro
                 m DST?       F
      1 ROOPEN I No more input files
      1 ROOPEN I Opening the histogram file: ./lu133_95.histo
      1 ROOPEN I Trying to delete the histogram file: ./lu133_95.hist
                 o
      1 ROOPEN I  SUDB database last updated 20010409 154700
      1 ROPFIN I Dummies called for  OD
      4 ROPINI I Dummies called for  GR ON TT FI SC CV JC CZ CT DX CX
                  SI
    150 ROSWTC I  Lum. Tilt corr.1,run/sample:  6809   10 is:   1.002
                 67005
      1 ROSWTC I  SW luminosity last updated 15-Mar-2001
     60 ROTRIG I Attempt to read beyond EOD on unit  31
     60 ROTRIG I End-Of-File                on unit  31
     60 ROTRIG I End-Of-Run record          on unit  31
      1 RSCATA I Read catalog on default unit 51
      1 SUFDLU I LuBit,XEb, Xsec, Syserr, PTPerr at  65.12 :-    3
                 65.000000    6.059000    0.006000    0.004400
      1 SUFDLU I  Run, Pass, Bin      6809   7   6
      1 SUFDLU I  FD luminosity parameters last updated 12-May-97
      1 SULUIN I   0 Luminosity directories identified for Expt   7
      1 SUPASS I Data from expt 7 rope version 2403 is PASS 7
      1 TRCALR I TRCT bank lifted by TRCALR
     60 USEOF  I Dummy version of USEOF  called

     Messages to REPORT qualified as SUCCESSes   :

 ****** ASHEAD S Event passes detector status cuts
   1582 ASHEAD S Event is TKMH
      2 OCGET  S Forced retrieval attempt: //EX07/TROF/TRDF
      1 RCPREP S Switching top directory name to EX07.
      1 TRSETR S Pre-trigger definition will be taken from OPCAL
      1 TRSETR S Trigger definition will be taken from OPCAL

  Total of     ****** SUCCESSes
               ****** INFORMATIONs
               ****** WARNINGs
                    1 ERRORs
                    0 FATALs
                    0 CRASHes

 ------------------------------------------------------------------------------

Copy lu133_95.histo to /afs/cern.ch/user/s/skluth/w0/qcd/qcdntuple/lu133_95.histo
16384 bytes in 0 seconds through local (in) and local (out)
job finished: Tue Oct 29 14:29:23 CET 2002


CERN statistics: This job used 0:46:35 NCU hours

