Sender: LSF System <lsfadmin@lxbatch052>
Subject: Job 670890: <lu183> Done

Job <lu183> was submitted from host <lxplus024> by user <skluth>.
Job was executed on host(s) <lxbatch052>, in queue <8nh>, as user <skluth>.
</afs/cern.ch/user/s/skluth> was used as the home directory.
</afs/cern.ch/user/s/skluth/w0/qcd/qcdntuple> was used as the working directory.
Started at Mon Nov  4 13:36:08 2002
Results reported at Mon Nov  4 21:09:12 2002

Your job looked like:

------------------------------------------------------------
# LSBATCH: User input
------------------------------------------------------------

Successfully completed.

Resource usage summary:

    CPU time   :  22417.46 sec.
    Max Memory :        14 MB
    Max Swap   :        36 MB

    Max Processes  :         7

The output (if any) follows:

@(#)CERN job starter 2.15 29/08/2002
Working directory is </pool/lsf/skluth/670890> on <lxbatch052>

job starts: Mon Nov 4 13:36:15 CET 2002
job runs on: Linux lxbatch052 2.2.19-6.2.1.1smp #1 SMP Tue Apr 17 20:00:04 CEST 2001 i686 unknown
AFS info: Current sysname is 'i386_linux22'
Using executeable /afs/cern.ch/user/s/skluth/w0/qcd/qcdntuple/bin/qqlumi.run
 CUINIT-   1- W      Dummy version of CUINIT called.
 FBKEY -   1- I      FFREAD cards initialised for FB Vn 423 / 1995
 FBINIT-   2- I      Pi = 3.141593 1./Sqrt(2.) = 0.707107
 FBINIT-   1- I      FB processor Vn 415.4  initialised
 FDLSTA-   1- I      Initialised
 ODFDIN-   1- I      Initialised
 ODDDAR-   2- I      Removing ECON from  CTRK block  data definition
 ODDDAR-   2- I      Removing ECO2 from  CTRK block  data definition
 ODDDAR-   2- I      Removing FMOM from  CTRK block  data definition
 ODDDAR-   2- I      Removing DIST from  CTRK block  data definition
 ODDDAR-   2- I      Removing ECOR from  CTRK block  data definition
 ODDDAI-   2- I      Removing NBEC from  CTRK block  data definition
 ODDDAR-   2- I      Removing CDST from  ECAL block  data definition
 ODDDAR-   2- I      Removing DFSB from  ECAL block  data definition
 DCDEFI-   2- I      Redefining OD pointers for version 420
 BTINIT-   1- W      Dummy version of BTINIT  called
 MTINIT-   1- I      Dummy was called

 ------------------------------------------------------------------------------
 -----                                                                    -----
 -----                  ROPE Version 420 sub-version   3                  -----
 -----      Library was created on  21022, Modifications dated  21021     -----
 -----                                                                    -----
 -----             The overall ROPE code version is :    2897             -----
 -----                                                                    -----
 -----       It is now 1336 on  21104, The processors available are:      -----
 -----     FD433/01 ; Library dated  20626, Modification dated  20626     -----
 -----     OD420/01 ; Library dated  20626, Modification dated  20626     -----
 -----     OU225/01 ; Library dated  20627, Modification dated  20626     -----
 -----     OC520/01 ; Library dated  20626, Modification dated  20626     -----
 -----     TR217/01 ; Library dated  20627, Modification dated  20626     -----
 -----     SU213/01 ; Library dated  20627, Modification dated  20626     -----
 -----     DC420/01 ; Library dated  20627, Modification dated  20626     -----
 -----     SW115/01 ; Library dated  20627, Modification dated  20626     -----
 -----     PX116/01 ; Library dated  20627, Modification dated  20626     -----
 -----                                                                    -----
 ------------------------------------------------------------------------------

 ROPINI-   1- I      Dummies called for  GR ON TT FI SC CV JC CZ CT DX CX SI
 ROPINI-   1- I      Dummies called for  CS TB PB EB PE TE EE EM HB HE HP HM
 ROPINI-   1- I      Dummies called for  MB ME MM LM CE DD LL LA OP ID GC HI
 ROPINI-   1- I      Dummies called for  WW
1           USER'S DIRECTIVES TO RUN THIS JOB
            ----------------------------------


 ***** DATA CARD CONTENT     LIST                                                                            
 ***** DATA CARD CONTENT     C Input file definitions:                                                       
 ***** DATA CARD CONTENT    *CATFILE 'CDST' 'IN  ' 31 8100 'LI  ' 7='CSDST/PASS7/FYZ1/P84'                  
 RSCATA-   3- I      Read catalog on default unit 51
                             1 --> /castor/cern.ch/opal/csdst/pass7/fyz1/p84/r08122c01
                             2 --> /castor/cern.ch/opal/csdst/pass7/fyz1/p84/r08126c01
                             3 --> /castor/cern.ch/opal/csdst/pass7/fyz1/p84/r08128c01
                             4 --> /castor/cern.ch/opal/csdst/pass7/fyz1/p84/r08130c01
                             5 --> /castor/cern.ch/opal/csdst/pass7/fyz1/p84/r08133c01
                             6 --> /castor/cern.ch/opal/csdst/pass7/fyz1/p84/r08135c01
                             7 --> /castor/cern.ch/opal/csdst/pass7/fyz1/p84/r08138c01
                             8 --> /castor/cern.ch/opal/csdst/pass7/fyz1/p84/r08141c01
                             9 --> /castor/cern.ch/opal/csdst/pass7/fyz1/p84/r08143c01
                            10 --> /castor/cern.ch/opal/csdst/pass7/fyz1/p84/r08145c01
                            11 --> /castor/cern.ch/opal/csdst/pass7/fyz1/p84/r08147c01
                            12 --> /castor/cern.ch/opal/csdst/pass7/fyz1/p84/r08149c01
                            13 --> /castor/cern.ch/opal/csdst/pass7/fyz1/p84/r08159c01
                            14 --> /castor/cern.ch/opal/csdst/pass7/fyz1/p84/r08164c01
                            15 --> /castor/cern.ch/opal/csdst/pass7/fyz1/p84/r08168c01
                            16 --> /castor/cern.ch/opal/csdst/pass7/fyz1/p84/r08186c01
                            17 --> /castor/cern.ch/opal/csdst/pass7/fyz1/p84/r08188c01
                            18 --> /castor/cern.ch/opal/csdst/pass7/fyz1/p84/r08194c01
                            19 --> /castor/cern.ch/opal/csdst/pass7/fyz1/p84/r08196c01
                            20 --> /castor/cern.ch/opal/csdst/pass7/fyz1/p84/r08197c01
                            21 --> /castor/cern.ch/opal/csdst/pass7/fyz1/p84/r08199c01
                            22 --> /castor/cern.ch/opal/csdst/pass7/fyz1/p84/r08202c01
                            23 --> /castor/cern.ch/opal/csdst/pass7/fyz1/p84/r08204c01
                            24 --> /castor/cern.ch/opal/csdst/pass7/fyz1/p84/r08208c01
                            25 --> /castor/cern.ch/opal/csdst/pass7/fyz1/p84/r08211c01
                            26 --> /castor/cern.ch/opal/csdst/pass7/fyz1/p84/r08212c01
                            27 --> /castor/cern.ch/opal/csdst/pass7/fyz1/p84/r08217c01
                            28 --> /castor/cern.ch/opal/csdst/pass7/fyz1/p84/r08221c01
                            29 --> /castor/cern.ch/opal/csdst/pass7/fyz1/p84/r08223c01
 ***** DATA CARD CONTENT    *CATFILE 'CDST' 'IN  ' 31 8100 'LI  ' 7='CSDST/PASS7/FYZ1/P85'                  
                             1 --> /castor/cern.ch/opal/csdst/pass7/fyz1/p85/r08249c01
                             2 --> /castor/cern.ch/opal/csdst/pass7/fyz1/p85/r08250c01
                             3 --> /castor/cern.ch/opal/csdst/pass7/fyz1/p85/r08254c01
                             4 --> /castor/cern.ch/opal/csdst/pass7/fyz1/p85/r08256c01
                             5 --> /castor/cern.ch/opal/csdst/pass7/fyz1/p85/r08259c01
                             6 --> /castor/cern.ch/opal/csdst/pass7/fyz1/p85/r08260c01
                             7 --> /castor/cern.ch/opal/csdst/pass7/fyz1/p85/r08264c01
                             8 --> /castor/cern.ch/opal/csdst/pass7/fyz1/p85/r08268c01
                             9 --> /castor/cern.ch/opal/csdst/pass7/fyz1/p85/r08272c01
                            10 --> /castor/cern.ch/opal/csdst/pass7/fyz1/p85/r08274c01
                            11 --> /castor/cern.ch/opal/csdst/pass7/fyz1/p85/r08276c01
                            12 --> /castor/cern.ch/opal/csdst/pass7/fyz1/p85/r08278c01
                            13 --> /castor/cern.ch/opal/csdst/pass7/fyz1/p85/r08280c01
                            14 --> /castor/cern.ch/opal/csdst/pass7/fyz1/p85/r08282c01
                            15 --> /castor/cern.ch/opal/csdst/pass7/fyz1/p85/r08284c01
                            16 --> /castor/cern.ch/opal/csdst/pass7/fyz1/p85/r08286c01
                            17 --> /castor/cern.ch/opal/csdst/pass7/fyz1/p85/r08288c01
                            18 --> /castor/cern.ch/opal/csdst/pass7/fyz1/p85/r08290c01
                            19 --> /castor/cern.ch/opal/csdst/pass7/fyz1/p85/r08292c01
                            20 --> /castor/cern.ch/opal/csdst/pass7/fyz1/p85/r08294c01
                            21 --> /castor/cern.ch/opal/csdst/pass7/fyz1/p85/r08296c01
                            22 --> /castor/cern.ch/opal/csdst/pass7/fyz1/p85/r08298c01
                            23 --> /castor/cern.ch/opal/csdst/pass7/fyz1/p85/r08300c01
                            24 --> /castor/cern.ch/opal/csdst/pass7/fyz1/p85/r08302c01
                            25 --> /castor/cern.ch/opal/csdst/pass7/fyz1/p85/r08304c01
                            26 --> /castor/cern.ch/opal/csdst/pass7/fyz1/p85/r08306c01
                            27 --> /castor/cern.ch/opal/csdst/pass7/fyz1/p85/r08318c01
                            28 --> /castor/cern.ch/opal/csdst/pass7/fyz1/p85/r08320c01
                            29 --> /castor/cern.ch/opal/csdst/pass7/fyz1/p85/r08322c01
                            30 --> /castor/cern.ch/opal/csdst/pass7/fyz1/p85/r08324c01
                            31 --> /castor/cern.ch/opal/csdst/pass7/fyz1/p85/r08326c01
                            32 --> /castor/cern.ch/opal/csdst/pass7/fyz1/p85/r08328c01
 ***** DATA CARD CONTENT    *CATFILE 'CDST' 'IN  ' 31 8100 'LI  ' 7='CSDST/PASS7/FYZ1/P86'                  
                             1 --> /castor/cern.ch/opal/csdst/pass7/fyz1/p86/r08386c01
                             2 --> /castor/cern.ch/opal/csdst/pass7/fyz1/p86/r08387c01
                             3 --> /castor/cern.ch/opal/csdst/pass7/fyz1/p86/r08389c01
                             4 --> /castor/cern.ch/opal/csdst/pass7/fyz1/p86/r08391c01
                             5 --> /castor/cern.ch/opal/csdst/pass7/fyz1/p86/r08393c01
                             6 --> /castor/cern.ch/opal/csdst/pass7/fyz1/p86/r08396c01
                             7 --> /castor/cern.ch/opal/csdst/pass7/fyz1/p86/r08398c01
                             8 --> /castor/cern.ch/opal/csdst/pass7/fyz1/p86/r08400c01
                             9 --> /castor/cern.ch/opal/csdst/pass7/fyz1/p86/r08402c01
                            10 --> /castor/cern.ch/opal/csdst/pass7/fyz1/p86/r08404c01
                            11 --> /castor/cern.ch/opal/csdst/pass7/fyz1/p86/r08413c01
                            12 --> /castor/cern.ch/opal/csdst/pass7/fyz1/p86/r08417c01
                            13 --> /castor/cern.ch/opal/csdst/pass7/fyz1/p86/r08418c01
                            14 --> /castor/cern.ch/opal/csdst/pass7/fyz1/p86/r08420c01
                            15 --> /castor/cern.ch/opal/csdst/pass7/fyz1/p86/r08422c01
                            16 --> /castor/cern.ch/opal/csdst/pass7/fyz1/p86/r08424c01
                            17 --> /castor/cern.ch/opal/csdst/pass7/fyz1/p86/r08426c01
                            18 --> /castor/cern.ch/opal/csdst/pass7/fyz1/p86/r08428c01
                            19 --> /castor/cern.ch/opal/csdst/pass7/fyz1/p86/r08430c01
                            20 --> /castor/cern.ch/opal/csdst/pass7/fyz1/p86/r08435c01
                            21 --> /castor/cern.ch/opal/csdst/pass7/fyz1/p86/r08437c01
                            22 --> /castor/cern.ch/opal/csdst/pass7/fyz1/p86/r08440c01
                            23 --> /castor/cern.ch/opal/csdst/pass7/fyz1/p86/r08442c01
                            24 --> /castor/cern.ch/opal/csdst/pass7/fyz1/p86/r08444c01
                            25 --> /castor/cern.ch/opal/csdst/pass7/fyz1/p86/r08446c01
                            26 --> /castor/cern.ch/opal/csdst/pass7/fyz1/p86/r08448c01
                            27 --> /castor/cern.ch/opal/csdst/pass7/fyz1/p86/r08450c01
                            28 --> /castor/cern.ch/opal/csdst/pass7/fyz1/p86/r08453c01
                            29 --> /castor/cern.ch/opal/csdst/pass7/fyz1/p86/r08455c01
                            30 --> /castor/cern.ch/opal/csdst/pass7/fyz1/p86/r08457c01
                            31 --> /castor/cern.ch/opal/csdst/pass7/fyz1/p86/r08464c01
                            32 --> /castor/cern.ch/opal/csdst/pass7/fyz1/p86/r08466c01
                            33 --> /castor/cern.ch/opal/csdst/pass7/fyz1/p86/r08468c01
                            34 --> /castor/cern.ch/opal/csdst/pass7/fyz1/p86/r08470c01
                            35 --> /castor/cern.ch/opal/csdst/pass7/fyz1/p86/r08473c01
                            36 --> /castor/cern.ch/opal/csdst/pass7/fyz1/p86/r08475c01
                            37 --> /castor/cern.ch/opal/csdst/pass7/fyz1/p86/r08477c01
                            38 --> /castor/cern.ch/opal/csdst/pass7/fyz1/p86/r08479c01
                            39 --> /castor/cern.ch/opal/csdst/pass7/fyz1/p86/r08481c01
                            40 --> /castor/cern.ch/opal/csdst/pass7/fyz1/p86/r08504c01
                            41 --> /castor/cern.ch/opal/csdst/pass7/fyz1/p86/r08506c01
                            42 --> /castor/cern.ch/opal/csdst/pass7/fyz1/p86/r08515c01
                            43 --> /castor/cern.ch/opal/csdst/pass7/fyz1/p86/r08517c01
                            44 --> /castor/cern.ch/opal/csdst/pass7/fyz1/p86/r08519c01
                            45 --> /castor/cern.ch/opal/csdst/pass7/fyz1/p86/r08521c01
                            46 --> /castor/cern.ch/opal/csdst/pass7/fyz1/p86/r08523c01
                            47 --> /castor/cern.ch/opal/csdst/pass7/fyz1/p86/r08539c01
                            48 --> /castor/cern.ch/opal/csdst/pass7/fyz1/p86/r08541c01
                            49 --> /castor/cern.ch/opal/csdst/pass7/fyz1/p86/r08543c01
                            50 --> /castor/cern.ch/opal/csdst/pass7/fyz1/p86/r08545c01
                            51 --> /castor/cern.ch/opal/csdst/pass7/fyz1/p86/r08547c01
                            52 --> /castor/cern.ch/opal/csdst/pass7/fyz1/p86/r08549c01
                            53 --> /castor/cern.ch/opal/csdst/pass7/fyz1/p86/r08551c01
                            54 --> /castor/cern.ch/opal/csdst/pass7/fyz1/p86/r08553c01
                            55 --> /castor/cern.ch/opal/csdst/pass7/fyz1/p86/r08555c01
                            56 --> /castor/cern.ch/opal/csdst/pass7/fyz1/p86/r08557c01
                            57 --> /castor/cern.ch/opal/csdst/pass7/fyz1/p86/r08559c01
                            58 --> /castor/cern.ch/opal/csdst/pass7/fyz1/p86/r08561c01
 ***** DATA CARD CONTENT    *CATFILE 'CDST' 'IN  ' 31 8100 'LI  ' 7='CSDST/PASS7/FYZ1/P88'                  
                             1 --> /castor/cern.ch/opal/csdst/pass7/fyz1/p88/r08657c01
                             2 --> /castor/cern.ch/opal/csdst/pass7/fyz1/p88/r08664c01
                             3 --> /castor/cern.ch/opal/csdst/pass7/fyz1/p88/r08666c01
                             4 --> /castor/cern.ch/opal/csdst/pass7/fyz1/p88/r08668c01
                             5 --> /castor/cern.ch/opal/csdst/pass7/fyz1/p88/r08673c01
                             6 --> /castor/cern.ch/opal/csdst/pass7/fyz1/p88/r08675c01
                             7 --> /castor/cern.ch/opal/csdst/pass7/fyz1/p88/r08677c01
                             8 --> /castor/cern.ch/opal/csdst/pass7/fyz1/p88/r08679c01
                             9 --> /castor/cern.ch/opal/csdst/pass7/fyz1/p88/r08680c01
                            10 --> /castor/cern.ch/opal/csdst/pass7/fyz1/p88/r08681c01
                            11 --> /castor/cern.ch/opal/csdst/pass7/fyz1/p88/r08682c01
                            12 --> /castor/cern.ch/opal/csdst/pass7/fyz1/p88/r08683c01
                            13 --> /castor/cern.ch/opal/csdst/pass7/fyz1/p88/r08685c01
                            14 --> /castor/cern.ch/opal/csdst/pass7/fyz1/p88/r08687c01
                            15 --> /castor/cern.ch/opal/csdst/pass7/fyz1/p88/r08689c01
                            16 --> /castor/cern.ch/opal/csdst/pass7/fyz1/p88/r08691c01
                            17 --> /castor/cern.ch/opal/csdst/pass7/fyz1/p88/r08692c01
                            18 --> /castor/cern.ch/opal/csdst/pass7/fyz1/p88/r08694c01
                            19 --> /castor/cern.ch/opal/csdst/pass7/fyz1/p88/r08696c01
                            20 --> /castor/cern.ch/opal/csdst/pass7/fyz1/p88/r08698c01
                            21 --> /castor/cern.ch/opal/csdst/pass7/fyz1/p88/r08702c01
                            22 --> /castor/cern.ch/opal/csdst/pass7/fyz1/p88/r08704c01
                            23 --> /castor/cern.ch/opal/csdst/pass7/fyz1/p88/r08712c01
                            24 --> /castor/cern.ch/opal/csdst/pass7/fyz1/p88/r08717c01
                            25 --> /castor/cern.ch/opal/csdst/pass7/fyz1/p88/r08719c01
                            26 --> /castor/cern.ch/opal/csdst/pass7/fyz1/p88/r08721c01
                            27 --> /castor/cern.ch/opal/csdst/pass7/fyz1/p88/r08723c01
                            28 --> /castor/cern.ch/opal/csdst/pass7/fyz1/p88/r08725c01
                            29 --> /castor/cern.ch/opal/csdst/pass7/fyz1/p88/r08727c01
                            30 --> /castor/cern.ch/opal/csdst/pass7/fyz1/p88/r08734c01
                            31 --> /castor/cern.ch/opal/csdst/pass7/fyz1/p88/r08738c01
                            32 --> /castor/cern.ch/opal/csdst/pass7/fyz1/p88/r08740c01
                            33 --> /castor/cern.ch/opal/csdst/pass7/fyz1/p88/r08742c01
                            34 --> /castor/cern.ch/opal/csdst/pass7/fyz1/p88/r08744c01
                            35 --> /castor/cern.ch/opal/csdst/pass7/fyz1/p88/r08746c01
                            36 --> /castor/cern.ch/opal/csdst/pass7/fyz1/p88/r08748c01
                            37 --> /castor/cern.ch/opal/csdst/pass7/fyz1/p88/r08752c01
                            38 --> /castor/cern.ch/opal/csdst/pass7/fyz1/p88/r08755c01
                            39 --> /castor/cern.ch/opal/csdst/pass7/fyz1/p88/r08757c01
                            40 --> /castor/cern.ch/opal/csdst/pass7/fyz1/p88/r08761c01
                            41 --> /castor/cern.ch/opal/csdst/pass7/fyz1/p88/r08763c01
                            42 --> /castor/cern.ch/opal/csdst/pass7/fyz1/p88/r08765c01
                            43 --> /castor/cern.ch/opal/csdst/pass7/fyz1/p88/r08771c01
                            44 --> /castor/cern.ch/opal/csdst/pass7/fyz1/p88/r08773c01
                            45 --> /castor/cern.ch/opal/csdst/pass7/fyz1/p88/r08798c01
                            46 --> /castor/cern.ch/opal/csdst/pass7/fyz1/p88/r08800c01
                            47 --> /castor/cern.ch/opal/csdst/pass7/fyz1/p88/r08802c01
                            48 --> /castor/cern.ch/opal/csdst/pass7/fyz1/p88/r08804c01
                            49 --> /castor/cern.ch/opal/csdst/pass7/fyz1/p88/r08806c01
                            50 --> /castor/cern.ch/opal/csdst/pass7/fyz1/p88/r08810c01
                            51 --> /castor/cern.ch/opal/csdst/pass7/fyz1/p88/r08812c01
                            52 --> /castor/cern.ch/opal/csdst/pass7/fyz1/p88/r08816c01
                            53 --> /castor/cern.ch/opal/csdst/pass7/fyz1/p88/r08818c01
                            54 --> /castor/cern.ch/opal/csdst/pass7/fyz1/p88/r08820c01
                            55 --> /castor/cern.ch/opal/csdst/pass7/fyz1/p88/r08822c01
                            56 --> /castor/cern.ch/opal/csdst/pass7/fyz1/p88/r08824c01
 ***** DATA CARD CONTENT    *CATFILE 'CDST' 'IN  ' 31 8100 'LI  ' 7='CSDST/PASS7/FYZ1/P89'                  
 ***** DATA CARD CONTENT     C Calibration file definitions:                                                 
                             1 --> /castor/cern.ch/opal/csdst/pass7/fyz1/p89/r08834c01
                             2 --> /castor/cern.ch/opal/csdst/pass7/fyz1/p89/r08837c01
                             3 --> /castor/cern.ch/opal/csdst/pass7/fyz1/p89/r08840c01
                             4 --> /castor/cern.ch/opal/csdst/pass7/fyz1/p89/r08844c01
                             5 --> /castor/cern.ch/opal/csdst/pass7/fyz1/p89/r08846c01
                             6 --> /castor/cern.ch/opal/csdst/pass7/fyz1/p89/r08849c01
                             7 --> /castor/cern.ch/opal/csdst/pass7/fyz1/p89/r08857c01
                             8 --> /castor/cern.ch/opal/csdst/pass7/fyz1/p89/r08862c01
                             9 --> /castor/cern.ch/opal/csdst/pass7/fyz1/p89/r08867c01
                            10 --> /castor/cern.ch/opal/csdst/pass7/fyz1/p89/r08877c01
                            11 --> /castor/cern.ch/opal/csdst/pass7/fyz1/p89/r08881c01
                            12 --> /castor/cern.ch/opal/csdst/pass7/fyz1/p89/r08883c01
                            13 --> /castor/cern.ch/opal/csdst/pass7/fyz1/p89/r08885c01
                            14 --> /castor/cern.ch/opal/csdst/pass7/fyz1/p89/r08887c01
                            15 --> /castor/cern.ch/opal/csdst/pass7/fyz1/p89/r08889c01
 ***** DATA CARD CONTENT    *FILE 'CAL ' 'IN  ' 90 0 '    ' 'EX13'                                          
 ***** DATA CARD CONTENT      '/afs/cern.ch/opal/opcal/db/opalcal.rzexp13'                                   
 ***** DATA CARD CONTENT    *FILE 'CAL ' 'IN  ' 89 0 '    ' 'EX12'                                          
 ***** DATA CARD CONTENT      '/afs/cern.ch/opal/opcal/db/opalcal.rzexp12'                                   
 ***** DATA CARD CONTENT    *FILE 'CAL ' 'IN  ' 88 0 '    ' 'EX11'                                          
 ***** DATA CARD CONTENT      '/afs/cern.ch/opal/opcal/db/opalcal.rzexp11'                                   
 ***** DATA CARD CONTENT    *FILE 'CAL ' 'IN  ' 87 0 '    ' 'EX10'                                          
 ***** DATA CARD CONTENT      '/afs/cern.ch/opal/opcal/db/opalcal.rzexp10'                                   
 ***** DATA CARD CONTENT    *FILE 'CAL ' 'IN  ' 86 0 '    ' 'EX09'                                          
 ***** DATA CARD CONTENT      '/afs/cern.ch/opal/opcal/db/opalcal.rzexp9'                                    
 ***** DATA CARD CONTENT    *FILE 'CAL ' 'IN  ' 85 0 '    ' 'EX08'                                          
 ***** DATA CARD CONTENT      '/afs/cern.ch/opal/opcal/db/opalcal.rzexp8'                                    
 ***** DATA CARD CONTENT    *FILE 'CAL ' 'IN  ' 84 0 '    ' 'EX07'                                          
 ***** DATA CARD CONTENT      '/afs/cern.ch/opal/opcal/db/opalcal.rzexp7'                                    
 ***** DATA CARD CONTENT    *FILE 'CAL ' 'IN  ' 83 0 '    ' 'EX06'                                          
 ***** DATA CARD CONTENT      '/afs/cern.ch/opal/opcal/db/opalcal.rzexp6'                                    
 ***** DATA CARD CONTENT    *FILE 'CAL ' 'IN  ' 82 0 '    ' 'EX05'                                          
 ***** DATA CARD CONTENT      '/afs/cern.ch/opal/opcal/db/opalcal.rzexp5'                                    
 ***** DATA CARD CONTENT    *FILE 'CAL ' 'IN  ' 81 0 '    ' 'EX04'                                          
 ***** DATA CARD CONTENT      '/afs/cern.ch/opal/opcal/db/opalcal.rzexp4'                                    
 ***** DATA CARD CONTENT    *FILE 'CAL ' 'IN  ' 80 0 '    ' 'EX03'                                          
 ***** DATA CARD CONTENT      '/afs/cern.ch/opal/opcal/db/opalcal.rzexp3'                                    
 ***** DATA CARD CONTENT     C Other file definitions:                                                       
 ***** DATA CARD CONTENT    *FILE 'HIST' 'OUT ' 44 7='./lu183.histo'                                        
 ***** DATA CARD CONTENT     C QL private cards:                                                             
 ***** DATA CARD CONTENT     QLELOW 129000 135000 160000 170000 180000 188000                                
 ***** DATA CARD CONTENT     QLEHIG 131000 137000 162000 173000 184500 190000                                
 ***** DATA CARD CONTENT     C Rope cards:                                                                   
 ***** DATA CARD CONTENT     NOEBUPDT 1                                                                      
 ***** DATA CARD CONTENT     TRIGGER   1  999999999                                                          
 ***** DATA CARD CONTENT     TSAFE 20.                                                                       
 ***** DATA CARD CONTENT     C Last card:                                                                    
 ***** DATA CARD CONTENT     STOP                                                                            
 RIOSET-   1- I      Set environment variable STAGE_HOST to opal001d
 RIOSET-   3- I      Set environment variable STAGE_POOL to opalstage
 ROCAPS-   2- I      Prestaging   36 castor files
 ROOFLX: Processing file /castor/cern.ch/opal/csdst/pass7/fyz1/p84/r08122c01 on unit 31 as OLD
 ROOFLX: Processing file /afs/cern.ch/opal/opcal/db/opalcal.rzexp13 on unit 90 as OLD
 ROOFLX: Processing file /afs/cern.ch/opal/opcal/db/opalcal.rzexp12 on unit 89 as OLD
 ROOFLX: Processing file /afs/cern.ch/opal/opcal/db/opalcal.rzexp11 on unit 88 as OLD
 ROOFLX: Processing file /afs/cern.ch/opal/opcal/db/opalcal.rzexp10 on unit 87 as OLD
 ROOFLX: Processing file /afs/cern.ch/opal/opcal/db/opalcal.rzexp9 on unit 86 as OLD
 ROOFLX: Processing file /afs/cern.ch/opal/opcal/db/opalcal.rzexp8 on unit 85 as OLD
 ROOFLX: Processing file /afs/cern.ch/opal/opcal/db/opalcal.rzexp7 on unit 84 as OLD
 ROOFLX: Processing file /afs/cern.ch/opal/opcal/db/opalcal.rzexp6 on unit 83 as OLD
 ROOFLX: Processing file /afs/cern.ch/opal/opcal/db/opalcal.rzexp5 on unit 82 as OLD
 ROOFLX: Processing file /afs/cern.ch/opal/opcal/db/opalcal.rzexp4 on unit 81 as OLD
 ROOFLX: Processing file /afs/cern.ch/opal/opcal/db/opalcal.rzexp3 on unit 80 as OLD
 ROOFLX: Processing file /afs/cern.ch/opal/offline/db/sudb.rzdata on unit 55 as OLD
 ROOPEN-  15- I       SUDB database last updated 20010409 154700
 ROOPEN-  12- I      Trying to delete the histogram file: ./lu183.histo
 ROOPEN-  11- I      Opening the histogram file: ./lu183.histo
 FBSETR-   1- I      FB processor Vn 419.1  setup
 DCSETR-   8- I      Loading all dictionaries in/afs/cern.ch/opal/offline/db/dicts
 Looking for all dictionaries in directory /afs/cern.ch/opal/offline/db/dicts                                              
 Found 16 of them
 DCSETR-  10- I      DD package is NOT loaded. No DD unpack
 USSETR: energy bins in MeV:
 Bin  1:  129000 -  131000
 Bin  2:  135000 -  137000
 Bin  3:  160000 -  162000
 Bin  4:  170000 -  173000
 Bin  5:  180000 -  184500
 Bin  6:  188000 -  190000
 ROCRST-   1- I      SW-lumi selection will be done from header bit data

 ------------------------------------------------------------------------------
 -----                                                                    -----
 -----                          ROPE Event loop                           -----
 -----                          ---------------                           -----
 -----                                                                    -----
 -----  |->|- Read a new event: call USHEAD for user selection.           -----
 -----  |->|- (unpack the compressed data if necessary)                   -----
 -----  |  |                                                              -----
 -----  |  |- Call user routine USBAT with argument -2                    -----
 -----  |  |- Call user routine USBAT with argument IIFDAC                -----
 -----  |  |                                                              -----
 -----  |  |- Call OD processor                                           -----
 -----  |  |                                                              -----
 -----  |  |- Call user routine USBAT with argument IIFODC                -----
 -----  |  |                                                              -----
 -----  |  |- Call ODTOSI Phi only                                        -----
 -----  |  |                                                              -----
 -----  |  |- Call user routine USBAT with argument 0 (Zero)              -----
 -----  |  |                                                              -----
 -----  |  |                                                              -----
 -----  |<-|- Write event structure to output streams.                    -----
 -----                                                                    -----
 ------------------------------------------------------------------------------
 RGETDA-   7- W      Junk event on input, skip it
 RGETDA-   7- W      Junk event on input, skip it
 RGETDA-   7- W      Junk event on input, skip it
 RGETDA-   7- W      Junk event on input, skip it
 RGETDA-   7- W      Junk event on input, skip it
 RGETDA-   7- W      Junk event on input, skip it
 RGETDA-   7- W      Junk event on input, skip it
 RGETDA-   7- W      Junk event on input, skip it
 RGETDA-   7- W      Junk event on input, skip it
 REPORT-I- The following message was issued    10 times and will be suppressed :
 RGETDA-   7- W      Junk event on input, skip it
 TRCALR-   5- I      TRCT bank lifted by TRCALR
 ASHEAD-  11- W      Event is not TKMH
 ASHEAD-  21- W      CJ Status < 3
 ASHEAD-  31- W      Event failes detector status cuts
 ROLUSW-   1- I       SW luminosity last updated 15-Mar-2001 Analysis from DST?       F
 ROSWTC-   2- I       SW luminosity last updated 15-Mar-2001
 ROSWTC-   4- I       Lum. Tilt corr.1,run/sample:  8122   16 is:   1.00703001
 ROSWTC-   4- I       Lum. Tilt corr.2,run/sample:  8122   16 is:   1.00703001
 ROSWTC-   4- I       Lum. Tilt corr.3,run/sample:  8122   16 is:   1.00703001
 ROLUSW-   6- I       LSWITx,XSEC,ECMS,TLTFAC,INTFAC       F   36.882000  182.016708    1.007030    1.000000
 ROLUSW-   6- I       LSWITx,XSEC,ECMS,TLTFAC,INTFAC       F   36.484001  182.016708    1.007030    1.000000
 ROLUSW-   6- I       LSWITx,XSEC,ECMS,TLTFAC,INTFAC       F   36.484001  182.016708    1.007030    1.000000
 ROLUSW-   6- I       LSWITx,XSEC,ECMS,TLTFAC,INTFAC       F   36.882000  182.016708    1.007030    1.000000
 ROLUSW-   6- I       LSWITx,XSEC,ECMS,TLTFAC,INTFAC       F   36.484001  182.016708    1.007030    1.000000
 ROLUSW-   6- I       LSWITx,XSEC,ECMS,TLTFAC,INTFAC       F   36.484001  182.016708    1.007030    1.000000
 ROLUFD-   1- I       FD luminosity calculation last updated 02-Apr-98
 SULUIN-   1- I        3 Luminosity directories identified for Expt   9
 SULUDB-   1- I      Initialised
 SUPASS-   1- I      Data from expt 9 rope version 2508 is PASS 4
 SULURD-   1- W      Using LUFDX09P03       directory for pass   4 data
 ROLUFD-  92- W      Setting CORI = 1. for Ebeam =      91.01
 ROLUFD-             Lu/Event at   91.008 :-     0.310296
                         3.1200 +- 0.0470 nb , corrections for s, E, If are     1.033049    0.999881    1.000000
 QLROCR-  20- I      In energy bin
 ROLUSW-   6- I       LSWITx,XSEC,ECMS,TLTFAC,INTFAC       F   36.882000  182.016708    1.007030    1.000000
 ROLUSW-   6- I       LSWITx,XSEC,ECMS,TLTFAC,INTFAC       F   36.484001  182.016708    1.007030    1.000000
 ROLUSW-   6- I       LSWITx,XSEC,ECMS,TLTFAC,INTFAC       F   36.484001  182.016708    1.007030    1.000000
 REPORT-I- The following message was issued    10 times and will be suppressed :
 ROLUSW-   6- I       LSWITx,XSEC,ECMS,TLTFAC,INTFAC       F   36.882000  182.016708    1.007030    1.000000
 ASHEAD-  11- W      Event is not TKMH
 ASHEAD-  21- W      CJ Status < 3
 ASHEAD-  31- W      Event failes detector status cuts
 QLROCR-  20- I      In energy bin
 ASHEAD-  11- W      Event is not TKMH
 ASHEAD-  21- W      CJ Status < 3
 ASHEAD-  31- W      Event failes detector status cuts
 QLROCR-  20- I      In energy bin
 RGETDA-   3- I      Constants record found on input
 RGETCN-   1- I      Calibration constants read on data stream.
 DCREAD-   1- I      Automatically loading dictionary /afs/cern.ch/opal/offline/db/dicts/dc415.dict
 DCRDIC-   8- I      Reading first  dictionary (OD415 version  1)
 DCDEFI-   2- I      Redefining OD pointers for version 415
 ODDDAR-   2- I      Removing ECON from  CTRK block  data definition
 ODDDAR-   2- I      Removing ECO2 from  CTRK block  data definition
 REPORT-I- The following message was issued    10 times and will be suppressed :
 ODDDAR-   2- I      Removing FMOM from  CTRK block  data definition
 ODDDAI-   2- I      Removing NBEC from  CTRK block  data definition
 ODDDAI-   2- I      Removing NBEC from  CTRK block  data definition
 DCRDIC-  10- I      Dictionary loaded ok
 TRCALR-   5- I      TRCT bank lifted by TRCALR
 ASHEAD-  11- W      Event is not TKMH
 ASHEAD-  21- W      CJ Status < 3
 ASHEAD-  31- W      Event failes detector status cuts
 SUPASS-   1- I      Data from expt 9 rope version 2835 is PASS 4
 QLROCR-  20- I      In energy bin
 ASHEAD-  11- W      Event is not TKMH
 ASHEAD-  21- W      CJ Status < 3
 ASHEAD-  31- W      Event failes detector status cuts
 SUPASS-   1- I      Data from expt 9 rope version 2508 is PASS 4
 QLROCR-  20- I      In energy bin
 ASHEAD-  11- W      Event is not TKMH
 ASHEAD-  21- W      CJ Status < 3
 ASHEAD-  31- W      Event failes detector status cuts
 QLROCR-  20- I      In energy bin
 ASHEAD-  11- W      Event is not TKMH
 ASHEAD-  21- W      CJ Status < 3
 ASHEAD-  31- W      Event failes detector status cuts
 QLROCR-  20- I      In energy bin
 ASHEAD-  11- W      Event is not TKMH
 ASHEAD-  21- W      CJ Status < 3
 ASHEAD-  31- W      Event failes detector status cuts
 QLROCR-  20- I      In energy bin
 ASHEAD-  11- W      Event is not TKMH
 ASHEAD-  21- W      CJ Status < 3
 ASHEAD-  31- W      Event failes detector status cuts
 QLROCR-  20- I      In energy bin
 REPORT-I- The following message was issued    10 times and will be suppressed :
 ASHEAD-  11- W      Event is not TKMH
 REPORT-I- The following message was issued    10 times and will be suppressed :
 ASHEAD-  21- W      CJ Status < 3
 REPORT-I- The following message was issued    10 times and will be suppressed :
 ASHEAD-  31- W      Event failes detector status cuts
 SUPASS-   1- I      Data from expt 9 rope version 2835 is PASS 4
 REPORT-I- The following message was issued    10 times and will be suppressed :
 QLROCR-  20- I      In energy bin
 SUPASS-   1- I      Data from expt 9 rope version 2508 is PASS 4
 SUPASS-   1- I      Data from expt 9 rope version 2835 is PASS 4
 SUPASS-   1- I      Data from expt 9 rope version 2508 is PASS 4
 SUPASS-   1- I      Data from expt 9 rope version 2835 is PASS 4
 SUPASS-   1- I      Data from expt 9 rope version 2508 is PASS 4
 REPORT-I- The following message was issued    10 times and will be suppressed :
 SUPASS-   1- I      Data from expt 9 rope version 2835 is PASS 4
 ROLUFD-  92- W      Setting CORI = 1. for Ebeam =      91.01
 ROLUFD-  92- W      Setting CORI = 1. for Ebeam =      91.01
 ROLUFD-  92- W      Setting CORI = 1. for Ebeam =      91.01
 ASHEAD-  24- W      EB Status < 3
 ASHEAD-  25- W      EE Status < 3
 ROLUFD-  92- W      Setting CORI = 1. for Ebeam =      91.01
 ROLUFD-  92- W      Setting CORI = 1. for Ebeam =      90.97
 ROTRIG-   2- I      End-Of-Run record          on unit  31
 ROTRIG-   3- I      End-Of-File                on unit  31
 ROTRIG-   5- I      Attempt to read beyond EOD on unit  31
 USEOF -   1- I      Dummy version of USEOF  called
 ROOFLX: Processing file /castor/cern.ch/opal/csdst/pass7/fyz1/p84/r08126c01 on unit 31 as OLD
 RGETDA-   3- I      Constants record found on input
 RGETCN-   1- I      Calibration constants read on data stream.
 TRCALR-   5- I      TRCT bank lifted by TRCALR
 ROSWTC-   4- I       Lum. Tilt corr.1,run/sample:  8126   16 is:   1.00770473
 ROSWTC-   4- I       Lum. Tilt corr.2,run/sample:  8126   16 is:   1.00770473
 ROSWTC-   4- I       Lum. Tilt corr.3,run/sample:  8126   16 is:   1.00770473
 ROLUFD-  92- W      Setting CORI = 1. for Ebeam =      91.50
 ASHEAD-  24- W      EB Status < 3
 ASHEAD-  25- W      EE Status < 3
 ROTRIG-   2- I      End-Of-Run record          on unit  31
 ROTRIG-   3- I      End-Of-File                on unit  31
 ROTRIG-   5- I      Attempt to read beyond EOD on unit  31
 USEOF -   1- I      Dummy version of USEOF  called
 ROOFLX: Processing file /castor/cern.ch/opal/csdst/pass7/fyz1/p84/r08128c01 on unit 31 as OLD
 RGETDA-   3- I      Constants record found on input
 RGETCN-   1- I      Calibration constants read on data stream.
 TRCALR-   5- I      TRCT bank lifted by TRCALR
 ROSWTC-   4- I       Lum. Tilt corr.1,run/sample:  8128   16 is:   1.00770473
 ROSWTC-   4- I       Lum. Tilt corr.2,run/sample:  8128   16 is:   1.00770473
 ROSWTC-   4- I       Lum. Tilt corr.3,run/sample:  8128   16 is:   1.00770473
 ROLUFD-  92- W      Setting CORI = 1. for Ebeam =      91.50
 ROLUFD-  92- W      Setting CORI = 1. for Ebeam =      91.50
 ROTRIG-   2- I      End-Of-Run record          on unit  31
 ROTRIG-   3- I      End-Of-File                on unit  31
 ROTRIG-   5- I      Attempt to read beyond EOD on unit  31
 USEOF -   1- I      Dummy version of USEOF  called
 ROOFLX: Processing file /castor/cern.ch/opal/csdst/pass7/fyz1/p84/r08130c01 on unit 31 as OLD
 REPORT-I- The following message was issued    10 times and will be suppressed :
 ROSWTC-   4- I       Lum. Tilt corr.1,run/sample:  8130   16 is:   1.00703001
 REPORT-I- The following message was issued    10 times and will be suppressed :
 ROLUFD-  92- W      Setting CORI = 1. for Ebeam =      91.50
 RGETDA-   3- I      Constants record found on input
 RGETCN-   1- I      Calibration constants read on data stream.
 TRCALR-   5- I      TRCT bank lifted by TRCALR
 ROTRIG-   2- I      End-Of-Run record          on unit  31
 ROTRIG-   3- I      End-Of-File                on unit  31
 ROTRIG-   5- I      Attempt to read beyond EOD on unit  31
 USEOF -   1- I      Dummy version of USEOF  called
 ROOFLX: Processing file /castor/cern.ch/opal/csdst/pass7/fyz1/p84/r08133c01 on unit 31 as OLD
 RGETDA-   3- I      Constants record found on input
 RGETCN-   1- I      Calibration constants read on data stream.
 TRCALR-   5- I      TRCT bank lifted by TRCALR
 ASHEAD-  26- W      At least two of TT, TB, EM triggers not OK, reject
 ASHEAD-  26- W      At least two of TT, TB, EM triggers not OK, reject
 ASHEAD-  26- W      At least two of TT, TB, EM triggers not OK, reject
 ASHEAD-  26- W      At least two of TT, TB, EM triggers not OK, reject
 ASHEAD-  26- W      At least two of TT, TB, EM triggers not OK, reject
 ASHEAD-  26- W      At least two of TT, TB, EM triggers not OK, reject
 ASHEAD-  26- W      At least two of TT, TB, EM triggers not OK, reject
 ASHEAD-  26- W      At least two of TT, TB, EM triggers not OK, reject
 ASHEAD-  26- W      At least two of TT, TB, EM triggers not OK, reject
 RGETDA-   3- I      Constants record found on input
 RGETCN-   1- I      Calibration constants read on data stream.
 TRCALR-   5- I      TRCT bank lifted by TRCALR
 REPORT-I- The following message was issued    10 times and will be suppressed :
 ASHEAD-  26- W      At least two of TT, TB, EM triggers not OK, reject
 RGETDA-   3- I      Constants record found on input
 RGETCN-   1- I      Calibration constants read on data stream.
 TRCALR-   5- I      TRCT bank lifted by TRCALR
 RGETDA-   3- I      Constants record found on input
 RGETCN-   1- I      Calibration constants read on data stream.
 TRCALR-   5- I      TRCT bank lifted by TRCALR
 RGETDA-   3- I      Constants record found on input
 RGETCN-   1- I      Calibration constants read on data stream.
 REPORT-I- The following message was issued    10 times and will be suppressed :
 TRCALR-   5- I      TRCT bank lifted by TRCALR
 REPORT-I- The following message was issued    10 times and will be suppressed :
 RGETDA-   3- I      Constants record found on input
 REPORT-I- The following message was issued    10 times and will be suppressed :
 RGETCN-   1- I      Calibration constants read on data stream.
 ROTRIG-   2- I      End-Of-Run record          on unit  31
 ROTRIG-   3- I      End-Of-File                on unit  31
 ROTRIG-   5- I      Attempt to read beyond EOD on unit  31
 USEOF -   1- I      Dummy version of USEOF  called
 ROOFLX: Processing file /castor/cern.ch/opal/csdst/pass7/fyz1/p84/r08135c01 on unit 31 as OLD
 ROTRIG-   2- I      End-Of-Run record          on unit  31
 ROTRIG-   3- I      End-Of-File                on unit  31
 ROTRIG-   5- I      Attempt to read beyond EOD on unit  31
 USEOF -   1- I      Dummy version of USEOF  called
 ROOFLX: Processing file /castor/cern.ch/opal/csdst/pass7/fyz1/p84/r08138c01 on unit 31 as OLD
 ASHEAD-  25- W      EE Status < 3
 ASHEAD-  25- W      EE Status < 3
 ASHEAD-  25- W      EE Status < 3
 ASHEAD-  25- W      EE Status < 3
 ASHEAD-  25- W      EE Status < 3
 ASHEAD-  25- W      EE Status < 3
 ASHEAD-  25- W      EE Status < 3
 REPORT-I- The following message was issued    10 times and will be suppressed :
 ASHEAD-  25- W      EE Status < 3
 ROTRIG-   2- I      End-Of-Run record          on unit  31
 ROTRIG-   3- I      End-Of-File                on unit  31
 ROTRIG-   5- I      Attempt to read beyond EOD on unit  31
 USEOF -   1- I      Dummy version of USEOF  called
 ROOFLX: Processing file /castor/cern.ch/opal/csdst/pass7/fyz1/p84/r08141c01 on unit 31 as OLD
 ASHEAD-  24- W      EB Status < 3
 ROTRIG-   2- I      End-Of-Run record          on unit  31
 ROTRIG-   3- I      End-Of-File                on unit  31
 ROTRIG-   5- I      Attempt to read beyond EOD on unit  31
 USEOF -   1- I      Dummy version of USEOF  called
 ROOFLX: Processing file /castor/cern.ch/opal/csdst/pass7/fyz1/p84/r08143c01 on unit 31 as OLD
 ROTRIG-   2- I      End-Of-Run record          on unit  31
 ROTRIG-   3- I      End-Of-File                on unit  31
 ROTRIG-   5- I      Attempt to read beyond EOD on unit  31
 USEOF -   1- I      Dummy version of USEOF  called
 ROOFLX: Processing file /castor/cern.ch/opal/csdst/pass7/fyz1/p84/r08145c01 on unit 31 as OLD
 ASHEAD-  24- W      EB Status < 3
 REPORT-I- The following message was issued    10 times and will be suppressed :
 ROTRIG-   2- I      End-Of-Run record          on unit  31
 REPORT-I- The following message was issued    10 times and will be suppressed :
 ROTRIG-   3- I      End-Of-File                on unit  31
 REPORT-I- The following message was issued    10 times and will be suppressed :
 ROTRIG-   5- I      Attempt to read beyond EOD on unit  31
 REPORT-I- The following message was issued    10 times and will be suppressed :
 USEOF -   1- I      Dummy version of USEOF  called
 ROOFLX: Processing file /castor/cern.ch/opal/csdst/pass7/fyz1/p84/r08147c01 on unit 31 as OLD
 ROOFLX: Processing file /castor/cern.ch/opal/csdst/pass7/fyz1/p84/r08149c01 on unit 31 as OLD
 ROOFLX: Processing file /castor/cern.ch/opal/csdst/pass7/fyz1/p84/r08159c01 on unit 31 as OLD
 ROOFLX: Processing file /castor/cern.ch/opal/csdst/pass7/fyz1/p84/r08164c01 on unit 31 as OLD
 ASHEAD-  24- W      EB Status < 3
 ASHEAD-  24- W      EB Status < 3
 ASHEAD-  24- W      EB Status < 3
 ASHEAD-  24- W      EB Status < 3
 ASHEAD-  24- W      EB Status < 3
 REPORT-I- The following message was issued    10 times and will be suppressed :
 ASHEAD-  24- W      EB Status < 3
 ROOFLX: Processing file /castor/cern.ch/opal/csdst/pass7/fyz1/p84/r08168c01 on unit 31 as OLD
 ROOFLX: Processing file /castor/cern.ch/opal/csdst/pass7/fyz1/p84/r08186c01 on unit 31 as OLD
 ROOFLX: Processing file /castor/cern.ch/opal/csdst/pass7/fyz1/p84/r08188c01 on unit 31 as OLD
 ROOFLX: Processing file /castor/cern.ch/opal/csdst/pass7/fyz1/p84/r08194c01 on unit 31 as OLD
 ROOFLX: Processing file /castor/cern.ch/opal/csdst/pass7/fyz1/p84/r08196c01 on unit 31 as OLD
 ROOFLX: Processing file /castor/cern.ch/opal/csdst/pass7/fyz1/p84/r08197c01 on unit 31 as OLD
 ROOFLX: Processing file /castor/cern.ch/opal/csdst/pass7/fyz1/p84/r08199c01 on unit 31 as OLD
 ROOFLX: Processing file /castor/cern.ch/opal/csdst/pass7/fyz1/p84/r08202c01 on unit 31 as OLD
 ROOFLX: Processing file /castor/cern.ch/opal/csdst/pass7/fyz1/p84/r08204c01 on unit 31 as OLD
 ROOFLX: Processing file /castor/cern.ch/opal/csdst/pass7/fyz1/p84/r08208c01 on unit 31 as OLD
 ROOFLX: Processing file /castor/cern.ch/opal/csdst/pass7/fyz1/p84/r08211c01 on unit 31 as OLD
 ROOFLX: Processing file /castor/cern.ch/opal/csdst/pass7/fyz1/p84/r08212c01 on unit 31 as OLD
 ROOFLX: Processing file /castor/cern.ch/opal/csdst/pass7/fyz1/p84/r08217c01 on unit 31 as OLD
 ROOFLX: Processing file /castor/cern.ch/opal/csdst/pass7/fyz1/p84/r08221c01 on unit 31 as OLD
 ROOFLX: Processing file /castor/cern.ch/opal/csdst/pass7/fyz1/p84/r08223c01 on unit 31 as OLD
 ROOFLX: Processing file /castor/cern.ch/opal/csdst/pass7/fyz1/p85/r08249c01 on unit 31 as OLD
 ROOFLX: Processing file /castor/cern.ch/opal/csdst/pass7/fyz1/p85/r08250c01 on unit 31 as OLD
 ROOFLX: Processing file /castor/cern.ch/opal/csdst/pass7/fyz1/p85/r08254c01 on unit 31 as OLD
 ROOFLX: Processing file /castor/cern.ch/opal/csdst/pass7/fyz1/p85/r08256c01 on unit 31 as OLD
 ROOFLX: Processing file /castor/cern.ch/opal/csdst/pass7/fyz1/p85/r08259c01 on unit 31 as OLD
 ROOFLX: Processing file /castor/cern.ch/opal/csdst/pass7/fyz1/p85/r08260c01 on unit 31 as OLD
 ROOFLX: Processing file /castor/cern.ch/opal/csdst/pass7/fyz1/p85/r08264c01 on unit 31 as OLD
 ROCAPS-   2- I      Prestaging   36 castor files
 ROOFLX: Processing file /castor/cern.ch/opal/csdst/pass7/fyz1/p85/r08268c01 on unit 31 as OLD
 ROOFLX: Processing file /castor/cern.ch/opal/csdst/pass7/fyz1/p85/r08272c01 on unit 31 as OLD
 ROOFLX: Processing file /castor/cern.ch/opal/csdst/pass7/fyz1/p85/r08274c01 on unit 31 as OLD
 ROOFLX: Processing file /castor/cern.ch/opal/csdst/pass7/fyz1/p85/r08276c01 on unit 31 as OLD
 ROOFLX: Processing file /castor/cern.ch/opal/csdst/pass7/fyz1/p85/r08278c01 on unit 31 as OLD
 ROOFLX: Processing file /castor/cern.ch/opal/csdst/pass7/fyz1/p85/r08280c01 on unit 31 as OLD
 ROOFLX: Processing file /castor/cern.ch/opal/csdst/pass7/fyz1/p85/r08282c01 on unit 31 as OLD
 ROOFLX: Processing file /castor/cern.ch/opal/csdst/pass7/fyz1/p85/r08284c01 on unit 31 as OLD
 ROOFLX: Processing file /castor/cern.ch/opal/csdst/pass7/fyz1/p85/r08286c01 on unit 31 as OLD
 ROOFLX: Processing file /castor/cern.ch/opal/csdst/pass7/fyz1/p85/r08288c01 on unit 31 as OLD
 ROOFLX: Processing file /castor/cern.ch/opal/csdst/pass7/fyz1/p85/r08290c01 on unit 31 as OLD
 ROOFLX: Processing file /castor/cern.ch/opal/csdst/pass7/fyz1/p85/r08292c01 on unit 31 as OLD
 ROOFLX: Processing file /castor/cern.ch/opal/csdst/pass7/fyz1/p85/r08294c01 on unit 31 as OLD
 ROOFLX: Processing file /castor/cern.ch/opal/csdst/pass7/fyz1/p85/r08296c01 on unit 31 as OLD
 ROOFLX: Processing file /castor/cern.ch/opal/csdst/pass7/fyz1/p85/r08298c01 on unit 31 as OLD
 ROOFLX: Processing file /castor/cern.ch/opal/csdst/pass7/fyz1/p85/r08300c01 on unit 31 as OLD
 ROOFLX: Processing file /castor/cern.ch/opal/csdst/pass7/fyz1/p85/r08302c01 on unit 31 as OLD
 ROOFLX: Processing file /castor/cern.ch/opal/csdst/pass7/fyz1/p85/r08304c01 on unit 31 as OLD
 ROOFLX: Processing file /castor/cern.ch/opal/csdst/pass7/fyz1/p85/r08306c01 on unit 31 as OLD
 ROOFLX: Processing file /castor/cern.ch/opal/csdst/pass7/fyz1/p85/r08318c01 on unit 31 as OLD
 ROOFLX: Processing file /castor/cern.ch/opal/csdst/pass7/fyz1/p85/r08320c01 on unit 31 as OLD
 ROOFLX: Processing file /castor/cern.ch/opal/csdst/pass7/fyz1/p85/r08322c01 on unit 31 as OLD
 ROOFLX: Processing file /castor/cern.ch/opal/csdst/pass7/fyz1/p85/r08324c01 on unit 31 as OLD
 ROOFLX: Processing file /castor/cern.ch/opal/csdst/pass7/fyz1/p85/r08326c01 on unit 31 as OLD
 ROOFLX: Processing file /castor/cern.ch/opal/csdst/pass7/fyz1/p85/r08328c01 on unit 31 as OLD
 ROOFLX: Processing file /castor/cern.ch/opal/csdst/pass7/fyz1/p86/r08386c01 on unit 31 as OLD
 ROOFLX: Processing file /castor/cern.ch/opal/csdst/pass7/fyz1/p86/r08387c01 on unit 31 as OLD
 ROOFLX: Processing file /castor/cern.ch/opal/csdst/pass7/fyz1/p86/r08389c01 on unit 31 as OLD
 ROOFLX: Processing file /castor/cern.ch/opal/csdst/pass7/fyz1/p86/r08391c01 on unit 31 as OLD
 ROOFLX: Processing file /castor/cern.ch/opal/csdst/pass7/fyz1/p86/r08393c01 on unit 31 as OLD
 ROOFLX: Processing file /castor/cern.ch/opal/csdst/pass7/fyz1/p86/r08396c01 on unit 31 as OLD
 ROOFLX: Processing file /castor/cern.ch/opal/csdst/pass7/fyz1/p86/r08398c01 on unit 31 as OLD
 ROOFLX: Processing file /castor/cern.ch/opal/csdst/pass7/fyz1/p86/r08400c01 on unit 31 as OLD
 ROOFLX: Processing file /castor/cern.ch/opal/csdst/pass7/fyz1/p86/r08402c01 on unit 31 as OLD
 ROOFLX: Processing file /castor/cern.ch/opal/csdst/pass7/fyz1/p86/r08404c01 on unit 31 as OLD
 ROOFLX: Processing file /castor/cern.ch/opal/csdst/pass7/fyz1/p86/r08413c01 on unit 31 as OLD
 ROCAPS-   2- I      Prestaging   36 castor files
 ROOFLX: Processing file /castor/cern.ch/opal/csdst/pass7/fyz1/p86/r08417c01 on unit 31 as OLD
 ROOFLX: Processing file /castor/cern.ch/opal/csdst/pass7/fyz1/p86/r08418c01 on unit 31 as OLD
 ROOFLX: Processing file /castor/cern.ch/opal/csdst/pass7/fyz1/p86/r08420c01 on unit 31 as OLD
 ROOFLX: Processing file /castor/cern.ch/opal/csdst/pass7/fyz1/p86/r08422c01 on unit 31 as OLD
 ROOFLX: Processing file /castor/cern.ch/opal/csdst/pass7/fyz1/p86/r08424c01 on unit 31 as OLD
 ROOFLX: Processing file /castor/cern.ch/opal/csdst/pass7/fyz1/p86/r08426c01 on unit 31 as OLD
 ROOFLX: Processing file /castor/cern.ch/opal/csdst/pass7/fyz1/p86/r08428c01 on unit 31 as OLD
 ROOFLX: Processing file /castor/cern.ch/opal/csdst/pass7/fyz1/p86/r08430c01 on unit 31 as OLD
 ROOFLX: Processing file /castor/cern.ch/opal/csdst/pass7/fyz1/p86/r08435c01 on unit 31 as OLD
 ROOFLX: Processing file /castor/cern.ch/opal/csdst/pass7/fyz1/p86/r08437c01 on unit 31 as OLD
 ROOFLX: Processing file /castor/cern.ch/opal/csdst/pass7/fyz1/p86/r08440c01 on unit 31 as OLD
 ROOFLX: Processing file /castor/cern.ch/opal/csdst/pass7/fyz1/p86/r08442c01 on unit 31 as OLD
 ROOFLX: Processing file /castor/cern.ch/opal/csdst/pass7/fyz1/p86/r08444c01 on unit 31 as OLD
 ROOFLX: Processing file /castor/cern.ch/opal/csdst/pass7/fyz1/p86/r08446c01 on unit 31 as OLD
 ROOFLX: Processing file /castor/cern.ch/opal/csdst/pass7/fyz1/p86/r08448c01 on unit 31 as OLD
 ROOFLX: Processing file /castor/cern.ch/opal/csdst/pass7/fyz1/p86/r08450c01 on unit 31 as OLD
 ROOFLX: Processing file /castor/cern.ch/opal/csdst/pass7/fyz1/p86/r08453c01 on unit 31 as OLD
 ROOFLX: Processing file /castor/cern.ch/opal/csdst/pass7/fyz1/p86/r08455c01 on unit 31 as OLD
 ROOFLX: Processing file /castor/cern.ch/opal/csdst/pass7/fyz1/p86/r08457c01 on unit 31 as OLD
 ROOFLX: Processing file /castor/cern.ch/opal/csdst/pass7/fyz1/p86/r08464c01 on unit 31 as OLD
 ROOFLX: Processing file /castor/cern.ch/opal/csdst/pass7/fyz1/p86/r08466c01 on unit 31 as OLD
 ROOFLX: Processing file /castor/cern.ch/opal/csdst/pass7/fyz1/p86/r08468c01 on unit 31 as OLD
 ROOFLX: Processing file /castor/cern.ch/opal/csdst/pass7/fyz1/p86/r08470c01 on unit 31 as OLD
 ROOFLX: Processing file /castor/cern.ch/opal/csdst/pass7/fyz1/p86/r08473c01 on unit 31 as OLD
 ROOFLX: Processing file /castor/cern.ch/opal/csdst/pass7/fyz1/p86/r08475c01 on unit 31 as OLD
 ROOFLX: Processing file /castor/cern.ch/opal/csdst/pass7/fyz1/p86/r08477c01 on unit 31 as OLD
 ROOFLX: Processing file /castor/cern.ch/opal/csdst/pass7/fyz1/p86/r08479c01 on unit 31 as OLD
 ROOFLX: Processing file /castor/cern.ch/opal/csdst/pass7/fyz1/p86/r08481c01 on unit 31 as OLD
 ROOFLX: Processing file /castor/cern.ch/opal/csdst/pass7/fyz1/p86/r08504c01 on unit 31 as OLD
 ROOFLX: Processing file /castor/cern.ch/opal/csdst/pass7/fyz1/p86/r08506c01 on unit 31 as OLD
 ROOFLX: Processing file /castor/cern.ch/opal/csdst/pass7/fyz1/p86/r08515c01 on unit 31 as OLD
 ROOFLX: Processing file /castor/cern.ch/opal/csdst/pass7/fyz1/p86/r08517c01 on unit 31 as OLD
 ROOFLX: Processing file /castor/cern.ch/opal/csdst/pass7/fyz1/p86/r08519c01 on unit 31 as OLD
 ROOFLX: Processing file /castor/cern.ch/opal/csdst/pass7/fyz1/p86/r08521c01 on unit 31 as OLD
 ROOFLX: Processing file /castor/cern.ch/opal/csdst/pass7/fyz1/p86/r08523c01 on unit 31 as OLD
 ROOFLX: Processing file /castor/cern.ch/opal/csdst/pass7/fyz1/p86/r08539c01 on unit 31 as OLD
 ROCAPS-   2- I      Prestaging   36 castor files
 ROOFLX: Processing file /castor/cern.ch/opal/csdst/pass7/fyz1/p86/r08541c01 on unit 31 as OLD
 ROOFLX: Processing file /castor/cern.ch/opal/csdst/pass7/fyz1/p86/r08543c01 on unit 31 as OLD
 ROOFLX: Processing file /castor/cern.ch/opal/csdst/pass7/fyz1/p86/r08545c01 on unit 31 as OLD
 ROOFLX: Processing file /castor/cern.ch/opal/csdst/pass7/fyz1/p86/r08547c01 on unit 31 as OLD
 ROOFLX: Processing file /castor/cern.ch/opal/csdst/pass7/fyz1/p86/r08549c01 on unit 31 as OLD
 ROOFLX: Processing file /castor/cern.ch/opal/csdst/pass7/fyz1/p86/r08551c01 on unit 31 as OLD
 ROOFLX: Processing file /castor/cern.ch/opal/csdst/pass7/fyz1/p86/r08553c01 on unit 31 as OLD
 ROOFLX: Processing file /castor/cern.ch/opal/csdst/pass7/fyz1/p86/r08555c01 on unit 31 as OLD
 ROOFLX: Processing file /castor/cern.ch/opal/csdst/pass7/fyz1/p86/r08557c01 on unit 31 as OLD
 ROOFLX: Processing file /castor/cern.ch/opal/csdst/pass7/fyz1/p86/r08559c01 on unit 31 as OLD
 ROOFLX: Processing file /castor/cern.ch/opal/csdst/pass7/fyz1/p86/r08561c01 on unit 31 as OLD
 ROOFLX: Processing file /castor/cern.ch/opal/csdst/pass7/fyz1/p88/r08657c01 on unit 31 as OLD
 SULURD-   1- W      Using LUFDX09P03       directory for pass   4 data
 OCGET -   6- E      IENOBP: No valid base-record found
 SULUDB-  94- W      DEbeam =    47.78 for bestFD Luminosity
 QLROCR-  30- I      Not in energy bin
 SULURD-   1- W      Using LUFDX09P03       directory for pass   4 data
 OCGET -   6- E      IENOBP: No valid base-record found
 SULUDB-  94- W      DEbeam =    47.78 for bestFD Luminosity
 QLROCR-  30- I      Not in energy bin
 QLROCR-  30- I      Not in energy bin
 ROOFLX: Processing file /castor/cern.ch/opal/csdst/pass7/fyz1/p88/r08664c01 on unit 31 as OLD
 SULURD-   1- W      Using LUFDX09P03       directory for pass   4 data
 ROOFLX: Processing file /castor/cern.ch/opal/csdst/pass7/fyz1/p88/r08666c01 on unit 31 as OLD
 ROOFLX: Processing file /castor/cern.ch/opal/csdst/pass7/fyz1/p88/r08668c01 on unit 31 as OLD
 ROOFLX: Processing file /castor/cern.ch/opal/csdst/pass7/fyz1/p88/r08673c01 on unit 31 as OLD
 ROOFLX: Processing file /castor/cern.ch/opal/csdst/pass7/fyz1/p88/r08675c01 on unit 31 as OLD
 ROOFLX: Processing file /castor/cern.ch/opal/csdst/pass7/fyz1/p88/r08677c01 on unit 31 as OLD
 ROOFLX: Processing file /castor/cern.ch/opal/csdst/pass7/fyz1/p88/r08679c01 on unit 31 as OLD
 ROOFLX: Processing file /castor/cern.ch/opal/csdst/pass7/fyz1/p88/r08680c01 on unit 31 as OLD
 ROOFLX: Processing file /castor/cern.ch/opal/csdst/pass7/fyz1/p88/r08681c01 on unit 31 as OLD
 ROOFLX: Processing file /castor/cern.ch/opal/csdst/pass7/fyz1/p88/r08682c01 on unit 31 as OLD
 ROOFLX: Processing file /castor/cern.ch/opal/csdst/pass7/fyz1/p88/r08683c01 on unit 31 as OLD
 ROOFLX: Processing file /castor/cern.ch/opal/csdst/pass7/fyz1/p88/r08685c01 on unit 31 as OLD
 ROOFLX: Processing file /castor/cern.ch/opal/csdst/pass7/fyz1/p88/r08687c01 on unit 31 as OLD
 ROOFLX: Processing file /castor/cern.ch/opal/csdst/pass7/fyz1/p88/r08689c01 on unit 31 as OLD
 ROOFLX: Processing file /castor/cern.ch/opal/csdst/pass7/fyz1/p88/r08691c01 on unit 31 as OLD
 ROOFLX: Processing file /castor/cern.ch/opal/csdst/pass7/fyz1/p88/r08692c01 on unit 31 as OLD
 ROOFLX: Processing file /castor/cern.ch/opal/csdst/pass7/fyz1/p88/r08694c01 on unit 31 as OLD
 ROOFLX: Processing file /castor/cern.ch/opal/csdst/pass7/fyz1/p88/r08696c01 on unit 31 as OLD
 ROOFLX: Processing file /castor/cern.ch/opal/csdst/pass7/fyz1/p88/r08698c01 on unit 31 as OLD
 ROOFLX: Processing file /castor/cern.ch/opal/csdst/pass7/fyz1/p88/r08702c01 on unit 31 as OLD
 ROOFLX: Processing file /castor/cern.ch/opal/csdst/pass7/fyz1/p88/r08704c01 on unit 31 as OLD
 ROOFLX: Processing file /castor/cern.ch/opal/csdst/pass7/fyz1/p88/r08712c01 on unit 31 as OLD
 ROOFLX: Processing file /castor/cern.ch/opal/csdst/pass7/fyz1/p88/r08717c01 on unit 31 as OLD
 ROOFLX: Processing file /castor/cern.ch/opal/csdst/pass7/fyz1/p88/r08719c01 on unit 31 as OLD
 ROCAPS-   2- I      Prestaging   36 castor files
 ROOFLX: Processing file /castor/cern.ch/opal/csdst/pass7/fyz1/p88/r08721c01 on unit 31 as OLD
 ROOFLX: Processing file /castor/cern.ch/opal/csdst/pass7/fyz1/p88/r08723c01 on unit 31 as OLD
 ROOFLX: Processing file /castor/cern.ch/opal/csdst/pass7/fyz1/p88/r08725c01 on unit 31 as OLD
 ROOFLX: Processing file /castor/cern.ch/opal/csdst/pass7/fyz1/p88/r08727c01 on unit 31 as OLD
 ROOFLX: Processing file /castor/cern.ch/opal/csdst/pass7/fyz1/p88/r08734c01 on unit 31 as OLD
 ROOFLX: Processing file /castor/cern.ch/opal/csdst/pass7/fyz1/p88/r08738c01 on unit 31 as OLD
 ROOFLX: Processing file /castor/cern.ch/opal/csdst/pass7/fyz1/p88/r08740c01 on unit 31 as OLD
 ROOFLX: Processing file /castor/cern.ch/opal/csdst/pass7/fyz1/p88/r08742c01 on unit 31 as OLD
 ROOFLX: Processing file /castor/cern.ch/opal/csdst/pass7/fyz1/p88/r08744c01 on unit 31 as OLD
 ROOFLX: Processing file /castor/cern.ch/opal/csdst/pass7/fyz1/p88/r08746c01 on unit 31 as OLD
 ROOFLX: Processing file /castor/cern.ch/opal/csdst/pass7/fyz1/p88/r08748c01 on unit 31 as OLD
 ROOFLX: Processing file /castor/cern.ch/opal/csdst/pass7/fyz1/p88/r08752c01 on unit 31 as OLD
 ROOFLX: Processing file /castor/cern.ch/opal/csdst/pass7/fyz1/p88/r08755c01 on unit 31 as OLD
 ROOFLX: Processing file /castor/cern.ch/opal/csdst/pass7/fyz1/p88/r08757c01 on unit 31 as OLD
 ROOFLX: Processing file /castor/cern.ch/opal/csdst/pass7/fyz1/p88/r08761c01 on unit 31 as OLD
 ROOFLX: Processing file /castor/cern.ch/opal/csdst/pass7/fyz1/p88/r08763c01 on unit 31 as OLD
 ROOFLX: Processing file /castor/cern.ch/opal/csdst/pass7/fyz1/p88/r08765c01 on unit 31 as OLD
 ROOFLX: Processing file /castor/cern.ch/opal/csdst/pass7/fyz1/p88/r08771c01 on unit 31 as OLD
 ROOFLX: Processing file /castor/cern.ch/opal/csdst/pass7/fyz1/p88/r08773c01 on unit 31 as OLD
 ROOFLX: Processing file /castor/cern.ch/opal/csdst/pass7/fyz1/p88/r08798c01 on unit 31 as OLD
 ROOFLX: Processing file /castor/cern.ch/opal/csdst/pass7/fyz1/p88/r08800c01 on unit 31 as OLD
 ROOFLX: Processing file /castor/cern.ch/opal/csdst/pass7/fyz1/p88/r08802c01 on unit 31 as OLD
 ROOFLX: Processing file /castor/cern.ch/opal/csdst/pass7/fyz1/p88/r08804c01 on unit 31 as OLD
 ROOFLX: Processing file /castor/cern.ch/opal/csdst/pass7/fyz1/p88/r08806c01 on unit 31 as OLD
 ROOFLX: Processing file /castor/cern.ch/opal/csdst/pass7/fyz1/p88/r08810c01 on unit 31 as OLD
 ROOFLX: Processing file /castor/cern.ch/opal/csdst/pass7/fyz1/p88/r08812c01 on unit 31 as OLD
 ROOFLX: Processing file /castor/cern.ch/opal/csdst/pass7/fyz1/p88/r08816c01 on unit 31 as OLD
 ROOFLX: Processing file /castor/cern.ch/opal/csdst/pass7/fyz1/p88/r08818c01 on unit 31 as OLD
 ROOFLX: Processing file /castor/cern.ch/opal/csdst/pass7/fyz1/p88/r08820c01 on unit 31 as OLD
 ROOFLX: Processing file /castor/cern.ch/opal/csdst/pass7/fyz1/p88/r08822c01 on unit 31 as OLD
 ROOFLX: Processing file /castor/cern.ch/opal/csdst/pass7/fyz1/p88/r08824c01 on unit 31 as OLD
 ROOFLX: Processing file /castor/cern.ch/opal/csdst/pass7/fyz1/p89/r08834c01 on unit 31 as OLD
 ROOFLX: Processing file /castor/cern.ch/opal/csdst/pass7/fyz1/p89/r08837c01 on unit 31 as OLD
 ROOFLX: Processing file /castor/cern.ch/opal/csdst/pass7/fyz1/p89/r08840c01 on unit 31 as OLD
 ROOFLX: Processing file /castor/cern.ch/opal/csdst/pass7/fyz1/p89/r08844c01 on unit 31 as OLD
 ROOFLX: Processing file /castor/cern.ch/opal/csdst/pass7/fyz1/p89/r08846c01 on unit 31 as OLD
 ROCAPS-   2- I      Prestaging   10 castor files
 ROOFLX: Processing file /castor/cern.ch/opal/csdst/pass7/fyz1/p89/r08849c01 on unit 31 as OLD
 ROOFLX: Processing file /castor/cern.ch/opal/csdst/pass7/fyz1/p89/r08857c01 on unit 31 as OLD
 ROOFLX: Processing file /castor/cern.ch/opal/csdst/pass7/fyz1/p89/r08862c01 on unit 31 as OLD
 ROOFLX: Processing file /castor/cern.ch/opal/csdst/pass7/fyz1/p89/r08867c01 on unit 31 as OLD
 ROOFLX: Processing file /castor/cern.ch/opal/csdst/pass7/fyz1/p89/r08877c01 on unit 31 as OLD
 ROOFLX: Processing file /castor/cern.ch/opal/csdst/pass7/fyz1/p89/r08881c01 on unit 31 as OLD
 ROOFLX: Processing file /castor/cern.ch/opal/csdst/pass7/fyz1/p89/r08883c01 on unit 31 as OLD
 ROOFLX: Processing file /castor/cern.ch/opal/csdst/pass7/fyz1/p89/r08885c01 on unit 31 as OLD
 ROOFLX: Processing file /castor/cern.ch/opal/csdst/pass7/fyz1/p89/r08887c01 on unit 31 as OLD
 ROOFLX: Processing file /castor/cern.ch/opal/csdst/pass7/fyz1/p89/r08889c01 on unit 31 as OLD
 ROOPEN-   1- I      No more input files
 ROFIN -   1- I       Number of events processed  =       0
 CUFIN -   1- W      Dummy version of CUFIN called.
 FDLSTA-   9- I      Bhabha Statistics


          ******************************************************************************************
          *                                                *                   *                   *
          *                  CUBED                         *     Default       *     Actual        *
          *                   cut                          *      Value        *      Value        *
          *                                                *                   *                   *
          ******************************************************************************************
          *                                                *                   *                   *
          *                            Ebar / Ebeam        *         0.6667    *         0.6667    *
          *                                                *                   *                   *
          *                            Abs DPhi            *        20.0000    *        20.0000    *
          *                                                *                   *                   *
          *                            Phi (quad )         *        15.0000    *        15.0000    *
          *                                                *                   *                   *
          *                            Theta min           *         0.0550    *         0.0550    *
          *                                                *                   *                   *
          *                            Theta max           *         0.1150    *         0.1150    *
          *                                                *                   *                   *
          *                            Theta bar min       *         0.0650    *         0.0650    *
          *                                                *                   *                   *
          *                            Theta bar max       *         0.1050    *         0.1050    *
          *                                                *                   *                   *
          *                            Theta use Calo      *         0.0000    *         0.0000    *
          *                                                *                   *                   *
          *                            Dphi Tube-Calo      *         6.0000    *         6.0000    *
          *                                                *                   *                   *
          *                            Eclus / Ebeam       *         0.4500    *         0.4500    *
          *                                                *                   *                   *
          ******************************************************************************************
  
 USFIN: header lumi analysis
  
 USFIN: QLPRNT, total raw for this run:
 QLPRNT: all, SW ok, MHAD ok, SW ok && MHAD ok events:
  0.14388E+08  0.14139E+08  0.10488E+05  0.10329E+05
 Eff(SW ok)=  0.9827E+00 +/-  0.3438E-04
 Eff(SW ok && MHAD ok)=  0.9848E+00 +/-  0.1193E-02

 ******************************************************************************
                   ***** Summary of ROCROS, sum number  1 *****
 ******************************************************************************
 Total number of times ROCROS was called with .TRUE. argument is: 14388403
 FD or SW were good for  14387922 events
 ******************************************************************************
         Class           SW ok              SW ok  and FD ok   SW bad and FD ok
 ******************************************************************************
  Number of num. events      14139337           14088757             248585
 ******************************************************************************
  Number of SWITA evts         163996             163536                  0
  SWITA integrated lumi     57026.57125        56869.67177            0.00000
  Syst error on SWITA l     57026.57125        56869.67177            0.00000
  Stat error on SWITA l       147.21858          147.01810            0.00000
  SW lumi-w mean ebeam         91.33784           91.33754            0.00000
  Sy. er. SW l-w mea eb         0.00904            0.00904            0.00000
  St. er. SW l-w mea eb         0.00045            0.00045            0.00000
  SW lumi-w eb spread           0.17490            0.17389            0.00000
  St. er. SW l-w eb spr         0.00032            0.00032            0.00000
 ******************************************************************************
  Number of SW RL evts        162323.5           161879.0                0.0
  SW RL integrated lumi     57060.70687        56907.45747            0.00000
  Syst error on SW RL l       199.71248          199.17611            0.00000
  Stat error on SW RL l       148.06326          147.86642            0.00000
  SW lumi-w mean ebeam         91.33791           91.33759            0.00000
  Sy. er. SW l-w mea eb         0.00904            0.00904            0.00000
  St. er. SW l-w mea eb         0.00045            0.00045            0.00000
  SW lumi-w eb spread           0.17453            0.17352            0.00000
  St. er. SW l-w eb spr         0.00032            0.00032            0.00000
 ******************************************************************************
  Number of FD events               0             180686               2837
  FD integrated lumi            0.00000        56470.52901          886.96730
  Syst error on FD lumi         0.00000          850.67790           13.36137
  Stat error on FD lumi         0.00000          132.85034           16.65246
  FD lumi-w mean ebeam          0.00000           91.33765           91.35318
  Sy. er. FD l-w mea eb         0.00000            0.00904            0.00904
  St. er. FD l-w mea eb         0.00000            0.00041            0.00138
  FD lumi-w eb spread           0.00000            0.17289            0.07367
  St. er. FD l-w eb spr         0.00000            0.00029            0.00098
 ******************************************************************************

 USFIN: QLPRNT, events not in energy bins:
 QLPRNT: all, SW ok, MHAD ok, SW ok && MHAD ok events:
  0.30000E+01  0.00000E+00  0.00000E+00  0.00000E+00
 Eff(SW ok)=  0.0000E+00 +/-  0.0000E+00
 Eff(SW ok && MHAD ok)=  0.0000E+00 +/-  0.0000E+00

 ******************************************************************************
                   ***** Summary of ROCROS, sum number  2 *****
 ******************************************************************************
 Total number of times ROCROS was called with .TRUE. argument is:        3
 FD or SW were good for         1 events
 ******************************************************************************
         Class           SW ok              SW ok  and FD ok   SW bad and FD ok
 ******************************************************************************
  Number of num. events             0                  0                  1
 ******************************************************************************
  Number of SWITA evts              0                  0                  0
  SWITA integrated lumi         0.00000            0.00000            0.00000
  Syst error on SWITA l         0.00000            0.00000            0.00000
  Stat error on SWITA l         0.00000            0.00000            0.00000
  SW lumi-w mean ebeam          0.00000            0.00000            0.00000
  Sy. er. SW l-w mea eb         0.00000            0.00000            0.00000
  St. er. SW l-w mea eb         0.00000            0.00000            0.00000
  SW lumi-w eb spread           0.00000            0.00000            0.00000
  St. er. SW l-w eb spr         0.00000            0.00000            0.00000
 ******************************************************************************
  Number of SW RL evts             0.0                0.0                0.0
  SW RL integrated lumi         0.00000            0.00000            0.00000
  Syst error on SW RL l         0.00000            0.00000            0.00000
  Stat error on SW RL l         0.00000            0.00000            0.00000
  SW lumi-w mean ebeam          0.00000            0.00000            0.00000
  Sy. er. SW l-w mea eb         0.00000            0.00000            0.00000
  St. er. SW l-w mea eb         0.00000            0.00000            0.00000
  SW lumi-w eb spread           0.00000            0.00000            0.00000
  St. er. SW l-w eb spr         0.00000            0.00000            0.00000
 ******************************************************************************
  Number of FD events               0                  0                  0
  FD integrated lumi            0.00000            0.00000            0.00000
  Syst error on FD lumi         0.00000            0.00000            0.00000
  Stat error on FD lumi         0.00000            0.00000            0.00000
  FD lumi-w mean ebeam          0.00000            0.00000            0.00000
  Sy. er. FD l-w mea eb         0.00000            0.00000            0.00000
  St. er. FD l-w mea eb         0.00000            0.00000            0.00000
  FD lumi-w eb spread           0.00000            0.00000            0.00000
  St. er. FD l-w eb spr         0.00000            0.00000            0.00000
 ******************************************************************************

 USFIN: QLPRNT (raw), energy bin  1: 129000 -  131000
 USFIN: ROCROS sum  3 not filled
 USFIN: QLPRNT, energy bin  1: 129000 -  131000
 USFIN: ROCROS sum  4 not filled
 USFIN: QLPRNT (raw), energy bin  2: 135000 -  137000
 USFIN: ROCROS sum  5 not filled
 USFIN: QLPRNT, energy bin  2: 135000 -  137000
 USFIN: ROCROS sum  6 not filled
 USFIN: QLPRNT (raw), energy bin  3: 160000 -  162000
 USFIN: ROCROS sum  7 not filled
 USFIN: QLPRNT, energy bin  3: 160000 -  162000
 USFIN: ROCROS sum  8 not filled
 USFIN: QLPRNT (raw), energy bin  4: 170000 -  173000
 USFIN: ROCROS sum  9 not filled
 USFIN: QLPRNT, energy bin  4: 170000 -  173000
 USFIN: ROCROS sum  10 not filled
 USFIN: QLPRNT (raw), energy bin  5: 180000 -  184500
 QLPRNT: all, SW ok, MHAD ok, SW ok && MHAD ok events:
  0.14388E+08  0.14139E+08  0.10488E+05  0.10329E+05
 Eff(SW ok)=  0.9827E+00 +/-  0.3438E-04
 Eff(SW ok && MHAD ok)=  0.9848E+00 +/-  0.1193E-02

 ******************************************************************************
                   ***** Summary of ROCROS, sum number 11 *****
 ******************************************************************************
 Total number of times ROCROS was called with .TRUE. argument is: 14388400
 FD or SW were good for  14387921 events
 ******************************************************************************
         Class           SW ok              SW ok  and FD ok   SW bad and FD ok
 ******************************************************************************
  Number of num. events      14139337           14088757             248584
 ******************************************************************************
  Number of SWITA evts         163996             163536                  0
  SWITA integrated lumi     57026.57125        56869.67177            0.00000
  Syst error on SWITA l     57026.57125        56869.67177            0.00000
  Stat error on SWITA l       147.21858          147.01810            0.00000
  SW lumi-w mean ebeam         91.33784           91.33754            0.00000
  Sy. er. SW l-w mea eb         0.00904            0.00904            0.00000
  St. er. SW l-w mea eb         0.00045            0.00045            0.00000
  SW lumi-w eb spread           0.17490            0.17389            0.00000
  St. er. SW l-w eb spr         0.00032            0.00032            0.00000
 ******************************************************************************
  Number of SW RL evts        162323.5           161879.0                0.0
  SW RL integrated lumi     57060.70687        56907.45747            0.00000
  Syst error on SW RL l       199.71248          199.17611            0.00000
  Stat error on SW RL l       148.06326          147.86642            0.00000
  SW lumi-w mean ebeam         91.33791           91.33759            0.00000
  Sy. er. SW l-w mea eb         0.00904            0.00904            0.00000
  St. er. SW l-w mea eb         0.00045            0.00045            0.00000
  SW lumi-w eb spread           0.17453            0.17352            0.00000
  St. er. SW l-w eb spr         0.00032            0.00032            0.00000
 ******************************************************************************
  Number of FD events               0             180686               2837
  FD integrated lumi            0.00000        56470.52901          886.96730
  Syst error on FD lumi         0.00000          850.67790           13.36137
  Stat error on FD lumi         0.00000          132.85034           16.65246
  FD lumi-w mean ebeam          0.00000           91.33765           91.35318
  Sy. er. FD l-w mea eb         0.00000            0.00904            0.00904
  St. er. FD l-w mea eb         0.00000            0.00041            0.00138
  FD lumi-w eb spread           0.00000            0.17289            0.07367
  St. er. FD l-w eb spr         0.00000            0.00029            0.00098
 ******************************************************************************

 USFIN: QLPRNT, energy bin  5: 180000 -  184500
 QLPRNT: all, SW ok, MHAD ok, SW ok && MHAD ok events:
  0.14357E+08  0.14116E+08  0.10488E+05  0.10329E+05
 Eff(SW ok)=  0.9832E+00 +/-  0.3390E-04
 Eff(SW ok && MHAD ok)=  0.9848E+00 +/-  0.1193E-02

 ******************************************************************************
                   ***** Summary of ROCROS, sum number 12 *****
 ******************************************************************************
 Total number of times ROCROS was called with .TRUE. argument is: 14357016
 FD or SW were good for  14356774 events
 ******************************************************************************
         Class           SW ok              SW ok  and FD ok   SW bad and FD ok
 ******************************************************************************
  Number of num. events      14116050           14066629             240724
 ******************************************************************************
  Number of SWITA evts         163784             163341                  0
  SWITA integrated lumi     56952.30513        56799.94657            0.00000
  Syst error on SWITA l     56952.30513        56799.94657            0.00000
  Stat error on SWITA l       147.12195          146.92593            0.00000
  SW lumi-w mean ebeam         91.33783           91.33752            0.00000
  Sy. er. SW l-w mea eb         0.00904            0.00904            0.00000
  St. er. SW l-w mea eb         0.00045            0.00045            0.00000
  SW lumi-w eb spread           0.17490            0.17390            0.00000
  St. er. SW l-w eb spr         0.00032            0.00032            0.00000
 ******************************************************************************
  Number of SW RL evts        162107.5           161680.0                0.0
  SW RL integrated lumi     56984.64905        56835.88311            0.00000
  Syst error on SW RL l       199.44628          198.92560            0.00000
  Stat error on SW RL l       147.96419          147.77168            0.00000
  SW lumi-w mean ebeam         91.33789           91.33758            0.00000
  Sy. er. SW l-w mea eb         0.00904            0.00904            0.00000
  St. er. SW l-w mea eb         0.00045            0.00045            0.00000
  SW lumi-w eb spread           0.17453            0.17353            0.00000
  St. er. SW l-w eb spr         0.00032            0.00032            0.00000
 ******************************************************************************
  Number of FD events               0             180440               2836
  FD integrated lumi            0.00000        56393.61832          886.65470
  Syst error on FD lumi         0.00000          849.51930           13.35666
  Stat error on FD lumi         0.00000          132.75981           16.64953
  FD lumi-w mean ebeam          0.00000           91.33763           91.35318
  Sy. er. FD l-w mea eb         0.00000            0.00904            0.00904
  St. er. FD l-w mea eb         0.00000            0.00041            0.00138
  FD lumi-w eb spread           0.00000            0.17294            0.07369
  St. er. FD l-w eb spr         0.00000            0.00029            0.00098
 ******************************************************************************

 USFIN: QLPRNT (raw), energy bin  6: 188000 -  190000
 USFIN: ROCROS sum  13 not filled
 USFIN: QLPRNT, energy bin  6: 188000 -  190000
 USFIN: ROCROS sum  14 not filled
 ROPFIN-   1- I      Dummies called for  OD

 --------------------------- Report message summary ---------------------------

     Messages to REPORT qualified as ERRORs      :

      2 OCGET  E IENOBP: No valid base-record found

     Messages to REPORT qualified as WARNINGs    :

    808 ASHEAD W At least two of TT, TB, EM triggers not OK, reject
   9523 ASHEAD W EE Status < 3
  14797 ASHEAD W EB Status < 3
  31387 ASHEAD W Event faSTOP 0 statement executed
iles detector status cuts
   7559 ASHEAD W CJ Status < 3
 ****** ASHEAD W Event is not TKMH
      1 BTINIT W Dummy version of BTINIT  called
      1 CUFIN  W Dummy version of CUFIN called.
      1 CUINIT W Dummy version of CUINIT called.
 754434 RGETDA W Junk event on input, skip it
   3729 ROLUFD W Setting CORI = 1. for Ebeam =      91.01
      2 SULUDB W DEbeam =    47.78 for bestFD Luminosity
      4 SULURD W Using LUFDX09P03       directory for pass   4 data

     Messages to REPORT qualified as INFORMATIONs:

      2 DCDEFI I Redefining OD pointers for version 420
      1 DCRDIC I Dictionary loaded ok
      1 DCRDIC I Reading first  dictionary (OD415 version  1)
      1 DCREAD I Automatically loading dictionary /afs/cern.ch/opal/o
                 ffline/db/dicts/dc415.dict
      1 DCSETR I DD package is NOT loaded. No DD unpack
      1 DCSETR I Loading all dictionaries in/afs/cern.ch/opal/offline
                 /db/dicts
      1 FBINIT I FB processor Vn 415.4  initialised
      1 FBINIT I Pi = 3.141593 1./Sqrt(2.) = 0.707107
      1 FBKEY  I FFREAD cards initialised for FB Vn 423 / 1995
      1 FBSETR I FB processor Vn 419.1  setup
      1 FDLSTA I Bhabha Statistics
      1 FDLSTA I Initialised
      1 MTINIT I Dummy was called
      3 ODDDAI I Removing NBEC from  CTRK block  data definition
     21 ODDDAR I Removing ECON from  CTRK block  data definition
      1 ODFDIN I Initialised
      3 QLROCR I Not in energy bin
 ****** QLROCR I In energy bin
    829 RGETCN I Calibration constants read on data stream.
    829 RGETDA I Constants record found on input
      1 RIOSET I Set environment variable STAGE_POOL to opalstage
      1 RIOSET I Set environment variable STAGE_HOST to opal001d
      6 ROCAPS I Prestaging   36 castor files
      1 ROCRST I SW-lumi selection will be done from header bit data
      1 ROFIN  I  Number of events processed  =       0
      1 ROLUFD I  FD luminosity calculation last updated 02-Apr-98
 ****** ROLUSW I  LSWITx,XSEC,ECMS,TLTFAC,INTFAC       F   36.882000
                  182.016708    1.007030    1.000000
      1 ROLUSW I  SW luminosity last updated 15-Mar-2001 Analysis fro
                 m DST?       F
      1 ROOPEN I No more input files
      1 ROOPEN I Opening the histogram file: ./lu183.histo
      1 ROOPEN I Trying to delete the histogram file: ./lu183.histo
      1 ROOPEN I  SUDB database last updated 20010409 154700
      1 ROPFIN I Dummies called for  OD
      4 ROPINI I Dummies called for  GR ON TT FI SC CV JC CZ CT DX CX
                  SI
    567 ROSWTC I  Lum. Tilt corr.1,run/sample:  8122   16 is:   1.007
                 03001
      1 ROSWTC I  SW luminosity last updated 15-Mar-2001
    190 ROTRIG I Attempt to read beyond EOD on unit  31
    190 ROTRIG I End-Of-File                on unit  31
    190 ROTRIG I End-Of-Run record          on unit  31
      1 RSCATA I Read catalog on default unit 51
      1 SULUDB I Initialised
      1 SULUIN I   3 Luminosity directories identified for Expt   9
 ****** SUPASS I Data from expt 9 rope version 2508 is PASS 4
    830 TRCALR I TRCT bank lifted by TRCALR
    190 USEOF  I Dummy version of USEOF  called

     Messages to REPORT qualified as SUCCESSes   :

   6434 ASHEAD S Event is TKMH
 ****** ASHEAD S Event passes detector status cuts
      2 OCGET  S Forced retrieval attempt: //EX09/TROF/TRDF
      1 RCPREP S Switching top directory name to EX09.
      4 SULUDB S New Luminosity record found
      1 TRSETR S Pre-trigger definition will be taken from OPCAL
      1 TRSETR S Trigger definition will be taken from OPCAL

  Total of     ****** SUCCESSes
               ****** INFORMATIONs
               ****** WARNINGs
                    2 ERRORs
                    0 FATALs
                    0 CRASHes

 ------------------------------------------------------------------------------

Copy lu183.histo to /afs/cern.ch/user/s/skluth/w0/qcd/qcdntuple/lu183.histo
16384 bytes in 0 seconds through local (in) and local (out)
job finished: Mon Nov 4 21:08:51 CET 2002


CERN statistics: This job used 7:28:19 NCU hours (26899 NCU seconds)

